Using pre-set license
Built from '2021.3/staging' branch; Version is '2021.3.26f1 (a16dc32e0ff2) revision 10579395'; Using compiler version '192829333'; Build Type 'Release'
OS: 'Windows 11  (10.0.22621) 64bit Professional' Language: 'en' Physical Memory: 15557 MB
BatchMode: 1, IsHumanControllingUs: 0, StartBugReporterOnCrash: 0, Is64bit: 1, IsPro: 1

COMMAND LINE ARGUMENTS:
C:\Program Files\Unity\Unity 2021.3.26f1\Editor\Unity.exe
-adb2
-batchMode
-noUpm
-name
AssetImportWorker6
-projectPath
C:/Users/LENOVO/Documents/GitHub/Tech2023/Tecna/Tecna
-logFile
Logs/AssetImportWorker6.log
-srvPort
50257
Successfully changed project path to: C:/Users/LENOVO/Documents/GitHub/Tech2023/Tecna/Tecna
C:/Users/LENOVO/Documents/GitHub/Tech2023/Tecna/Tecna
[UnityMemory] Configuration Parameters - Can be set up in boot.config
    "memorysetup-bucket-allocator-granularity=16"
    "memorysetup-bucket-allocator-bucket-count=8"
    "memorysetup-bucket-allocator-block-size=33554432"
    "memorysetup-bucket-allocator-block-count=8"
    "memorysetup-main-allocator-block-size=16777216"
    "memorysetup-thread-allocator-block-size=16777216"
    "memorysetup-gfx-main-allocator-block-size=16777216"
    "memorysetup-gfx-thread-allocator-block-size=16777216"
    "memorysetup-cache-allocator-block-size=4194304"
    "memorysetup-typetree-allocator-block-size=2097152"
    "memorysetup-profiler-bucket-allocator-granularity=16"
    "memorysetup-profiler-bucket-allocator-bucket-count=8"
    "memorysetup-profiler-bucket-allocator-block-size=33554432"
    "memorysetup-profiler-bucket-allocator-block-count=8"
    "memorysetup-profiler-allocator-block-size=16777216"
    "memorysetup-profiler-editor-allocator-block-size=1048576"
    "memorysetup-temp-allocator-size-main=16777216"
    "memorysetup-job-temp-allocator-block-size=2097152"
    "memorysetup-job-temp-allocator-block-size-background=1048576"
    "memorysetup-job-temp-allocator-reduction-small-platforms=262144"
    "memorysetup-temp-allocator-size-background-worker=32768"
    "memorysetup-temp-allocator-size-job-worker=262144"
    "memorysetup-temp-allocator-size-preload-manager=33554432"
    "memorysetup-temp-allocator-size-nav-mesh-worker=65536"
    "memorysetup-temp-allocator-size-audio-worker=65536"
    "memorysetup-temp-allocator-size-cloud-worker=32768"
    "memorysetup-temp-allocator-size-gi-baking-worker=262144"
    "memorysetup-temp-allocator-size-gfx=262144"
Player connection [5240] Host "[IP] 192.168.1.105 [Port] 0 [Flags] 2 [Guid] 2743836304 [EditorId] 2743836304 [Version] 1048832 [Id] WindowsEditor(7,DESKTOP-HASEHP0) [Debug] 1 [PackageName] WindowsEditor [ProjectName] Editor" joined multi-casting on [225.0.0.222:54997]...

Player connection [5240] Host "[IP] 192.168.1.105 [Port] 0 [Flags] 2 [Guid] 2743836304 [EditorId] 2743836304 [Version] 1048832 [Id] WindowsEditor(7,DESKTOP-HASEHP0) [Debug] 1 [PackageName] WindowsEditor [ProjectName] Editor" joined alternative multi-casting on [225.0.0.222:34997]...

Refreshing native plugins compatible for Editor in 58.06 ms, found 3 plugins.
Preloading 0 native plugins for Editor in 0.00 ms.
Initialize engine version: 2021.3.26f1 (a16dc32e0ff2)
[Subsystems] Discovering subsystems at path C:/Program Files/Unity/Unity 2021.3.26f1/Editor/Data/Resources/UnitySubsystems
[Subsystems] Discovering subsystems at path C:/Users/LENOVO/Documents/GitHub/Tech2023/Tecna/Tecna/Assets
GfxDevice: creating device client; threaded=0; jobified=0
Direct3D:
    Version:  Direct3D 11.0 [level 11.1]
    Renderer: NVIDIA GeForce RTX 3060 Laptop GPU (ID=0x2560)
    Vendor:   NVIDIA
    VRAM:     6009 MB
    Driver:   31.0.15.2892
Initialize mono
Mono path[0] = 'C:/Program Files/Unity/Unity 2021.3.26f1/Editor/Data/Managed'
Mono path[1] = 'C:/Program Files/Unity/Unity 2021.3.26f1/Editor/Data/MonoBleedingEdge/lib/mono/unityjit-win32'
Mono config path = 'C:/Program Files/Unity/Unity 2021.3.26f1/Editor/Data/MonoBleedingEdge/etc'
Using monoOptions --debugger-agent=transport=dt_socket,embedding=1,server=y,suspend=n,address=127.0.0.1:56804
Begin MonoManager ReloadAssembly
Registering precompiled unity dll's ...
Register platform support module: C:/Program Files/Unity/Unity 2021.3.26f1/Editor/Data/PlaybackEngines/WindowsStandaloneSupport/UnityEditor.WindowsStandalone.Extensions.dll
Registered in 0.003224 seconds.
Native extension for WindowsStandalone target not found
Refreshing native plugins compatible for Editor in 54.23 ms, found 3 plugins.
Preloading 0 native plugins for Editor in 0.00 ms.
Mono: successfully reloaded assembly
- Completed reload, in  0.468 seconds
Domain Reload Profiling:
	ReloadAssembly (468ms)
		BeginReloadAssembly (62ms)
			ExecutionOrderSort (0ms)
			DisableScriptedObjects (0ms)
			BackupInstance (0ms)
			ReleaseScriptingObjects (0ms)
			CreateAndSetChildDomain (1ms)
		EndReloadAssembly (335ms)
			LoadAssemblies (60ms)
			RebuildTransferFunctionScriptingTraits (0ms)
			SetupTypeCache (72ms)
			ReleaseScriptCaches (0ms)
			RebuildScriptCaches (23ms)
			SetupLoadedEditorAssemblies (197ms)
				LogAssemblyErrors (0ms)
				InitializePlatformSupportModulesInManaged (5ms)
				SetLoadedEditorAssemblies (0ms)
				RefreshPlugins (54ms)
				BeforeProcessingInitializeOnLoad (1ms)
				ProcessInitializeOnLoadAttributes (98ms)
				ProcessInitializeOnLoadMethodAttributes (38ms)
				AfterProcessingInitializeOnLoad (0ms)
				EditorAssembliesLoaded (0ms)
			ExecutionOrderSort2 (0ms)
			AwakeInstancesAfterBackupRestoration (0ms)
Platform modules already initialized, skipping
Registering precompiled user dll's ...
Registered in 0.004017 seconds.
Begin MonoManager ReloadAssembly
Symbol file LoadedFromMemory doesn't match image C:\Users\LENOVO\Documents\GitHub\Tech2023\Tecna\Tecna\Library\PackageCache\com.unity.visualscripting@1.8.0\Editor\VisualScripting.Core\Dependencies\YamlDotNet\Unity.VisualScripting.YamlDotNet.dll
Symbol file LoadedFromMemory doesn't match image C:\Users\LENOVO\Documents\GitHub\Tech2023\Tecna\Tecna\Library\PackageCache\com.unity.visualscripting@1.8.0\Editor\VisualScripting.Core\Dependencies\DotNetZip\Unity.VisualScripting.IonicZip.dll
Native extension for WindowsStandalone target not found
Refreshing native plugins compatible for Editor in 0.56 ms, found 3 plugins.
Preloading 0 native plugins for Editor in 0.00 ms.
Package Manager log level set to [2]
Mono: successfully reloaded assembly
- Completed reload, in  0.974 seconds
Domain Reload Profiling:
	ReloadAssembly (975ms)
		BeginReloadAssembly (91ms)
			ExecutionOrderSort (0ms)
			DisableScriptedObjects (5ms)
			BackupInstance (0ms)
			ReleaseScriptingObjects (0ms)
			CreateAndSetChildDomain (18ms)
		EndReloadAssembly (796ms)
			LoadAssemblies (75ms)
			RebuildTransferFunctionScriptingTraits (0ms)
			SetupTypeCache (338ms)
			ReleaseScriptCaches (0ms)
			RebuildScriptCaches (44ms)
			SetupLoadedEditorAssemblies (294ms)
				LogAssemblyErrors (0ms)
				InitializePlatformSupportModulesInManaged (4ms)
				SetLoadedEditorAssemblies (0ms)
				RefreshPlugins (1ms)
				BeforeProcessingInitializeOnLoad (66ms)
				ProcessInitializeOnLoadAttributes (201ms)
				ProcessInitializeOnLoadMethodAttributes (17ms)
				AfterProcessingInitializeOnLoad (5ms)
				EditorAssembliesLoaded (0ms)
			ExecutionOrderSort2 (0ms)
			AwakeInstancesAfterBackupRestoration (8ms)
Platform modules already initialized, skipping
========================================================================
Worker process is ready to serve import requests
Launched and connected shader compiler UnityShaderCompiler.exe after 0.07 seconds
Refreshing native plugins compatible for Editor in 0.56 ms, found 3 plugins.
Preloading 0 native plugins for Editor in 0.00 ms.
Unloading 3145 Unused Serialized files (Serialized files now loaded: 0)
Unloading 23 unused Assets / (56.5 KB). Loaded Objects now: 3609.
Memory consumption went from 110.5 MB to 110.5 MB.
Total: 3.654500 ms (FindLiveObjects: 0.284700 ms CreateObjectMapping: 0.210100 ms MarkObjects: 3.070200 ms  DeleteObjects: 0.088500 ms)

AssetImportParameters requested are different than current active one (requested -> active):
  custom:video-decoder-ogg-theora: a1e56fd34408186e4bbccfd4996cb3dc -> 
  custom:container-muxer-webm: aa71ff27fc2769a1b78a27578f13a17b -> 
  custom:container-demuxer-webm: 4f35f7cbe854078d1ac9338744f61a02 -> 
  custom:video-encoder-webm-vp8: eb34c28f22e8b96e1ab97ce403110664 -> 
  custom:video-codec-MediaFoundation-h265: 746d11721c4dcdbdad8f713fa42b33f4 -> 
  custom:audio-encoder-webm-vorbis: bf7c407c2cedff20999df2af8eb42d56 -> 
  custom:framework-win-MediaFoundation: 216162199b28c13a410421893ffa2e32 -> 
  custom:container-demuxer-ogg: 62fdf1f143b41e24485cea50d1cbac27 -> 
  custom:video-decoder-webm-vp8: 9c59270c3fd7afecdb556c50c9e8de78 -> 
  custom:audio-decoder-ogg-vorbis: bf7c407c2cedff20999df2af8eb42d56 -> 
========================================================================
Received Import Request.
  Time since last request: 15937.125247 seconds.
  path: Assets/XR/Samples/Google Cardboard XR Plugin for Unity/1.21.0/Hello Cardboard/3D_Objects/Frog.prefab
  artifactKey: Guid(f9e457a3fa2625c469fd6406882aac9e) Importer(815301076,1909f56bfc062723c751e8b465ee728b)
Start importing Assets/XR/Samples/Google Cardboard XR Plugin for Unity/1.21.0/Hello Cardboard/3D_Objects/Frog.prefab using Guid(f9e457a3fa2625c469fd6406882aac9e) Importer(815301076,1909f56bfc062723c751e8b465ee728b)  -> (artifact id: '51101b6ea983c6884b2c400aaede836e') in 0.142748 seconds 
========================================================================
Received Import Request.
  Time since last request: 3.687717 seconds.
  path: Assets/XR/Samples/Google Cardboard XR Plugin for Unity/1.21.0/Hello Cardboard/3D_Objects/Tray
  artifactKey: Guid(8b9ae8b9cb7c6b243b76ddc6badbd2bf) Importer(815301076,1909f56bfc062723c751e8b465ee728b)
Start importing Assets/XR/Samples/Google Cardboard XR Plugin for Unity/1.21.0/Hello Cardboard/3D_Objects/Tray using Guid(8b9ae8b9cb7c6b243b76ddc6badbd2bf) Importer(815301076,1909f56bfc062723c751e8b465ee728b)  -> (artifact id: 'd8bbd6719b24d55c4d54793b10cc609a') in 0.002639 seconds 
========================================================================
Received Import Request.
  Time since last request: 3.007832 seconds.
  path: Assets/XR/Samples/Google Cardboard XR Plugin for Unity/1.21.0/Hello Cardboard/3D_Objects/Tray/source
  artifactKey: Guid(8ea7d788b11802a4fa65f2b5ce78d9aa) Importer(815301076,1909f56bfc062723c751e8b465ee728b)
Start importing Assets/XR/Samples/Google Cardboard XR Plugin for Unity/1.21.0/Hello Cardboard/3D_Objects/Tray/source using Guid(8ea7d788b11802a4fa65f2b5ce78d9aa) Importer(815301076,1909f56bfc062723c751e8b465ee728b)  -> (artifact id: 'ab48c11b264365d1ad9eb35b3b764504') in 0.002818 seconds 
========================================================================
Received Import Request.
  Time since last request: 1.073826 seconds.
  path: Assets/XR/Samples/Google Cardboard XR Plugin for Unity/1.21.0/Hello Cardboard/3D_Objects/Tray/source/Baking tray--5iv9ITk-sD2.zip
  artifactKey: Guid(00de037e8a189094ba35137a155bfe13) Importer(815301076,1909f56bfc062723c751e8b465ee728b)
Start importing Assets/XR/Samples/Google Cardboard XR Plugin for Unity/1.21.0/Hello Cardboard/3D_Objects/Tray/source/Baking tray--5iv9ITk-sD2.zip using Guid(00de037e8a189094ba35137a155bfe13) Importer(815301076,1909f56bfc062723c751e8b465ee728b)  -> (artifact id: '12db12f2d437bcf275af130de0ea138e') in 0.017175 seconds 
========================================================================
Received Import Request.
  Time since last request: 56.737928 seconds.
  path: Assets/XR/Samples/Google Cardboard XR Plugin for Unity/1.21.0/Hello Cardboard/3D_Objects/Baking tray--5iv9ITk-sD2/bakingTray.obj
  artifactKey: Guid(d6da2714426a5904f9e221f67a12967f) Importer(815301076,1909f56bfc062723c751e8b465ee728b)
Start importing Assets/XR/Samples/Google Cardboard XR Plugin for Unity/1.21.0/Hello Cardboard/3D_Objects/Baking tray--5iv9ITk-sD2/bakingTray.obj using Guid(d6da2714426a5904f9e221f67a12967f) Importer(815301076,1909f56bfc062723c751e8b465ee728b)  -> (artifact id: '4c19bcfe1b29efbb7b075bcbd601d29e') in 0.058230 seconds 
========================================================================
Received Import Request.
  Time since last request: 299.240644 seconds.
  path: Assets/XR/Samples/Google Cardboard XR Plugin for Unity/1.21.0/Hello Cardboard/3D_Objects/Tray/bakingTray.mtl
  artifactKey: Guid(e4e4949dfa179e743b8bb2c1e9866b42) Importer(815301076,1909f56bfc062723c751e8b465ee728b)
Start importing Assets/XR/Samples/Google Cardboard XR Plugin for Unity/1.21.0/Hello Cardboard/3D_Objects/Tray/bakingTray.mtl using Guid(e4e4949dfa179e743b8bb2c1e9866b42) Importer(815301076,1909f56bfc062723c751e8b465ee728b)  -> (artifact id: '8f42493727a1aa59a0b2ac841beac9b7') in 0.006913 seconds 
========================================================================
Received Import Request.
  Time since last request: 0.706873 seconds.
  path: Assets/XR/Samples/Google Cardboard XR Plugin for Unity/1.21.0/Hello Cardboard/3D_Objects/Tray/Materials
  artifactKey: Guid(080a343c12ae0cc4d987d6665e157a2a) Importer(815301076,1909f56bfc062723c751e8b465ee728b)
Start importing Assets/XR/Samples/Google Cardboard XR Plugin for Unity/1.21.0/Hello Cardboard/3D_Objects/Tray/Materials using Guid(080a343c12ae0cc4d987d6665e157a2a) Importer(815301076,1909f56bfc062723c751e8b465ee728b)  -> (artifact id: 'ce2d94d918cf3680a249d25dbc733f34') in 0.011783 seconds 
========================================================================
Received Import Request.
  Time since last request: 0.068513 seconds.
  path: Assets/XR/Samples/Google Cardboard XR Plugin for Unity/1.21.0/Hello Cardboard/3D_Objects/Tray/Materials/thumbnail.mat
  artifactKey: Guid(c2f39415c32312a468b7b76509013145) Importer(815301076,1909f56bfc062723c751e8b465ee728b)
Start importing Assets/XR/Samples/Google Cardboard XR Plugin for Unity/1.21.0/Hello Cardboard/3D_Objects/Tray/Materials/thumbnail.mat using Guid(c2f39415c32312a468b7b76509013145) Importer(815301076,1909f56bfc062723c751e8b465ee728b)  -> (artifact id: '2307c31adcedd3b89bc5a9711a5f1dbb') in 0.020228 seconds 
========================================================================
Received Import Request.
  Time since last request: 60.985002 seconds.
  path: Assets/XR/Samples/Google Cardboard XR Plugin for Unity/1.21.0/Hello Cardboard/3D_Objects/Tray
  artifactKey: Guid(a96ea6e31f9dca94aa666d3fc71632e9) Importer(815301076,1909f56bfc062723c751e8b465ee728b)
Start importing Assets/XR/Samples/Google Cardboard XR Plugin for Unity/1.21.0/Hello Cardboard/3D_Objects/Tray using Guid(a96ea6e31f9dca94aa666d3fc71632e9) Importer(815301076,1909f56bfc062723c751e8b465ee728b)  -> (artifact id: '46369fb886c2f53356363d9f72836202') in 0.002458 seconds 
========================================================================
Received Import Request.
  Time since last request: 13.747882 seconds.
  path: Assets/XR/Samples/Google Cardboard XR Plugin for Unity/1.21.0/Hello Cardboard/3D_Objects/Tray/Tray.mat
  artifactKey: Guid(e8ce3726892a3764da30c9c213d04842) Importer(815301076,1909f56bfc062723c751e8b465ee728b)
Start importing Assets/XR/Samples/Google Cardboard XR Plugin for Unity/1.21.0/Hello Cardboard/3D_Objects/Tray/Tray.mat using Guid(e8ce3726892a3764da30c9c213d04842) Importer(815301076,1909f56bfc062723c751e8b465ee728b)  -> (artifact id: '8dea10ecdf9657e95089a1a700e2f2f5') in 0.020864 seconds 
========================================================================
Received Import Request.
  Time since last request: 18.318657 seconds.
  path: Assets/XR/Samples/Google Cardboard XR Plugin for Unity/1.21.0/Hello Cardboard/3D_Objects/Tray.prefab
  artifactKey: Guid(a279e4ec46d91b64f99eea7bf574cd9d) Importer(815301076,1909f56bfc062723c751e8b465ee728b)
Start importing Assets/XR/Samples/Google Cardboard XR Plugin for Unity/1.21.0/Hello Cardboard/3D_Objects/Tray.prefab using Guid(a279e4ec46d91b64f99eea7bf574cd9d) Importer(815301076,1909f56bfc062723c751e8b465ee728b)  -> (artifact id: '743288e848fd4ae2cd73a30a62964699') in 0.010437 seconds 
========================================================================
Received Import Request.
  Time since last request: 21.369116 seconds.
  path: Assets/XR/Samples/Google Cardboard XR Plugin for Unity/1.21.0/Hello Cardboard/3D_Objects/Tray.prefab
  artifactKey: Guid(a279e4ec46d91b64f99eea7bf574cd9d) Importer(815301076,1909f56bfc062723c751e8b465ee728b)
Start importing Assets/XR/Samples/Google Cardboard XR Plugin for Unity/1.21.0/Hello Cardboard/3D_Objects/Tray.prefab using Guid(a279e4ec46d91b64f99eea7bf574cd9d) Importer(815301076,1909f56bfc062723c751e8b465ee728b)  -> (artifact id: '5c1fe04cb6156a3a97bf70fb7bbf21ee') in 0.009962 seconds 
========================================================================
Received Import Request.
  Time since last request: 7.574140 seconds.
  path: Assets/XR/Samples/Google Cardboard XR Plugin for Unity/1.21.0/Hello Cardboard/3D_Objects/Funnel
  artifactKey: Guid(e4471145353e00f43ab16b780841c2a7) Importer(815301076,1909f56bfc062723c751e8b465ee728b)
Start importing Assets/XR/Samples/Google Cardboard XR Plugin for Unity/1.21.0/Hello Cardboard/3D_Objects/Funnel using Guid(e4471145353e00f43ab16b780841c2a7) Importer(815301076,1909f56bfc062723c751e8b465ee728b)  -> (artifact id: 'a0b4995723ecce16287108e5580e7688') in 0.003635 seconds 
========================================================================
Received Import Request.
  Time since last request: 1.145277 seconds.
  path: Assets/XR/Samples/Google Cardboard XR Plugin for Unity/1.21.0/Hello Cardboard/3D_Objects/Funnel/source
  artifactKey: Guid(d302238d7ad7c3f4d831bb529d29fb29) Importer(815301076,1909f56bfc062723c751e8b465ee728b)
Start importing Assets/XR/Samples/Google Cardboard XR Plugin for Unity/1.21.0/Hello Cardboard/3D_Objects/Funnel/source using Guid(d302238d7ad7c3f4d831bb529d29fb29) Importer(815301076,1909f56bfc062723c751e8b465ee728b)  -> (artifact id: 'f5ee129e75495abf3f94f6ca33d93732') in 0.002412 seconds 
========================================================================
Received Import Request.
  Time since last request: 0.076521 seconds.
  path: Assets/XR/Samples/Google Cardboard XR Plugin for Unity/1.21.0/Hello Cardboard/3D_Objects/Funnel/source/Funnel3.fbx
  artifactKey: Guid(9f500aff0e4753246acaba528b840ab2) Importer(815301076,1909f56bfc062723c751e8b465ee728b)
Start importing Assets/XR/Samples/Google Cardboard XR Plugin for Unity/1.21.0/Hello Cardboard/3D_Objects/Funnel/source/Funnel3.fbx using Guid(9f500aff0e4753246acaba528b840ab2) Importer(815301076,1909f56bfc062723c751e8b465ee728b)  -> (artifact id: 'eac1a4369ff7a0a0d096c126964230bb') in 0.213465 seconds 
========================================================================
Received Import Request.
  Time since last request: 66.147728 seconds.
  path: Assets/XR/Samples/Google Cardboard XR Plugin for Unity/1.21.0/Hello Cardboard/3D_Objects/Funnel.prefab
  artifactKey: Guid(6eb34600eebdc4c4fb1aa24a40fef95c) Importer(815301076,1909f56bfc062723c751e8b465ee728b)
Start importing Assets/XR/Samples/Google Cardboard XR Plugin for Unity/1.21.0/Hello Cardboard/3D_Objects/Funnel.prefab using Guid(6eb34600eebdc4c4fb1aa24a40fef95c) Importer(815301076,1909f56bfc062723c751e8b465ee728b)  -> (artifact id: 'b8503cd9c3c85e3fc5594c96efa39cf7') in 0.016568 seconds 
========================================================================
Received Import Request.
  Time since last request: 1.110514 seconds.
  path: Assets/XR/Samples/Google Cardboard XR Plugin for Unity/1.21.0/Hello Cardboard/3D_Objects/IronStand
  artifactKey: Guid(d0b94d311f24d4e4eac382016d486f40) Importer(815301076,1909f56bfc062723c751e8b465ee728b)
Start importing Assets/XR/Samples/Google Cardboard XR Plugin for Unity/1.21.0/Hello Cardboard/3D_Objects/IronStand using Guid(d0b94d311f24d4e4eac382016d486f40) Importer(815301076,1909f56bfc062723c751e8b465ee728b)  -> (artifact id: '533c0b990ba498ed9ab28bccda16f348') in 0.003337 seconds 
========================================================================
Received Import Request.
  Time since last request: 1.749201 seconds.
  path: Assets/XR/Samples/Google Cardboard XR Plugin for Unity/1.21.0/Hello Cardboard/3D_Objects/IronStand/source/An iron stand with base and clamp arrangement.fbx
  artifactKey: Guid(e13eedbb194609c409cb41857e0f4f6b) Importer(815301076,1909f56bfc062723c751e8b465ee728b)
Start importing Assets/XR/Samples/Google Cardboard XR Plugin for Unity/1.21.0/Hello Cardboard/3D_Objects/IronStand/source/An iron stand with base and clamp arrangement.fbx using Guid(e13eedbb194609c409cb41857e0f4f6b) Importer(815301076,1909f56bfc062723c751e8b465ee728b)  -> (artifact id: 'e3a1a041c8503b440162dd334851309e') in 0.117144 seconds 
========================================================================
Received Import Request.
  Time since last request: 131.522185 seconds.
  path: Assets/XR/Samples/Google Cardboard XR Plugin for Unity/1.21.0/Hello Cardboard/3D_Objects/IronStand.prefab
  artifactKey: Guid(6e260c57d8087994b90cb266a3abdff8) Importer(815301076,1909f56bfc062723c751e8b465ee728b)
Start importing Assets/XR/Samples/Google Cardboard XR Plugin for Unity/1.21.0/Hello Cardboard/3D_Objects/IronStand.prefab using Guid(6e260c57d8087994b90cb266a3abdff8) Importer(815301076,1909f56bfc062723c751e8b465ee728b)  -> (artifact id: '0c20ebfad2e1b73e7620b09bf1d35237') in 0.015002 seconds 
========================================================================
Received Import Request.
  Time since last request: 15.357780 seconds.
  path: Assets/XR/Samples/Google Cardboard XR Plugin for Unity/1.21.0/Hello Cardboard/3D_Objects/Plant
  artifactKey: Guid(c55a0a14e8d84d147af89504978b0e13) Importer(815301076,1909f56bfc062723c751e8b465ee728b)
Start importing Assets/XR/Samples/Google Cardboard XR Plugin for Unity/1.21.0/Hello Cardboard/3D_Objects/Plant using Guid(c55a0a14e8d84d147af89504978b0e13) Importer(815301076,1909f56bfc062723c751e8b465ee728b)  -> (artifact id: '387e366eb64170782e208a265d0d9a5d') in 0.003426 seconds 
========================================================================
Received Import Request.
  Time since last request: 1.560297 seconds.
  path: Assets/XR/Samples/Google Cardboard XR Plugin for Unity/1.21.0/Hello Cardboard/3D_Objects/Plant/source
  artifactKey: Guid(7fdd996f570812a489e150b44a28ab34) Importer(815301076,1909f56bfc062723c751e8b465ee728b)
Start importing Assets/XR/Samples/Google Cardboard XR Plugin for Unity/1.21.0/Hello Cardboard/3D_Objects/Plant/source using Guid(7fdd996f570812a489e150b44a28ab34) Importer(815301076,1909f56bfc062723c751e8b465ee728b)  -> (artifact id: 'b64da83f1fc19d8bb68a9a65572dcddf') in 0.002313 seconds 
========================================================================
Received Import Request.
  Time since last request: 0.102141 seconds.
  path: Assets/XR/Samples/Google Cardboard XR Plugin for Unity/1.21.0/Hello Cardboard/3D_Objects/Plant/source/Plant_Outdoors_01.fbx
  artifactKey: Guid(5bfbacd294758cf4d9968cfb124643dc) Importer(815301076,1909f56bfc062723c751e8b465ee728b)
Start importing Assets/XR/Samples/Google Cardboard XR Plugin for Unity/1.21.0/Hello Cardboard/3D_Objects/Plant/source/Plant_Outdoors_01.fbx using Guid(5bfbacd294758cf4d9968cfb124643dc) Importer(815301076,1909f56bfc062723c751e8b465ee728b)  -> (artifact id: 'c201a4c7abca3a27f914226b6f3fa708') in 0.019021 seconds 
========================================================================
Received Import Request.
  Time since last request: 8.119383 seconds.
  path: Assets/XR/Samples/Google Cardboard XR Plugin for Unity/1.21.0/Hello Cardboard/3D_Objects/Plant/textures
  artifactKey: Guid(13e76837ffb99ca4aa0003315457a425) Importer(815301076,1909f56bfc062723c751e8b465ee728b)
Start importing Assets/XR/Samples/Google Cardboard XR Plugin for Unity/1.21.0/Hello Cardboard/3D_Objects/Plant/textures using Guid(13e76837ffb99ca4aa0003315457a425) Importer(815301076,1909f56bfc062723c751e8b465ee728b)  -> (artifact id: '76f4749ddaf8d53d848dbc0fc8c7b930') in 0.002084 seconds 
========================================================================
Received Import Request.
  Time since last request: 0.073597 seconds.
  path: Assets/XR/Samples/Google Cardboard XR Plugin for Unity/1.21.0/Hello Cardboard/3D_Objects/Plant/textures/Base_Color.png
  artifactKey: Guid(dfac8843d65e2c744b002614c9b0e722) Importer(815301076,1909f56bfc062723c751e8b465ee728b)
Start importing Assets/XR/Samples/Google Cardboard XR Plugin for Unity/1.21.0/Hello Cardboard/3D_Objects/Plant/textures/Base_Color.png using Guid(dfac8843d65e2c744b002614c9b0e722) Importer(815301076,1909f56bfc062723c751e8b465ee728b)  -> (artifact id: 'b837683c67862bae3387621adbc2b09a') in 0.024586 seconds 
========================================================================
Received Import Request.
  Time since last request: 168.603253 seconds.
  path: Assets/XR/Samples/Google Cardboard XR Plugin for Unity/1.21.0/Hello Cardboard/3D_Objects/Stem.prefab
  artifactKey: Guid(11f0b9f6dc959ab4ab19cee020b51229) Importer(815301076,1909f56bfc062723c751e8b465ee728b)
Start importing Assets/XR/Samples/Google Cardboard XR Plugin for Unity/1.21.0/Hello Cardboard/3D_Objects/Stem.prefab using Guid(11f0b9f6dc959ab4ab19cee020b51229) Importer(815301076,1909f56bfc062723c751e8b465ee728b)  -> (artifact id: 'd4ff8304cd8562a5fecce73f4a00eb07') in 0.014705 seconds 
========================================================================
Received Import Request.
  Time since last request: 13.983632 seconds.
  path: Assets/XR/Samples/Google Cardboard XR Plugin for Unity/1.21.0/Hello Cardboard/3D_Objects/TestTube
  artifactKey: Guid(0c74d94443c487d48b728dffdd7c2b9a) Importer(815301076,1909f56bfc062723c751e8b465ee728b)
Start importing Assets/XR/Samples/Google Cardboard XR Plugin for Unity/1.21.0/Hello Cardboard/3D_Objects/TestTube using Guid(0c74d94443c487d48b728dffdd7c2b9a) Importer(815301076,1909f56bfc062723c751e8b465ee728b)  -> (artifact id: '4debfad8f295c7fdc425bd7b6ae7fb5b') in 0.003271 seconds 
========================================================================
Received Import Request.
  Time since last request: 1.351809 seconds.
  path: Assets/XR/Samples/Google Cardboard XR Plugin for Unity/1.21.0/Hello Cardboard/3D_Objects/TestTube/textures
  artifactKey: Guid(a51dac8afddc7a24997d98a004a47def) Importer(815301076,1909f56bfc062723c751e8b465ee728b)
Start importing Assets/XR/Samples/Google Cardboard XR Plugin for Unity/1.21.0/Hello Cardboard/3D_Objects/TestTube/textures using Guid(a51dac8afddc7a24997d98a004a47def) Importer(815301076,1909f56bfc062723c751e8b465ee728b)  -> (artifact id: 'dd1bb17ac8bb067f87437864b1ecdc8c') in 0.002215 seconds 
========================================================================
Received Import Request.
  Time since last request: 0.522781 seconds.
  path: Assets/XR/Samples/Google Cardboard XR Plugin for Unity/1.21.0/Hello Cardboard/3D_Objects/TestTube/source
  artifactKey: Guid(7cfb8b941019a2f4f96f3423e3498a2c) Importer(815301076,1909f56bfc062723c751e8b465ee728b)
Start importing Assets/XR/Samples/Google Cardboard XR Plugin for Unity/1.21.0/Hello Cardboard/3D_Objects/TestTube/source using Guid(7cfb8b941019a2f4f96f3423e3498a2c) Importer(815301076,1909f56bfc062723c751e8b465ee728b)  -> (artifact id: 'af14d36b9b6a814c4cc13aae7f0a0a30') in 0.002933 seconds 
========================================================================
Received Import Request.
  Time since last request: 0.077657 seconds.
  path: Assets/XR/Samples/Google Cardboard XR Plugin for Unity/1.21.0/Hello Cardboard/3D_Objects/TestTube/source/test tube.fbx
  artifactKey: Guid(d273a421047a8ad41a23cf902604532e) Importer(815301076,1909f56bfc062723c751e8b465ee728b)
Start importing Assets/XR/Samples/Google Cardboard XR Plugin for Unity/1.21.0/Hello Cardboard/3D_Objects/TestTube/source/test tube.fbx using Guid(d273a421047a8ad41a23cf902604532e) Importer(815301076,1909f56bfc062723c751e8b465ee728b)  -> (artifact id: '9042d7d4e576e1e67e821f8ffb627fa7') in 0.041551 seconds 
========================================================================
Received Import Request.
  Time since last request: 63.639209 seconds.
  path: Assets/XR/Samples/Google Cardboard XR Plugin for Unity/1.21.0/Hello Cardboard/3D_Objects/TestTube.prefab
  artifactKey: Guid(b4022c09da7dbd942bdec6c8d0c69d4f) Importer(815301076,1909f56bfc062723c751e8b465ee728b)
Start importing Assets/XR/Samples/Google Cardboard XR Plugin for Unity/1.21.0/Hello Cardboard/3D_Objects/TestTube.prefab using Guid(b4022c09da7dbd942bdec6c8d0c69d4f) Importer(815301076,1909f56bfc062723c751e8b465ee728b)  -> (artifact id: '36acc5e19432c9b0096fcf9765aada7c') in 0.011261 seconds 
========================================================================
Received Import Request.
  Time since last request: 14.627581 seconds.
  path: Assets/XR/Samples/Google Cardboard XR Plugin for Unity/1.21.0/Hello Cardboard/3D_Objects/TestTubeStand/source/TestTube_Stand.fbx
  artifactKey: Guid(a836e29d6b824d84a8347fdd36dc84f3) Importer(815301076,1909f56bfc062723c751e8b465ee728b)
Start importing Assets/XR/Samples/Google Cardboard XR Plugin for Unity/1.21.0/Hello Cardboard/3D_Objects/TestTubeStand/source/TestTube_Stand.fbx using Guid(a836e29d6b824d84a8347fdd36dc84f3) Importer(815301076,1909f56bfc062723c751e8b465ee728b)  -> (artifact id: '46ca456e72e864fa2e9d5e64db34de50') in 0.029086 seconds 
========================================================================
Received Import Request.
  Time since last request: 2.992467 seconds.
  path: Assets/XR/Samples/Google Cardboard XR Plugin for Unity/1.21.0/Hello Cardboard/3D_Objects/TestTube/textures/internal_ground_ao_texture.jpeg
  artifactKey: Guid(d487d060f0d6dc2439e4ebe454429cfa) Importer(815301076,1909f56bfc062723c751e8b465ee728b)
Start importing Assets/XR/Samples/Google Cardboard XR Plugin for Unity/1.21.0/Hello Cardboard/3D_Objects/TestTube/textures/internal_ground_ao_texture.jpeg using Guid(d487d060f0d6dc2439e4ebe454429cfa) Importer(815301076,1909f56bfc062723c751e8b465ee728b)  -> (artifact id: '3e17c6003f1b4ef276e0c13c1d28fdb7') in 0.015015 seconds 
========================================================================
Received Import Request.
  Time since last request: 7.580170 seconds.
  path: Assets/XR/Samples/Google Cardboard XR Plugin for Unity/1.21.0/Hello Cardboard/3D_Objects/TestTube/Materials/internal_ground_ao_texture.mat
  artifactKey: Guid(877c9367522eb1e41b2a3d7cabe5990e) Importer(815301076,1909f56bfc062723c751e8b465ee728b)
Start importing Assets/XR/Samples/Google Cardboard XR Plugin for Unity/1.21.0/Hello Cardboard/3D_Objects/TestTube/Materials/internal_ground_ao_texture.mat using Guid(877c9367522eb1e41b2a3d7cabe5990e) Importer(815301076,1909f56bfc062723c751e8b465ee728b)  -> (artifact id: '2f4ef96b48f58496e4b46e0c7b6adc8c') in 0.012246 seconds 
========================================================================
Received Import Request.
  Time since last request: 4.332984 seconds.
  path: Assets/XR/Samples/Google Cardboard XR Plugin for Unity/1.21.0/Hello Cardboard/3D_Objects/TestTube/Materials
  artifactKey: Guid(87d7e4c0a3dc0cf4b83a88ed1f7ec0a0) Importer(815301076,1909f56bfc062723c751e8b465ee728b)
Start importing Assets/XR/Samples/Google Cardboard XR Plugin for Unity/1.21.0/Hello Cardboard/3D_Objects/TestTube/Materials using Guid(87d7e4c0a3dc0cf4b83a88ed1f7ec0a0) Importer(815301076,1909f56bfc062723c751e8b465ee728b)  -> (artifact id: 'b51e10abef9fe4d93c9bbc325b4e27e1') in 0.002652 seconds 
========================================================================
Received Import Request.
  Time since last request: 41.298735 seconds.
  path: Assets/XR/Samples/Google Cardboard XR Plugin for Unity/1.21.0/Hello Cardboard/3D_Objects/TestTubeStand/source
  artifactKey: Guid(10ea21d6dac082d4a879ac53b60e033f) Importer(815301076,1909f56bfc062723c751e8b465ee728b)
Start importing Assets/XR/Samples/Google Cardboard XR Plugin for Unity/1.21.0/Hello Cardboard/3D_Objects/TestTubeStand/source using Guid(10ea21d6dac082d4a879ac53b60e033f) Importer(815301076,1909f56bfc062723c751e8b465ee728b)  -> (artifact id: '1828f78af61f734201cc8c56becd27b9') in 0.002187 seconds 
========================================================================
Received Import Request.
  Time since last request: 51.705813 seconds.
  path: Assets/XR/Samples/Google Cardboard XR Plugin for Unity/1.21.0/Hello Cardboard/3D_Objects/TestTube_Stand.prefab
  artifactKey: Guid(f74ff7e7f4fd933499ee68fc18eca81e) Importer(815301076,1909f56bfc062723c751e8b465ee728b)
Start importing Assets/XR/Samples/Google Cardboard XR Plugin for Unity/1.21.0/Hello Cardboard/3D_Objects/TestTube_Stand.prefab using Guid(f74ff7e7f4fd933499ee68fc18eca81e) Importer(815301076,1909f56bfc062723c751e8b465ee728b)  -> (artifact id: '3955f5bcd6d42c845fa1886eaf40caa3') in 0.009864 seconds 
========================================================================
Received Import Request.
  Time since last request: 0.000806 seconds.
  path: Assets/XR/Samples/Google Cardboard XR Plugin for Unity/1.21.0/Hello Cardboard/3D_Objects/TestTube.prefab
  artifactKey: Guid(b4022c09da7dbd942bdec6c8d0c69d4f) Importer(815301076,1909f56bfc062723c751e8b465ee728b)
Start importing Assets/XR/Samples/Google Cardboard XR Plugin for Unity/1.21.0/Hello Cardboard/3D_Objects/TestTube.prefab using Guid(b4022c09da7dbd942bdec6c8d0c69d4f) Importer(815301076,1909f56bfc062723c751e8b465ee728b)  -> (artifact id: '5c2d2fe790b0ea44398e117d0ab24fed') in 0.030981 seconds 
========================================================================
Received Import Request.
  Time since last request: 235.050437 seconds.
  path: Assets/XR/Samples/Google Cardboard XR Plugin for Unity/1.21.0/Hello Cardboard/3D_Objects/Stand_1.prefab
  artifactKey: Guid(5c18a665a6a06664bab0609b0e8ab2f0) Importer(815301076,1909f56bfc062723c751e8b465ee728b)
Start importing Assets/XR/Samples/Google Cardboard XR Plugin for Unity/1.21.0/Hello Cardboard/3D_Objects/Stand_1.prefab using Guid(5c18a665a6a06664bab0609b0e8ab2f0) Importer(815301076,1909f56bfc062723c751e8b465ee728b)  -> (artifact id: 'a5d847a8b041b8148506f2efcd485012') in 0.022613 seconds 
========================================================================
Received Import Request.
  Time since last request: 86.746713 seconds.
  path: Assets/XR/Samples/Google Cardboard XR Plugin for Unity/1.21.0/Hello Cardboard/3D_Objects/Condenser/textures/ferrp.jpg
  artifactKey: Guid(ae4338132b135ab438fce66a63128c97) Importer(815301076,1909f56bfc062723c751e8b465ee728b)
Start importing Assets/XR/Samples/Google Cardboard XR Plugin for Unity/1.21.0/Hello Cardboard/3D_Objects/Condenser/textures/ferrp.jpg using Guid(ae4338132b135ab438fce66a63128c97) Importer(815301076,1909f56bfc062723c751e8b465ee728b)  -> (artifact id: '556ac862fc63b597d9a449aa4ce7df78') in 0.026931 seconds 
========================================================================
Received Import Request.
  Time since last request: 121.645842 seconds.
  path: Assets/XR/Samples/Google Cardboard XR Plugin for Unity/1.21.0/Hello Cardboard/3D_Objects/Stand_1.prefab
  artifactKey: Guid(5c18a665a6a06664bab0609b0e8ab2f0) Importer(815301076,1909f56bfc062723c751e8b465ee728b)
Start importing Assets/XR/Samples/Google Cardboard XR Plugin for Unity/1.21.0/Hello Cardboard/3D_Objects/Stand_1.prefab using Guid(5c18a665a6a06664bab0609b0e8ab2f0) Importer(815301076,1909f56bfc062723c751e8b465ee728b)  -> (artifact id: '008b5a4732ccfaed671405f34174de1a') in 0.014289 seconds 
========================================================================
Received Import Request.
  Time since last request: 2.804686 seconds.
  path: Assets/XR/Samples/Google Cardboard XR Plugin for Unity/1.21.0/Hello Cardboard/3D_Objects/Stand_2.prefab
  artifactKey: Guid(eb0d4ef9a2f0e7a45b115ee18ec5b7c2) Importer(815301076,1909f56bfc062723c751e8b465ee728b)
Start importing Assets/XR/Samples/Google Cardboard XR Plugin for Unity/1.21.0/Hello Cardboard/3D_Objects/Stand_2.prefab using Guid(eb0d4ef9a2f0e7a45b115ee18ec5b7c2) Importer(815301076,1909f56bfc062723c751e8b465ee728b)  -> (artifact id: '365efc74b36358092214a24a3c206ea1') in 0.016819 seconds 
========================================================================
Received Import Request.
  Time since last request: 53.907683 seconds.
  path: Assets/XR/Samples/Google Cardboard XR Plugin for Unity/1.21.0/Hello Cardboard/3D_Objects/Condenser/Materials/ferrp.mat
  artifactKey: Guid(d231ce89782c2104b909554a3a6cb9d8) Importer(815301076,1909f56bfc062723c751e8b465ee728b)
Start importing Assets/XR/Samples/Google Cardboard XR Plugin for Unity/1.21.0/Hello Cardboard/3D_Objects/Condenser/Materials/ferrp.mat using Guid(d231ce89782c2104b909554a3a6cb9d8) Importer(815301076,1909f56bfc062723c751e8b465ee728b)  -> (artifact id: '9ee89c8057eb6a5ddea74c4da2fb752e') in 0.017825 seconds 
========================================================================
Received Import Request.
  Time since last request: 0.000019 seconds.
  path: Assets/XR/Samples/Google Cardboard XR Plugin for Unity/1.21.0/Hello Cardboard/3D_Objects/Condenser/Materials/rolha.mat
  artifactKey: Guid(8242d90cd5b16d74da951bd2ad249a4f) Importer(815301076,1909f56bfc062723c751e8b465ee728b)
Start importing Assets/XR/Samples/Google Cardboard XR Plugin for Unity/1.21.0/Hello Cardboard/3D_Objects/Condenser/Materials/rolha.mat using Guid(8242d90cd5b16d74da951bd2ad249a4f) Importer(815301076,1909f56bfc062723c751e8b465ee728b)  -> (artifact id: '4f16767b243b5aea3e55a3e67f824abd') in 0.038808 seconds 
========================================================================
Received Import Request.
  Time since last request: 76.425971 seconds.
  path: Assets/XR/Samples/Google Cardboard XR Plugin for Unity/1.21.0/Hello Cardboard/3D_Objects/Stand_2.prefab
  artifactKey: Guid(eb0d4ef9a2f0e7a45b115ee18ec5b7c2) Importer(815301076,1909f56bfc062723c751e8b465ee728b)
Start importing Assets/XR/Samples/Google Cardboard XR Plugin for Unity/1.21.0/Hello Cardboard/3D_Objects/Stand_2.prefab using Guid(eb0d4ef9a2f0e7a45b115ee18ec5b7c2) Importer(815301076,1909f56bfc062723c751e8b465ee728b)  -> (artifact id: '3f48d4178ccb5636c7d193d406e5cfa6') in 0.011356 seconds 
========================================================================
Received Import Request.
  Time since last request: 2.874385 seconds.
  path: Assets/XR/Samples/Google Cardboard XR Plugin for Unity/1.21.0/Hello Cardboard/3D_Objects/Flask.prefab
  artifactKey: Guid(2bb923a19ff801240b277a3e92d0f924) Importer(815301076,1909f56bfc062723c751e8b465ee728b)
Start importing Assets/XR/Samples/Google Cardboard XR Plugin for Unity/1.21.0/Hello Cardboard/3D_Objects/Flask.prefab using Guid(2bb923a19ff801240b277a3e92d0f924) Importer(815301076,1909f56bfc062723c751e8b465ee728b)  -> (artifact id: 'c84081ca91b601342f9c3a007d9daf26') in 0.015940 seconds 
