Using pre-set license
Built from '2021.3/staging' branch; Version is '2021.3.26f1 (a16dc32e0ff2) revision 10579395'; Using compiler version '192829333'; Build Type 'Release'
OS: 'Windows 11  (10.0.22621) 64bit Professional' Language: 'ru' Physical Memory: 15587 MB
BatchMode: 1, IsHumanControllingUs: 0, StartBugReporterOnCrash: 0, Is64bit: 1, IsPro: 1

COMMAND LINE ARGUMENTS:
C:\Program Files\Unity\Hub\Editor\2021.3.26f1\Editor\Unity.exe
-adb2
-batchMode
-noUpm
-name
AssetImportWorker29
-projectPath
C:/Users/Asus/Documents/GitHub/Tech2023/Tecna/Tecna
-logFile
Logs/AssetImportWorker29.log
-srvPort
54795
Successfully changed project path to: C:/Users/Asus/Documents/GitHub/Tech2023/Tecna/Tecna
C:/Users/Asus/Documents/GitHub/Tech2023/Tecna/Tecna
[UnityMemory] Configuration Parameters - Can be set up in boot.config
    "memorysetup-bucket-allocator-granularity=16"
    "memorysetup-bucket-allocator-bucket-count=8"
    "memorysetup-bucket-allocator-block-size=33554432"
    "memorysetup-bucket-allocator-block-count=8"
    "memorysetup-main-allocator-block-size=16777216"
    "memorysetup-thread-allocator-block-size=16777216"
    "memorysetup-gfx-main-allocator-block-size=16777216"
    "memorysetup-gfx-thread-allocator-block-size=16777216"
    "memorysetup-cache-allocator-block-size=4194304"
    "memorysetup-typetree-allocator-block-size=2097152"
    "memorysetup-profiler-bucket-allocator-granularity=16"
    "memorysetup-profiler-bucket-allocator-bucket-count=8"
    "memorysetup-profiler-bucket-allocator-block-size=33554432"
    "memorysetup-profiler-bucket-allocator-block-count=8"
    "memorysetup-profiler-allocator-block-size=16777216"
    "memorysetup-profiler-editor-allocator-block-size=1048576"
    "memorysetup-temp-allocator-size-main=16777216"
    "memorysetup-job-temp-allocator-block-size=2097152"
    "memorysetup-job-temp-allocator-block-size-background=1048576"
    "memorysetup-job-temp-allocator-reduction-small-platforms=262144"
    "memorysetup-temp-allocator-size-background-worker=32768"
    "memorysetup-temp-allocator-size-job-worker=262144"
    "memorysetup-temp-allocator-size-preload-manager=33554432"
    "memorysetup-temp-allocator-size-nav-mesh-worker=65536"
    "memorysetup-temp-allocator-size-audio-worker=65536"
    "memorysetup-temp-allocator-size-cloud-worker=32768"
    "memorysetup-temp-allocator-size-gi-baking-worker=262144"
    "memorysetup-temp-allocator-size-gfx=262144"
Player connection [129884] Host "[IP] 192.168.1.102 [Port] 0 [Flags] 2 [Guid] 613265192 [EditorId] 613265192 [Version] 1048832 [Id] WindowsEditor(7,DESKTOP-SQBOMCG) [Debug] 1 [PackageName] WindowsEditor [ProjectName] Editor" joined multi-casting on [225.0.0.222:54997]...

Player connection [129884] Host "[IP] 192.168.1.102 [Port] 0 [Flags] 2 [Guid] 613265192 [EditorId] 613265192 [Version] 1048832 [Id] WindowsEditor(7,DESKTOP-SQBOMCG) [Debug] 1 [PackageName] WindowsEditor [ProjectName] Editor" joined alternative multi-casting on [225.0.0.222:34997]...

Refreshing native plugins compatible for Editor in 40.94 ms, found 3 plugins.
Preloading 0 native plugins for Editor in 0.00 ms.
Initialize engine version: 2021.3.26f1 (a16dc32e0ff2)
[Subsystems] Discovering subsystems at path C:/Program Files/Unity/Hub/Editor/2021.3.26f1/Editor/Data/Resources/UnitySubsystems
[Subsystems] Discovering subsystems at path C:/Users/Asus/Documents/GitHub/Tech2023/Tecna/Tecna/Assets
GfxDevice: creating device client; threaded=0; jobified=0
Direct3D:
    Version:  Direct3D 11.0 [level 11.1]
    Renderer: NVIDIA GeForce RTX 4060 Laptop GPU (ID=0x28e0)
    Vendor:   NVIDIA
    VRAM:     7971 MB
    Driver:   31.0.15.3640
Initialize mono
Mono path[0] = 'C:/Program Files/Unity/Hub/Editor/2021.3.26f1/Editor/Data/Managed'
Mono path[1] = 'C:/Program Files/Unity/Hub/Editor/2021.3.26f1/Editor/Data/MonoBleedingEdge/lib/mono/unityjit-win32'
Mono config path = 'C:/Program Files/Unity/Hub/Editor/2021.3.26f1/Editor/Data/MonoBleedingEdge/etc'
Using monoOptions --debugger-agent=transport=dt_socket,embedding=1,server=y,suspend=n,address=127.0.0.1:56604
Begin MonoManager ReloadAssembly
Registering precompiled unity dll's ...
Register platform support module: C:/Program Files/Unity/Hub/Editor/2021.3.26f1/Editor/Data/PlaybackEngines/AndroidPlayer/UnityEditor.Android.Extensions.dll
Register platform support module: C:/Program Files/Unity/Hub/Editor/2021.3.26f1/Editor/Data/PlaybackEngines/iOSSupport/UnityEditor.iOS.Extensions.dll
Register platform support module: C:/Program Files/Unity/Hub/Editor/2021.3.26f1/Editor/Data/PlaybackEngines/WindowsStandaloneSupport/UnityEditor.WindowsStandalone.Extensions.dll
Registered in 0.003471 seconds.
Native extension for WindowsStandalone target not found
[usbmuxd] Start listen thread
[usbmuxd] Listen thread started
Native extension for iOS target not found
Native extension for Android target not found
Android Extension - Scanning For ADB Devices 225 ms
Refreshing native plugins compatible for Editor in 46.01 ms, found 3 plugins.
Preloading 0 native plugins for Editor in 0.00 ms.
Mono: successfully reloaded assembly
- Completed reload, in  0.653 seconds
Domain Reload Profiling:
	ReloadAssembly (653ms)
		BeginReloadAssembly (53ms)
			ExecutionOrderSort (0ms)
			DisableScriptedObjects (0ms)
			BackupInstance (0ms)
			ReleaseScriptingObjects (0ms)
			CreateAndSetChildDomain (1ms)
		EndReloadAssembly (542ms)
			LoadAssemblies (52ms)
			RebuildTransferFunctionScriptingTraits (0ms)
			SetupTypeCache (66ms)
			ReleaseScriptCaches (0ms)
			RebuildScriptCaches (18ms)
			SetupLoadedEditorAssemblies (428ms)
				LogAssemblyErrors (0ms)
				InitializePlatformSupportModulesInManaged (285ms)
				SetLoadedEditorAssemblies (0ms)
				RefreshPlugins (46ms)
				BeforeProcessingInitializeOnLoad (1ms)
				ProcessInitializeOnLoadAttributes (63ms)
				ProcessInitializeOnLoadMethodAttributes (33ms)
				AfterProcessingInitializeOnLoad (0ms)
				EditorAssembliesLoaded (0ms)
			ExecutionOrderSort2 (0ms)
			AwakeInstancesAfterBackupRestoration (0ms)
Platform modules already initialized, skipping
Registering precompiled user dll's ...
Registered in 0.002904 seconds.
Begin MonoManager ReloadAssembly
Symbol file LoadedFromMemory doesn't match image C:\Users\Asus\Documents\GitHub\Tech2023\Tecna\Tecna\Library\PackageCache\com.unity.visualscripting@1.8.0\Editor\VisualScripting.Core\Dependencies\YamlDotNet\Unity.VisualScripting.YamlDotNet.dll
Symbol file LoadedFromMemory doesn't match image C:\Users\Asus\Documents\GitHub\Tech2023\Tecna\Tecna\Library\PackageCache\com.unity.visualscripting@1.8.0\Editor\VisualScripting.Core\Dependencies\DotNetZip\Unity.VisualScripting.IonicZip.dll
Native extension for WindowsStandalone target not found
Native extension for iOS target not found
Native extension for Android target not found
Refreshing native plugins compatible for Editor in 0.54 ms, found 3 plugins.
Preloading 0 native plugins for Editor in 0.00 ms.
Mono: successfully reloaded assembly
- Completed reload, in  0.658 seconds
Domain Reload Profiling:
	ReloadAssembly (659ms)
		BeginReloadAssembly (81ms)
			ExecutionOrderSort (0ms)
			DisableScriptedObjects (3ms)
			BackupInstance (0ms)
			ReleaseScriptingObjects (0ms)
			CreateAndSetChildDomain (19ms)
		EndReloadAssembly (499ms)
			LoadAssemblies (57ms)
			RebuildTransferFunctionScriptingTraits (0ms)
			SetupTypeCache (171ms)
			ReleaseScriptCaches (0ms)
			RebuildScriptCaches (29ms)
			SetupLoadedEditorAssemblies (219ms)
				LogAssemblyErrors (0ms)
				InitializePlatformSupportModulesInManaged (21ms)
				SetLoadedEditorAssemblies (0ms)
				RefreshPlugins (1ms)
				BeforeProcessingInitializeOnLoad (47ms)
				ProcessInitializeOnLoadAttributes (133ms)
				ProcessInitializeOnLoadMethodAttributes (13ms)
				AfterProcessingInitializeOnLoad (4ms)
				EditorAssembliesLoaded (0ms)
			ExecutionOrderSort2 (0ms)
			AwakeInstancesAfterBackupRestoration (4ms)
Platform modules already initialized, skipping
========================================================================
Worker process is ready to serve import requests
Launched and connected shader compiler UnityShaderCompiler.exe after 0.04 seconds
Refreshing native plugins compatible for Editor in 0.47 ms, found 3 plugins.
Preloading 0 native plugins for Editor in 0.00 ms.
Unloading 3053 Unused Serialized files (Serialized files now loaded: 0)
Unloading 22 unused Assets / (284.1 KB). Loaded Objects now: 3524.
Memory consumption went from 113.9 MB to 113.6 MB.
Total: 2.142300 ms (FindLiveObjects: 0.167500 ms CreateObjectMapping: 0.048700 ms MarkObjects: 1.870400 ms  DeleteObjects: 0.055000 ms)

AssetImportParameters requested are different than current active one (requested -> active):
  custom:video-decoder-ogg-theora: a1e56fd34408186e4bbccfd4996cb3dc -> 
  custom:container-muxer-webm: aa71ff27fc2769a1b78a27578f13a17b -> 
  custom:container-demuxer-webm: 4f35f7cbe854078d1ac9338744f61a02 -> 
  custom:video-encoder-webm-vp8: eb34c28f22e8b96e1ab97ce403110664 -> 
  custom:video-codec-MediaFoundation-h265: 746d11721c4dcdbdad8f713fa42b33f4 -> 
  custom:audio-encoder-webm-vorbis: bf7c407c2cedff20999df2af8eb42d56 -> 
  custom:framework-win-MediaFoundation: 216162199b28c13a410421893ffa2e32 -> 
  custom:container-demuxer-ogg: 62fdf1f143b41e24485cea50d1cbac27 -> 
  custom:video-decoder-webm-vp8: 9c59270c3fd7afecdb556c50c9e8de78 -> 
  custom:audio-decoder-ogg-vorbis: bf7c407c2cedff20999df2af8eb42d56 -> 
========================================================================
Received Import Request.
  Time since last request: 553730.461019 seconds.
  path: Assets/3D_Objects/school-desk 1
  artifactKey: Guid(337e7b5863bd70e489378aba9486c394) Importer(815301076,1909f56bfc062723c751e8b465ee728b)
Start importing Assets/3D_Objects/school-desk 1 using Guid(337e7b5863bd70e489378aba9486c394) Importer(815301076,1909f56bfc062723c751e8b465ee728b)  -> (artifact id: '9bc3ae77298de6967bda2a9bfb0813c3') in 0.014563 seconds 
========================================================================
Received Import Request.
  Time since last request: 1.012773 seconds.
  path: Assets/3D_Objects/school-desk 1/source
  artifactKey: Guid(42f1c9709a9caf3448485b094d52b118) Importer(815301076,1909f56bfc062723c751e8b465ee728b)
Start importing Assets/3D_Objects/school-desk 1/source using Guid(42f1c9709a9caf3448485b094d52b118) Importer(815301076,1909f56bfc062723c751e8b465ee728b)  -> (artifact id: 'b12b133b950d3014db4abdf2510762c9') in 0.001896 seconds 
========================================================================
Received Import Request.
  Time since last request: 0.109384 seconds.
  path: Assets/3D_Objects/school-desk 1/source/School_desk.fbx
  artifactKey: Guid(52ee2f4f50bd14c449740e33fe7215ff) Importer(815301076,1909f56bfc062723c751e8b465ee728b)
Start importing Assets/3D_Objects/school-desk 1/source/School_desk.fbx using Guid(52ee2f4f50bd14c449740e33fe7215ff) Importer(815301076,1909f56bfc062723c751e8b465ee728b)  -> (artifact id: 'b5e39cc5b6d937ea5d7107063bfa1a3e') in 0.113600 seconds 
========================================================================
Received Prepare
Registering precompiled user dll's ...
Registered in 0.003539 seconds.
Begin MonoManager ReloadAssembly
Symbol file LoadedFromMemory doesn't match image C:\Users\Asus\Documents\GitHub\Tech2023\Tecna\Tecna\Library\PackageCache\com.unity.visualscripting@1.8.0\Editor\VisualScripting.Core\Dependencies\YamlDotNet\Unity.VisualScripting.YamlDotNet.dll
Symbol file LoadedFromMemory doesn't match image C:\Users\Asus\Documents\GitHub\Tech2023\Tecna\Tecna\Library\PackageCache\com.unity.visualscripting@1.8.0\Editor\VisualScripting.Core\Dependencies\DotNetZip\Unity.VisualScripting.IonicZip.dll
Native extension for WindowsStandalone target not found
Native extension for iOS target not found
Native extension for Android target not found
Refreshing native plugins compatible for Editor in 0.70 ms, found 3 plugins.
Preloading 0 native plugins for Editor in 0.00 ms.
Mono: successfully reloaded assembly
- Completed reload, in  0.669 seconds
Domain Reload Profiling:
	ReloadAssembly (670ms)
		BeginReloadAssembly (98ms)
			ExecutionOrderSort (0ms)
			DisableScriptedObjects (3ms)
			BackupInstance (0ms)
			ReleaseScriptingObjects (0ms)
			CreateAndSetChildDomain (29ms)
		EndReloadAssembly (511ms)
			LoadAssemblies (54ms)
			RebuildTransferFunctionScriptingTraits (0ms)
			SetupTypeCache (171ms)
			ReleaseScriptCaches (1ms)
			RebuildScriptCaches (31ms)
			SetupLoadedEditorAssemblies (219ms)
				LogAssemblyErrors (0ms)
				InitializePlatformSupportModulesInManaged (25ms)
				SetLoadedEditorAssemblies (0ms)
				RefreshPlugins (1ms)
				BeforeProcessingInitializeOnLoad (44ms)
				ProcessInitializeOnLoadAttributes (130ms)
				ProcessInitializeOnLoadMethodAttributes (15ms)
				AfterProcessingInitializeOnLoad (4ms)
				EditorAssembliesLoaded (0ms)
			ExecutionOrderSort2 (0ms)
			AwakeInstancesAfterBackupRestoration (4ms)
Platform modules already initialized, skipping
Refreshing native plugins compatible for Editor in 1.82 ms, found 3 plugins.
Preloading 0 native plugins for Editor in 0.00 ms.
Unloading 3045 Unused Serialized files (Serialized files now loaded: 0)
Unloading 15 unused Assets / (24.7 KB). Loaded Objects now: 3570.
Memory consumption went from 113.5 MB to 113.5 MB.
Total: 2.759300 ms (FindLiveObjects: 0.226200 ms CreateObjectMapping: 0.058600 ms MarkObjects: 2.449400 ms  DeleteObjects: 0.024100 ms)

AssetImportParameters requested are different than current active one (requested -> active):
  custom:video-decoder-ogg-theora: a1e56fd34408186e4bbccfd4996cb3dc -> 
  custom:container-muxer-webm: aa71ff27fc2769a1b78a27578f13a17b -> 
  custom:container-demuxer-webm: 4f35f7cbe854078d1ac9338744f61a02 -> 
  custom:video-encoder-webm-vp8: eb34c28f22e8b96e1ab97ce403110664 -> 
  custom:video-codec-MediaFoundation-h265: 746d11721c4dcdbdad8f713fa42b33f4 -> 
  custom:audio-encoder-webm-vorbis: bf7c407c2cedff20999df2af8eb42d56 -> 
  custom:framework-win-MediaFoundation: 216162199b28c13a410421893ffa2e32 -> 
  custom:container-demuxer-ogg: 62fdf1f143b41e24485cea50d1cbac27 -> 
  custom:video-decoder-webm-vp8: 9c59270c3fd7afecdb556c50c9e8de78 -> 
  custom:audio-decoder-ogg-vorbis: bf7c407c2cedff20999df2af8eb42d56 -> 
========================================================================
Received Prepare
Registering precompiled user dll's ...
Registered in 0.004897 seconds.
Begin MonoManager ReloadAssembly
Symbol file LoadedFromMemory doesn't match image C:\Users\Asus\Documents\GitHub\Tech2023\Tecna\Tecna\Library\PackageCache\com.unity.visualscripting@1.8.0\Editor\VisualScripting.Core\Dependencies\YamlDotNet\Unity.VisualScripting.YamlDotNet.dll
Symbol file LoadedFromMemory doesn't match image C:\Users\Asus\Documents\GitHub\Tech2023\Tecna\Tecna\Library\PackageCache\com.unity.visualscripting@1.8.0\Editor\VisualScripting.Core\Dependencies\DotNetZip\Unity.VisualScripting.IonicZip.dll
Native extension for WindowsStandalone target not found
Native extension for iOS target not found
Native extension for Android target not found
Refreshing native plugins compatible for Editor in 0.55 ms, found 3 plugins.
Preloading 0 native plugins for Editor in 0.00 ms.
Mono: successfully reloaded assembly
- Completed reload, in  0.664 seconds
Domain Reload Profiling:
	ReloadAssembly (664ms)
		BeginReloadAssembly (101ms)
			ExecutionOrderSort (0ms)
			DisableScriptedObjects (4ms)
			BackupInstance (0ms)
			ReleaseScriptingObjects (0ms)
			CreateAndSetChildDomain (27ms)
		EndReloadAssembly (498ms)
			LoadAssemblies (58ms)
			RebuildTransferFunctionScriptingTraits (0ms)
			SetupTypeCache (168ms)
			ReleaseScriptCaches (1ms)
			RebuildScriptCaches (31ms)
			SetupLoadedEditorAssemblies (212ms)
				LogAssemblyErrors (0ms)
				InitializePlatformSupportModulesInManaged (24ms)
				SetLoadedEditorAssemblies (0ms)
				RefreshPlugins (1ms)
				BeforeProcessingInitializeOnLoad (40ms)
				ProcessInitializeOnLoadAttributes (127ms)
				ProcessInitializeOnLoadMethodAttributes (15ms)
				AfterProcessingInitializeOnLoad (5ms)
				EditorAssembliesLoaded (0ms)
			ExecutionOrderSort2 (0ms)
			AwakeInstancesAfterBackupRestoration (4ms)
Platform modules already initialized, skipping
Refreshing native plugins compatible for Editor in 1.46 ms, found 3 plugins.
Preloading 0 native plugins for Editor in 0.00 ms.
Unloading 3045 Unused Serialized files (Serialized files now loaded: 0)
Unloading 15 unused Assets / (24.6 KB). Loaded Objects now: 3573.
Memory consumption went from 113.5 MB to 113.5 MB.
Total: 2.369100 ms (FindLiveObjects: 0.203700 ms CreateObjectMapping: 0.077000 ms MarkObjects: 2.067600 ms  DeleteObjects: 0.019800 ms)

AssetImportParameters requested are different than current active one (requested -> active):
  custom:video-decoder-ogg-theora: a1e56fd34408186e4bbccfd4996cb3dc -> 
  custom:container-muxer-webm: aa71ff27fc2769a1b78a27578f13a17b -> 
  custom:container-demuxer-webm: 4f35f7cbe854078d1ac9338744f61a02 -> 
  custom:video-encoder-webm-vp8: eb34c28f22e8b96e1ab97ce403110664 -> 
  custom:video-codec-MediaFoundation-h265: 746d11721c4dcdbdad8f713fa42b33f4 -> 
  custom:audio-encoder-webm-vorbis: bf7c407c2cedff20999df2af8eb42d56 -> 
  custom:framework-win-MediaFoundation: 216162199b28c13a410421893ffa2e32 -> 
  custom:container-demuxer-ogg: 62fdf1f143b41e24485cea50d1cbac27 -> 
  custom:video-decoder-webm-vp8: 9c59270c3fd7afecdb556c50c9e8de78 -> 
  custom:audio-decoder-ogg-vorbis: bf7c407c2cedff20999df2af8eb42d56 -> 
========================================================================
Received Import Request.
  Time since last request: 336.890013 seconds.
  path: Assets/Prefabs/School_desk.prefab
  artifactKey: Guid(91973704f13c73b44b3636b568f819e3) Importer(815301076,1909f56bfc062723c751e8b465ee728b)
Start importing Assets/Prefabs/School_desk.prefab using Guid(91973704f13c73b44b3636b568f819e3) Importer(815301076,1909f56bfc062723c751e8b465ee728b)  -> (artifact id: '35b9730016678e49b27e23087c464e4c') in 0.065665 seconds 
========================================================================
Received Prepare
Registering precompiled user dll's ...
Registered in 0.003594 seconds.
Begin MonoManager ReloadAssembly
Symbol file LoadedFromMemory doesn't match image C:\Users\Asus\Documents\GitHub\Tech2023\Tecna\Tecna\Library\PackageCache\com.unity.visualscripting@1.8.0\Editor\VisualScripting.Core\Dependencies\YamlDotNet\Unity.VisualScripting.YamlDotNet.dll
Symbol file LoadedFromMemory doesn't match image C:\Users\Asus\Documents\GitHub\Tech2023\Tecna\Tecna\Library\PackageCache\com.unity.visualscripting@1.8.0\Editor\VisualScripting.Core\Dependencies\DotNetZip\Unity.VisualScripting.IonicZip.dll
Native extension for WindowsStandalone target not found
Native extension for iOS target not found
Native extension for Android target not found
Refreshing native plugins compatible for Editor in 0.73 ms, found 3 plugins.
Preloading 0 native plugins for Editor in 0.00 ms.
Mono: successfully reloaded assembly
- Completed reload, in  0.695 seconds
Domain Reload Profiling:
	ReloadAssembly (696ms)
		BeginReloadAssembly (107ms)
			ExecutionOrderSort (0ms)
			DisableScriptedObjects (3ms)
			BackupInstance (0ms)
			ReleaseScriptingObjects (0ms)
			CreateAndSetChildDomain (30ms)
		EndReloadAssembly (527ms)
			LoadAssemblies (66ms)
			RebuildTransferFunctionScriptingTraits (0ms)
			SetupTypeCache (194ms)
			ReleaseScriptCaches (1ms)
			RebuildScriptCaches (27ms)
			SetupLoadedEditorAssemblies (219ms)
				LogAssemblyErrors (0ms)
				InitializePlatformSupportModulesInManaged (24ms)
				SetLoadedEditorAssemblies (0ms)
				RefreshPlugins (1ms)
				BeforeProcessingInitializeOnLoad (39ms)
				ProcessInitializeOnLoadAttributes (135ms)
				ProcessInitializeOnLoadMethodAttributes (15ms)
				AfterProcessingInitializeOnLoad (5ms)
				EditorAssembliesLoaded (0ms)
			ExecutionOrderSort2 (0ms)
			AwakeInstancesAfterBackupRestoration (5ms)
Platform modules already initialized, skipping
Refreshing native plugins compatible for Editor in 1.42 ms, found 3 plugins.
Preloading 0 native plugins for Editor in 0.00 ms.
Unloading 3045 Unused Serialized files (Serialized files now loaded: 0)
Unloading 15 unused Assets / (24.5 KB). Loaded Objects now: 3576.
Memory consumption went from 113.5 MB to 113.5 MB.
Total: 2.813700 ms (FindLiveObjects: 0.456300 ms CreateObjectMapping: 0.205800 ms MarkObjects: 2.131200 ms  DeleteObjects: 0.019400 ms)

AssetImportParameters requested are different than current active one (requested -> active):
  custom:video-decoder-ogg-theora: a1e56fd34408186e4bbccfd4996cb3dc -> 
  custom:container-muxer-webm: aa71ff27fc2769a1b78a27578f13a17b -> 
  custom:container-demuxer-webm: 4f35f7cbe854078d1ac9338744f61a02 -> 
  custom:video-encoder-webm-vp8: eb34c28f22e8b96e1ab97ce403110664 -> 
  custom:video-codec-MediaFoundation-h265: 746d11721c4dcdbdad8f713fa42b33f4 -> 
  custom:audio-encoder-webm-vorbis: bf7c407c2cedff20999df2af8eb42d56 -> 
  custom:framework-win-MediaFoundation: 216162199b28c13a410421893ffa2e32 -> 
  custom:container-demuxer-ogg: 62fdf1f143b41e24485cea50d1cbac27 -> 
  custom:video-decoder-webm-vp8: 9c59270c3fd7afecdb556c50c9e8de78 -> 
  custom:audio-decoder-ogg-vorbis: bf7c407c2cedff20999df2af8eb42d56 -> 
========================================================================
Received Import Request.
  Time since last request: 97.779614 seconds.
  path: Assets/Prefabs/School_desk.prefab
  artifactKey: Guid(91973704f13c73b44b3636b568f819e3) Importer(815301076,1909f56bfc062723c751e8b465ee728b)
Start importing Assets/Prefabs/School_desk.prefab using Guid(91973704f13c73b44b3636b568f819e3) Importer(815301076,1909f56bfc062723c751e8b465ee728b)  -> (artifact id: '424524fe87eaf90bae2362ef0ea7920c') in 0.059324 seconds 
========================================================================
Received Import Request.
  Time since last request: 1.727416 seconds.
  path: Assets/Prefabs/School_desk.prefab
  artifactKey: Guid(91973704f13c73b44b3636b568f819e3) Importer(815301076,1909f56bfc062723c751e8b465ee728b)
Start importing Assets/Prefabs/School_desk.prefab using Guid(91973704f13c73b44b3636b568f819e3) Importer(815301076,1909f56bfc062723c751e8b465ee728b)  -> (artifact id: 'b8018bd433663ada848fe4b1c42e5a02') in 0.022867 seconds 
========================================================================
Received Import Request.
  Time since last request: 1.174033 seconds.
  path: Assets/Prefabs/School_desk.prefab
  artifactKey: Guid(91973704f13c73b44b3636b568f819e3) Importer(815301076,1909f56bfc062723c751e8b465ee728b)
Start importing Assets/Prefabs/School_desk.prefab using Guid(91973704f13c73b44b3636b568f819e3) Importer(815301076,1909f56bfc062723c751e8b465ee728b)  -> (artifact id: '6f05f67bab582597401e86d6b38d90d6') in 0.021986 seconds 
========================================================================
Received Import Request.
  Time since last request: 1.989539 seconds.
  path: Assets/Prefabs/School_desk.prefab
  artifactKey: Guid(91973704f13c73b44b3636b568f819e3) Importer(815301076,1909f56bfc062723c751e8b465ee728b)
Start importing Assets/Prefabs/School_desk.prefab using Guid(91973704f13c73b44b3636b568f819e3) Importer(815301076,1909f56bfc062723c751e8b465ee728b)  -> (artifact id: '61a3c5dd2382cc023b6321d78d51932d') in 0.017547 seconds 
========================================================================
Received Import Request.
  Time since last request: 4.003075 seconds.
  path: Assets/Prefabs/School_desk.prefab
  artifactKey: Guid(91973704f13c73b44b3636b568f819e3) Importer(815301076,1909f56bfc062723c751e8b465ee728b)
Start importing Assets/Prefabs/School_desk.prefab using Guid(91973704f13c73b44b3636b568f819e3) Importer(815301076,1909f56bfc062723c751e8b465ee728b)  -> (artifact id: '654d51d4fbab3680a782fac02b724e31') in 0.020621 seconds 
========================================================================
Received Import Request.
  Time since last request: 6.028294 seconds.
  path: Assets/Prefabs/School_desk.prefab
  artifactKey: Guid(91973704f13c73b44b3636b568f819e3) Importer(815301076,1909f56bfc062723c751e8b465ee728b)
Start importing Assets/Prefabs/School_desk.prefab using Guid(91973704f13c73b44b3636b568f819e3) Importer(815301076,1909f56bfc062723c751e8b465ee728b)  -> (artifact id: 'c1010bc8b52ccc3eac4d762ab1c55d72') in 0.021618 seconds 
========================================================================
Received Import Request.
  Time since last request: 5.423865 seconds.
  path: Assets/Prefabs/School_desk.prefab
  artifactKey: Guid(91973704f13c73b44b3636b568f819e3) Importer(815301076,1909f56bfc062723c751e8b465ee728b)
Start importing Assets/Prefabs/School_desk.prefab using Guid(91973704f13c73b44b3636b568f819e3) Importer(815301076,1909f56bfc062723c751e8b465ee728b)  -> (artifact id: 'acc98c9c8028fff75849264b4a35eeb1') in 0.024356 seconds 
========================================================================
Received Import Request.
  Time since last request: 2.578150 seconds.
  path: Assets/Prefabs/School_desk.prefab
  artifactKey: Guid(91973704f13c73b44b3636b568f819e3) Importer(815301076,1909f56bfc062723c751e8b465ee728b)
Start importing Assets/Prefabs/School_desk.prefab using Guid(91973704f13c73b44b3636b568f819e3) Importer(815301076,1909f56bfc062723c751e8b465ee728b)  -> (artifact id: '76b2076f5f0a35749f77c6fed5d4351b') in 0.024446 seconds 
========================================================================
Received Import Request.
  Time since last request: 73.830384 seconds.
  path: Assets/Scenes/Inventory.unity
  artifactKey: Guid(1e18325558f45a24987ef2ad051160af) Importer(815301076,1909f56bfc062723c751e8b465ee728b)
Start importing Assets/Scenes/Inventory.unity using Guid(1e18325558f45a24987ef2ad051160af) Importer(815301076,1909f56bfc062723c751e8b465ee728b)  -> (artifact id: '38e589415b132f4b6c2614f44dc2fd76') in 0.003138 seconds 
========================================================================
Received Import Request.
  Time since last request: 7.464014 seconds.
  path: Assets/Scenes/MainMenu.unity
  artifactKey: Guid(fb40baae63475014e9859ab0ab77d7fd) Importer(815301076,1909f56bfc062723c751e8b465ee728b)
Start importing Assets/Scenes/MainMenu.unity using Guid(fb40baae63475014e9859ab0ab77d7fd) Importer(815301076,1909f56bfc062723c751e8b465ee728b)  -> (artifact id: '41dbd93b919684f47da3833e6902987d') in 0.010083 seconds 
========================================================================
Received Import Request.
  Time since last request: 32.534139 seconds.
  path: Assets/Prefabs/chemistry_table.prefab
  artifactKey: Guid(eea8793fa33c19945aa4c42cb39b4364) Importer(815301076,1909f56bfc062723c751e8b465ee728b)
Start importing Assets/Prefabs/chemistry_table.prefab using Guid(eea8793fa33c19945aa4c42cb39b4364) Importer(815301076,1909f56bfc062723c751e8b465ee728b)  -> (artifact id: 'ba199ec3d382412c66f5a3a6dc9fc44e') in 0.035280 seconds 
========================================================================
Received Import Request.
  Time since last request: 12.253032 seconds.
  path: Assets/Prefabs/chemistry_table.prefab
  artifactKey: Guid(eea8793fa33c19945aa4c42cb39b4364) Importer(815301076,1909f56bfc062723c751e8b465ee728b)
Start importing Assets/Prefabs/chemistry_table.prefab using Guid(eea8793fa33c19945aa4c42cb39b4364) Importer(815301076,1909f56bfc062723c751e8b465ee728b)  -> (artifact id: 'e2c1d6ccf4e2cbf43790c54cd606ebe2') in 0.024674 seconds 
========================================================================
Received Import Request.
  Time since last request: 1.598029 seconds.
  path: Assets/Prefabs/chemistry_table.prefab
  artifactKey: Guid(eea8793fa33c19945aa4c42cb39b4364) Importer(815301076,1909f56bfc062723c751e8b465ee728b)
Start importing Assets/Prefabs/chemistry_table.prefab using Guid(eea8793fa33c19945aa4c42cb39b4364) Importer(815301076,1909f56bfc062723c751e8b465ee728b)  -> (artifact id: '2dce7ff76b029a45ac498ce324bcec63') in 0.030158 seconds 
========================================================================
Received Import Request.
  Time since last request: 1.975242 seconds.
  path: Assets/Prefabs/chemistry_table.prefab
  artifactKey: Guid(eea8793fa33c19945aa4c42cb39b4364) Importer(815301076,1909f56bfc062723c751e8b465ee728b)
Start importing Assets/Prefabs/chemistry_table.prefab using Guid(eea8793fa33c19945aa4c42cb39b4364) Importer(815301076,1909f56bfc062723c751e8b465ee728b)  -> (artifact id: '1e0743dcc00621425d5ca593525c677e') in 0.032539 seconds 
========================================================================
Received Import Request.
  Time since last request: 14.086951 seconds.
  path: Assets/Prefabs/chemistry_table.prefab
  artifactKey: Guid(eea8793fa33c19945aa4c42cb39b4364) Importer(815301076,1909f56bfc062723c751e8b465ee728b)
Start importing Assets/Prefabs/chemistry_table.prefab using Guid(eea8793fa33c19945aa4c42cb39b4364) Importer(815301076,1909f56bfc062723c751e8b465ee728b)  -> (artifact id: '20610074f24b1c1f94f96e0ca776ee44') in 0.025436 seconds 
========================================================================
Received Import Request.
  Time since last request: 3.407549 seconds.
  path: Assets/Prefabs/chemistry_table.prefab
  artifactKey: Guid(eea8793fa33c19945aa4c42cb39b4364) Importer(815301076,1909f56bfc062723c751e8b465ee728b)
Start importing Assets/Prefabs/chemistry_table.prefab using Guid(eea8793fa33c19945aa4c42cb39b4364) Importer(815301076,1909f56bfc062723c751e8b465ee728b)  -> (artifact id: '5379e73bee001557b08e3bee26256218') in 0.053892 seconds 
========================================================================
Received Import Request.
  Time since last request: 2.959947 seconds.
  path: Assets/Prefabs/chemistry_table.prefab
  artifactKey: Guid(eea8793fa33c19945aa4c42cb39b4364) Importer(815301076,1909f56bfc062723c751e8b465ee728b)
Start importing Assets/Prefabs/chemistry_table.prefab using Guid(eea8793fa33c19945aa4c42cb39b4364) Importer(815301076,1909f56bfc062723c751e8b465ee728b)  -> (artifact id: 'aeca57c131e633367405985396ee65eb') in 0.021585 seconds 
========================================================================
Received Import Request.
  Time since last request: 1.794426 seconds.
  path: Assets/Prefabs/chemistry_table.prefab
  artifactKey: Guid(eea8793fa33c19945aa4c42cb39b4364) Importer(815301076,1909f56bfc062723c751e8b465ee728b)
Start importing Assets/Prefabs/chemistry_table.prefab using Guid(eea8793fa33c19945aa4c42cb39b4364) Importer(815301076,1909f56bfc062723c751e8b465ee728b)  -> (artifact id: '2968868ea84e57548fea669274b1fc0c') in 0.028500 seconds 
========================================================================
Received Import Request.
  Time since last request: 8.030641 seconds.
  path: Assets/Prefabs/chemistry_table.prefab
  artifactKey: Guid(eea8793fa33c19945aa4c42cb39b4364) Importer(815301076,1909f56bfc062723c751e8b465ee728b)
Start importing Assets/Prefabs/chemistry_table.prefab using Guid(eea8793fa33c19945aa4c42cb39b4364) Importer(815301076,1909f56bfc062723c751e8b465ee728b)  -> (artifact id: 'eaeafc4446fce0e18dca476a378f1c10') in 0.046329 seconds 
========================================================================
Received Import Request.
  Time since last request: 11.684853 seconds.
  path: Assets/Prefabs/chemistry_table.prefab
  artifactKey: Guid(eea8793fa33c19945aa4c42cb39b4364) Importer(815301076,1909f56bfc062723c751e8b465ee728b)
Start importing Assets/Prefabs/chemistry_table.prefab using Guid(eea8793fa33c19945aa4c42cb39b4364) Importer(815301076,1909f56bfc062723c751e8b465ee728b)  -> (artifact id: '0189dad0b66cbdcc158c07812e86ccda') in 0.023902 seconds 
========================================================================
Received Import Request.
  Time since last request: 4.790050 seconds.
  path: Assets/Prefabs/chemistry_table.prefab
  artifactKey: Guid(eea8793fa33c19945aa4c42cb39b4364) Importer(815301076,1909f56bfc062723c751e8b465ee728b)
Start importing Assets/Prefabs/chemistry_table.prefab using Guid(eea8793fa33c19945aa4c42cb39b4364) Importer(815301076,1909f56bfc062723c751e8b465ee728b)  -> (artifact id: '7489e23692c9847bb7131c5e44892041') in 0.055159 seconds 
========================================================================
Received Import Request.
  Time since last request: 568.361672 seconds.
  path: Assets/3D_Objects/school-alarm-bell
  artifactKey: Guid(b3b352531cd99a6438a373d9a0c5099f) Importer(815301076,1909f56bfc062723c751e8b465ee728b)
Start importing Assets/3D_Objects/school-alarm-bell using Guid(b3b352531cd99a6438a373d9a0c5099f) Importer(815301076,1909f56bfc062723c751e8b465ee728b)  -> (artifact id: 'd6f5bbb6dec73710bac02d7bbe607a8a') in 0.011962 seconds 
========================================================================
Received Import Request.
  Time since last request: 1.716966 seconds.
  path: Assets/3D_Objects/school-alarm-bell/source
  artifactKey: Guid(7525c5e2e6d03024493a97618f81ff30) Importer(815301076,1909f56bfc062723c751e8b465ee728b)
Start importing Assets/3D_Objects/school-alarm-bell/source using Guid(7525c5e2e6d03024493a97618f81ff30) Importer(815301076,1909f56bfc062723c751e8b465ee728b)  -> (artifact id: 'ff8287f39b36a4a03278ffd8afa109fa') in 0.010090 seconds 
========================================================================
Received Import Request.
  Time since last request: 0.005357 seconds.
  path: Assets/3D_Objects/school-alarm-bell/source/Sketchfab_2020_04_29_13_48_24.blend
  artifactKey: Guid(5bddaa3c0af8d744d8355ea1a099252a) Importer(815301076,1909f56bfc062723c751e8b465ee728b)
Start importing Assets/3D_Objects/school-alarm-bell/source/Sketchfab_2020_04_29_13_48_24.blend using Guid(5bddaa3c0af8d744d8355ea1a099252a) Importer(815301076,1909f56bfc062723c751e8b465ee728b)  -> (artifact id: 'dcc22977dba2fbf916bc02903d85738b') in 0.088052 seconds 
========================================================================
Received Import Request.
  Time since last request: 8.727099 seconds.
  path: Assets/3D_Objects/vr-headset-free-model/model/model/model.dae
  artifactKey: Guid(598ed16ec81d7584c9c82f6fc8a11a1c) Importer(815301076,1909f56bfc062723c751e8b465ee728b)
Start importing Assets/3D_Objects/vr-headset-free-model/model/model/model.dae using Guid(598ed16ec81d7584c9c82f6fc8a11a1c) Importer(815301076,1909f56bfc062723c751e8b465ee728b)  -> (artifact id: '3666e411c2d08ee4809b0c6a94e4a5f0') in 0.020365 seconds 
========================================================================
Received Import Request.
  Time since last request: 107.995076 seconds.
  path: Assets/3D_Objects/vr-headset-free-model
  artifactKey: Guid(e49d3cf65350061438afee928ed52fd2) Importer(815301076,1909f56bfc062723c751e8b465ee728b)
Start importing Assets/3D_Objects/vr-headset-free-model using Guid(e49d3cf65350061438afee928ed52fd2) Importer(815301076,1909f56bfc062723c751e8b465ee728b)  -> (artifact id: '758a8990813822d9523202c42d43b7df') in 0.009547 seconds 
========================================================================
Received Import Request.
  Time since last request: 1.542449 seconds.
  path: Assets/3D_Objects/vr-headset-free-model/model
  artifactKey: Guid(d1528d9be37b7f549be41331fba18124) Importer(815301076,1909f56bfc062723c751e8b465ee728b)
Start importing Assets/3D_Objects/vr-headset-free-model/model using Guid(d1528d9be37b7f549be41331fba18124) Importer(815301076,1909f56bfc062723c751e8b465ee728b)  -> (artifact id: 'f2cdc656d410e787638c1ee3f7d40523') in 0.001724 seconds 
========================================================================
Received Import Request.
  Time since last request: 0.837129 seconds.
  path: Assets/3D_Objects/vr-headset-free-model/model/model
  artifactKey: Guid(406e04eb9f55b5547a5e49d24fd9f287) Importer(815301076,1909f56bfc062723c751e8b465ee728b)
Start importing Assets/3D_Objects/vr-headset-free-model/model/model using Guid(406e04eb9f55b5547a5e49d24fd9f287) Importer(815301076,1909f56bfc062723c751e8b465ee728b)  -> (artifact id: '732210abb3f464ace452bb70d28fcf23') in 0.001599 seconds 
========================================================================
Received Prepare
Registering precompiled user dll's ...
Registered in 0.004521 seconds.
Begin MonoManager ReloadAssembly
Symbol file LoadedFromMemory doesn't match image C:\Users\Asus\Documents\GitHub\Tech2023\Tecna\Tecna\Library\PackageCache\com.unity.visualscripting@1.8.0\Editor\VisualScripting.Core\Dependencies\YamlDotNet\Unity.VisualScripting.YamlDotNet.dll
Symbol file LoadedFromMemory doesn't match image C:\Users\Asus\Documents\GitHub\Tech2023\Tecna\Tecna\Library\PackageCache\com.unity.visualscripting@1.8.0\Editor\VisualScripting.Core\Dependencies\DotNetZip\Unity.VisualScripting.IonicZip.dll
Native extension for WindowsStandalone target not found
Native extension for iOS target not found
Native extension for Android target not found
Refreshing native plugins compatible for Editor in 0.69 ms, found 3 plugins.
Preloading 0 native plugins for Editor in 0.00 ms.
Mono: successfully reloaded assembly
- Completed reload, in  1.000 seconds
Domain Reload Profiling:
	ReloadAssembly (1001ms)
		BeginReloadAssembly (139ms)
			ExecutionOrderSort (0ms)
			DisableScriptedObjects (3ms)
			BackupInstance (0ms)
			ReleaseScriptingObjects (0ms)
			CreateAndSetChildDomain (40ms)
		EndReloadAssembly (752ms)
			LoadAssemblies (91ms)
			RebuildTransferFunctionScriptingTraits (0ms)
			SetupTypeCache (270ms)
			ReleaseScriptCaches (2ms)
			RebuildScriptCaches (44ms)
			SetupLoadedEditorAssemblies (303ms)
				LogAssemblyErrors (0ms)
				InitializePlatformSupportModulesInManaged (31ms)
				SetLoadedEditorAssemblies (0ms)
				RefreshPlugins (1ms)
				BeforeProcessingInitializeOnLoad (60ms)
				ProcessInitializeOnLoadAttributes (186ms)
				ProcessInitializeOnLoadMethodAttributes (18ms)
				AfterProcessingInitializeOnLoad (6ms)
				EditorAssembliesLoaded (0ms)
			ExecutionOrderSort2 (0ms)
			AwakeInstancesAfterBackupRestoration (7ms)
Platform modules already initialized, skipping
Refreshing native plugins compatible for Editor in 1.26 ms, found 3 plugins.
Preloading 0 native plugins for Editor in 0.00 ms.
Unloading 3045 Unused Serialized files (Serialized files now loaded: 0)
Unloading 15 unused Assets / (24.6 KB). Loaded Objects now: 3579.
Memory consumption went from 113.5 MB to 113.5 MB.
Total: 3.130900 ms (FindLiveObjects: 0.203600 ms CreateObjectMapping: 0.067800 ms MarkObjects: 2.839500 ms  DeleteObjects: 0.019200 ms)

AssetImportParameters requested are different than current active one (requested -> active):
  custom:video-decoder-ogg-theora: a1e56fd34408186e4bbccfd4996cb3dc -> 
  custom:container-muxer-webm: aa71ff27fc2769a1b78a27578f13a17b -> 
  custom:container-demuxer-webm: 4f35f7cbe854078d1ac9338744f61a02 -> 
  custom:video-encoder-webm-vp8: eb34c28f22e8b96e1ab97ce403110664 -> 
  custom:video-codec-MediaFoundation-h265: 746d11721c4dcdbdad8f713fa42b33f4 -> 
  custom:audio-encoder-webm-vorbis: bf7c407c2cedff20999df2af8eb42d56 -> 
  custom:framework-win-MediaFoundation: 216162199b28c13a410421893ffa2e32 -> 
  custom:container-demuxer-ogg: 62fdf1f143b41e24485cea50d1cbac27 -> 
  custom:video-decoder-webm-vp8: 9c59270c3fd7afecdb556c50c9e8de78 -> 
  custom:audio-decoder-ogg-vorbis: bf7c407c2cedff20999df2af8eb42d56 -> 
========================================================================
Received Prepare
Registering precompiled user dll's ...
Registered in 0.002375 seconds.
Begin MonoManager ReloadAssembly
Symbol file LoadedFromMemory doesn't match image C:\Users\Asus\Documents\GitHub\Tech2023\Tecna\Tecna\Library\PackageCache\com.unity.visualscripting@1.8.0\Editor\VisualScripting.Core\Dependencies\YamlDotNet\Unity.VisualScripting.YamlDotNet.dll
Symbol file LoadedFromMemory doesn't match image C:\Users\Asus\Documents\GitHub\Tech2023\Tecna\Tecna\Library\PackageCache\com.unity.visualscripting@1.8.0\Editor\VisualScripting.Core\Dependencies\DotNetZip\Unity.VisualScripting.IonicZip.dll
Native extension for WindowsStandalone target not found
Native extension for iOS target not found
Native extension for Android target not found
Refreshing native plugins compatible for Editor in 0.46 ms, found 3 plugins.
Preloading 0 native plugins for Editor in 0.00 ms.
Mono: successfully reloaded assembly
- Completed reload, in  0.603 seconds
Domain Reload Profiling:
	ReloadAssembly (603ms)
		BeginReloadAssembly (97ms)
			ExecutionOrderSort (0ms)
			DisableScriptedObjects (4ms)
			BackupInstance (0ms)
			ReleaseScriptingObjects (0ms)
			CreateAndSetChildDomain (28ms)
		EndReloadAssembly (450ms)
			LoadAssemblies (53ms)
			RebuildTransferFunctionScriptingTraits (0ms)
			SetupTypeCache (148ms)
			ReleaseScriptCaches (1ms)
			RebuildScriptCaches (30ms)
			SetupLoadedEditorAssemblies (195ms)
				LogAssemblyErrors (0ms)
				InitializePlatformSupportModulesInManaged (22ms)
				SetLoadedEditorAssemblies (0ms)
				RefreshPlugins (1ms)
				BeforeProcessingInitializeOnLoad (39ms)
				ProcessInitializeOnLoadAttributes (116ms)
				ProcessInitializeOnLoadMethodAttributes (13ms)
				AfterProcessingInitializeOnLoad (4ms)
				EditorAssembliesLoaded (0ms)
			ExecutionOrderSort2 (0ms)
			AwakeInstancesAfterBackupRestoration (4ms)
Platform modules already initialized, skipping
Refreshing native plugins compatible for Editor in 1.18 ms, found 3 plugins.
Preloading 0 native plugins for Editor in 0.00 ms.
Unloading 3045 Unused Serialized files (Serialized files now loaded: 0)
Unloading 15 unused Assets / (24.7 KB). Loaded Objects now: 3582.
Memory consumption went from 113.5 MB to 113.5 MB.
Total: 2.457300 ms (FindLiveObjects: 0.337100 ms CreateObjectMapping: 0.058600 ms MarkObjects: 2.036300 ms  DeleteObjects: 0.024100 ms)

AssetImportParameters requested are different than current active one (requested -> active):
  custom:video-decoder-ogg-theora: a1e56fd34408186e4bbccfd4996cb3dc -> 
  custom:container-muxer-webm: aa71ff27fc2769a1b78a27578f13a17b -> 
  custom:container-demuxer-webm: 4f35f7cbe854078d1ac9338744f61a02 -> 
  custom:video-encoder-webm-vp8: eb34c28f22e8b96e1ab97ce403110664 -> 
  custom:video-codec-MediaFoundation-h265: 746d11721c4dcdbdad8f713fa42b33f4 -> 
  custom:audio-encoder-webm-vorbis: bf7c407c2cedff20999df2af8eb42d56 -> 
  custom:framework-win-MediaFoundation: 216162199b28c13a410421893ffa2e32 -> 
  custom:container-demuxer-ogg: 62fdf1f143b41e24485cea50d1cbac27 -> 
  custom:video-decoder-webm-vp8: 9c59270c3fd7afecdb556c50c9e8de78 -> 
  custom:audio-decoder-ogg-vorbis: bf7c407c2cedff20999df2af8eb42d56 -> 
========================================================================
Received Prepare
Registering precompiled user dll's ...
Registered in 0.003629 seconds.
Begin MonoManager ReloadAssembly
Symbol file LoadedFromMemory doesn't match image C:\Users\Asus\Documents\GitHub\Tech2023\Tecna\Tecna\Library\PackageCache\com.unity.visualscripting@1.8.0\Editor\VisualScripting.Core\Dependencies\YamlDotNet\Unity.VisualScripting.YamlDotNet.dll
Symbol file LoadedFromMemory doesn't match image C:\Users\Asus\Documents\GitHub\Tech2023\Tecna\Tecna\Library\PackageCache\com.unity.visualscripting@1.8.0\Editor\VisualScripting.Core\Dependencies\DotNetZip\Unity.VisualScripting.IonicZip.dll
Native extension for WindowsStandalone target not found
Native extension for iOS target not found
Native extension for Android target not found
Refreshing native plugins compatible for Editor in 0.49 ms, found 3 plugins.
Preloading 0 native plugins for Editor in 0.00 ms.
Mono: successfully reloaded assembly
- Completed reload, in  0.624 seconds
Domain Reload Profiling:
	ReloadAssembly (624ms)
		BeginReloadAssembly (96ms)
			ExecutionOrderSort (0ms)
			DisableScriptedObjects (4ms)
			BackupInstance (0ms)
			ReleaseScriptingObjects (0ms)
			CreateAndSetChildDomain (27ms)
		EndReloadAssembly (474ms)
			LoadAssemblies (54ms)
			RebuildTransferFunctionScriptingTraits (0ms)
			SetupTypeCache (177ms)
			ReleaseScriptCaches (1ms)
			RebuildScriptCaches (25ms)
			SetupLoadedEditorAssemblies (193ms)
				LogAssemblyErrors (0ms)
				InitializePlatformSupportModulesInManaged (21ms)
				SetLoadedEditorAssemblies (0ms)
				RefreshPlugins (1ms)
				BeforeProcessingInitializeOnLoad (40ms)
				ProcessInitializeOnLoadAttributes (115ms)
				ProcessInitializeOnLoadMethodAttributes (12ms)
				AfterProcessingInitializeOnLoad (4ms)
				EditorAssembliesLoaded (0ms)
			ExecutionOrderSort2 (0ms)
			AwakeInstancesAfterBackupRestoration (5ms)
Platform modules already initialized, skipping
Refreshing native plugins compatible for Editor in 1.44 ms, found 3 plugins.
Preloading 0 native plugins for Editor in 0.00 ms.
Unloading 3045 Unused Serialized files (Serialized files now loaded: 0)
Unloading 15 unused Assets / (24.7 KB). Loaded Objects now: 3585.
Memory consumption went from 113.5 MB to 113.5 MB.
Total: 2.486200 ms (FindLiveObjects: 0.217100 ms CreateObjectMapping: 0.071800 ms MarkObjects: 2.177900 ms  DeleteObjects: 0.018500 ms)

AssetImportParameters requested are different than current active one (requested -> active):
  custom:video-decoder-ogg-theora: a1e56fd34408186e4bbccfd4996cb3dc -> 
  custom:container-muxer-webm: aa71ff27fc2769a1b78a27578f13a17b -> 
  custom:container-demuxer-webm: 4f35f7cbe854078d1ac9338744f61a02 -> 
  custom:video-encoder-webm-vp8: eb34c28f22e8b96e1ab97ce403110664 -> 
  custom:video-codec-MediaFoundation-h265: 746d11721c4dcdbdad8f713fa42b33f4 -> 
  custom:audio-encoder-webm-vorbis: bf7c407c2cedff20999df2af8eb42d56 -> 
  custom:framework-win-MediaFoundation: 216162199b28c13a410421893ffa2e32 -> 
  custom:container-demuxer-ogg: 62fdf1f143b41e24485cea50d1cbac27 -> 
  custom:video-decoder-webm-vp8: 9c59270c3fd7afecdb556c50c9e8de78 -> 
  custom:audio-decoder-ogg-vorbis: bf7c407c2cedff20999df2af8eb42d56 -> 
========================================================================
Received Prepare
Registering precompiled user dll's ...
Registered in 0.002888 seconds.
Begin MonoManager ReloadAssembly
Symbol file LoadedFromMemory doesn't match image C:\Users\Asus\Documents\GitHub\Tech2023\Tecna\Tecna\Library\PackageCache\com.unity.visualscripting@1.8.0\Editor\VisualScripting.Core\Dependencies\YamlDotNet\Unity.VisualScripting.YamlDotNet.dll
Symbol file LoadedFromMemory doesn't match image C:\Users\Asus\Documents\GitHub\Tech2023\Tecna\Tecna\Library\PackageCache\com.unity.visualscripting@1.8.0\Editor\VisualScripting.Core\Dependencies\DotNetZip\Unity.VisualScripting.IonicZip.dll
Native extension for WindowsStandalone target not found
Native extension for iOS target not found
Native extension for Android target not found
Refreshing native plugins compatible for Editor in 0.49 ms, found 3 plugins.
Preloading 0 native plugins for Editor in 0.00 ms.
Mono: successfully reloaded assembly
- Completed reload, in  0.629 seconds
Domain Reload Profiling:
	ReloadAssembly (629ms)
		BeginReloadAssembly (94ms)
			ExecutionOrderSort (0ms)
			DisableScriptedObjects (3ms)
			BackupInstance (0ms)
			ReleaseScriptingObjects (0ms)
			CreateAndSetChildDomain (25ms)
		EndReloadAssembly (480ms)
			LoadAssemblies (54ms)
			RebuildTransferFunctionScriptingTraits (0ms)
			SetupTypeCache (160ms)
			ReleaseScriptCaches (1ms)
			RebuildScriptCaches (26ms)
			SetupLoadedEditorAssemblies (208ms)
				LogAssemblyErrors (0ms)
				InitializePlatformSupportModulesInManaged (20ms)
				SetLoadedEditorAssemblies (0ms)
				RefreshPlugins (1ms)
				BeforeProcessingInitializeOnLoad (39ms)
				ProcessInitializeOnLoadAttributes (128ms)
				ProcessInitializeOnLoadMethodAttributes (15ms)
				AfterProcessingInitializeOnLoad (5ms)
				EditorAssembliesLoaded (0ms)
			ExecutionOrderSort2 (0ms)
			AwakeInstancesAfterBackupRestoration (5ms)
Platform modules already initialized, skipping
Refreshing native plugins compatible for Editor in 1.36 ms, found 3 plugins.
Preloading 0 native plugins for Editor in 0.00 ms.
Unloading 3045 Unused Serialized files (Serialized files now loaded: 0)
Unloading 15 unused Assets / (24.7 KB). Loaded Objects now: 3588.
Memory consumption went from 113.6 MB to 113.5 MB.
Total: 2.375100 ms (FindLiveObjects: 0.294400 ms CreateObjectMapping: 0.072200 ms MarkObjects: 1.984900 ms  DeleteObjects: 0.021700 ms)

AssetImportParameters requested are different than current active one (requested -> active):
  custom:video-decoder-ogg-theora: a1e56fd34408186e4bbccfd4996cb3dc -> 
  custom:container-muxer-webm: aa71ff27fc2769a1b78a27578f13a17b -> 
  custom:container-demuxer-webm: 4f35f7cbe854078d1ac9338744f61a02 -> 
  custom:video-encoder-webm-vp8: eb34c28f22e8b96e1ab97ce403110664 -> 
  custom:video-codec-MediaFoundation-h265: 746d11721c4dcdbdad8f713fa42b33f4 -> 
  custom:audio-encoder-webm-vorbis: bf7c407c2cedff20999df2af8eb42d56 -> 
  custom:framework-win-MediaFoundation: 216162199b28c13a410421893ffa2e32 -> 
  custom:container-demuxer-ogg: 62fdf1f143b41e24485cea50d1cbac27 -> 
  custom:video-decoder-webm-vp8: 9c59270c3fd7afecdb556c50c9e8de78 -> 
  custom:audio-decoder-ogg-vorbis: bf7c407c2cedff20999df2af8eb42d56 -> 
========================================================================
Received Import Request.
  Time since last request: 369.353185 seconds.
  path: Assets/3D_Objects/VR_Headset
  artifactKey: Guid(e49d3cf65350061438afee928ed52fd2) Importer(815301076,1909f56bfc062723c751e8b465ee728b)
Start importing Assets/3D_Objects/VR_Headset using Guid(e49d3cf65350061438afee928ed52fd2) Importer(815301076,1909f56bfc062723c751e8b465ee728b)  -> (artifact id: '687195b7b8d35e321c5cd822f259f233') in 0.015149 seconds 
========================================================================
Received Import Request.
  Time since last request: 8.661560 seconds.
  path: Assets/3D_Objects/VR_Headset/model/model/textures
  artifactKey: Guid(c6965647b20c94143b778ddd990fc69d) Importer(815301076,1909f56bfc062723c751e8b465ee728b)
Start importing Assets/3D_Objects/VR_Headset/model/model/textures using Guid(c6965647b20c94143b778ddd990fc69d) Importer(815301076,1909f56bfc062723c751e8b465ee728b)  -> (artifact id: '1be55e980107f387e19f248c12abef4b') in 0.003425 seconds 
========================================================================
Received Import Request.
  Time since last request: 0.062605 seconds.
  path: Assets/3D_Objects/VR_Headset/model/model/textures/VR_albedo.jpg
  artifactKey: Guid(553f514f31dd88542825dc1e40b24886) Importer(815301076,1909f56bfc062723c751e8b465ee728b)
Start importing Assets/3D_Objects/VR_Headset/model/model/textures/VR_albedo.jpg using Guid(553f514f31dd88542825dc1e40b24886) Importer(815301076,1909f56bfc062723c751e8b465ee728b)  -> (artifact id: 'f6855a86a47f5806bafc1977716a115f') in 0.044991 seconds 
========================================================================
Received Import Request.
  Time since last request: 0.000016 seconds.
  path: Assets/3D_Objects/VR_Headset/model/model/textures/VR_metallic.jpg
  artifactKey: Guid(fe2a0bac3280d9c448ba44fff5dcf434) Importer(815301076,1909f56bfc062723c751e8b465ee728b)
Start importing Assets/3D_Objects/VR_Headset/model/model/textures/VR_metallic.jpg using Guid(fe2a0bac3280d9c448ba44fff5dcf434) Importer(815301076,1909f56bfc062723c751e8b465ee728b)  -> (artifact id: '91c38caa19f7baa9846a75fada17f2ae') in 0.011122 seconds 
========================================================================
Received Import Request.
  Time since last request: 0.000017 seconds.
  path: Assets/3D_Objects/VR_Headset/model/model/textures/VR_roughness.jpg
  artifactKey: Guid(a3792ea21d63c1c4293e6ce2dc33499d) Importer(815301076,1909f56bfc062723c751e8b465ee728b)
Start importing Assets/3D_Objects/VR_Headset/model/model/textures/VR_roughness.jpg using Guid(a3792ea21d63c1c4293e6ce2dc33499d) Importer(815301076,1909f56bfc062723c751e8b465ee728b)  -> (artifact id: '96340c9094d52df87e14464a803d1c05') in 0.013287 seconds 
Editor requested this worker to shutdown with reason: Scaling down because of idle timeout
AssetImportWorker is now disconnected from the server
Process exiting
Exiting without the bug reporter. Application will terminate with return code 0