Using pre-set license
Built from '2021.3/staging' branch; Version is '2021.3.26f1 (a16dc32e0ff2) revision 10579395'; Using compiler version '192829333'; Build Type 'Release'
OS: 'Windows 11  (10.0.22621) 64bit Professional' Language: 'ru' Physical Memory: 15587 MB
BatchMode: 1, IsHumanControllingUs: 0, StartBugReporterOnCrash: 0, Is64bit: 1, IsPro: 1

COMMAND LINE ARGUMENTS:
C:\Program Files\Unity\Hub\Editor\2021.3.26f1\Editor\Unity.exe
-adb2
-batchMode
-noUpm
-name
AssetImportWorker13
-projectPath
C:/Users/Asus/Documents/GitHub/Tech2023/Tecna/Tecna
-logFile
Logs/AssetImportWorker13.log
-srvPort
54795
Successfully changed project path to: C:/Users/Asus/Documents/GitHub/Tech2023/Tecna/Tecna
C:/Users/Asus/Documents/GitHub/Tech2023/Tecna/Tecna
[UnityMemory] Configuration Parameters - Can be set up in boot.config
    "memorysetup-bucket-allocator-granularity=16"
    "memorysetup-bucket-allocator-bucket-count=8"
    "memorysetup-bucket-allocator-block-size=33554432"
    "memorysetup-bucket-allocator-block-count=8"
    "memorysetup-main-allocator-block-size=16777216"
    "memorysetup-thread-allocator-block-size=16777216"
    "memorysetup-gfx-main-allocator-block-size=16777216"
    "memorysetup-gfx-thread-allocator-block-size=16777216"
    "memorysetup-cache-allocator-block-size=4194304"
    "memorysetup-typetree-allocator-block-size=2097152"
    "memorysetup-profiler-bucket-allocator-granularity=16"
    "memorysetup-profiler-bucket-allocator-bucket-count=8"
    "memorysetup-profiler-bucket-allocator-block-size=33554432"
    "memorysetup-profiler-bucket-allocator-block-count=8"
    "memorysetup-profiler-allocator-block-size=16777216"
    "memorysetup-profiler-editor-allocator-block-size=1048576"
    "memorysetup-temp-allocator-size-main=16777216"
    "memorysetup-job-temp-allocator-block-size=2097152"
    "memorysetup-job-temp-allocator-block-size-background=1048576"
    "memorysetup-job-temp-allocator-reduction-small-platforms=262144"
    "memorysetup-temp-allocator-size-background-worker=32768"
    "memorysetup-temp-allocator-size-job-worker=262144"
    "memorysetup-temp-allocator-size-preload-manager=33554432"
    "memorysetup-temp-allocator-size-nav-mesh-worker=65536"
    "memorysetup-temp-allocator-size-audio-worker=65536"
    "memorysetup-temp-allocator-size-cloud-worker=32768"
    "memorysetup-temp-allocator-size-gi-baking-worker=262144"
    "memorysetup-temp-allocator-size-gfx=262144"
Player connection [114636] Host "[IP] 192.168.1.105 [Port] 0 [Flags] 2 [Guid] 3313988750 [EditorId] 3313988750 [Version] 1048832 [Id] WindowsEditor(7,DESKTOP-SQBOMCG) [Debug] 1 [PackageName] WindowsEditor [ProjectName] Editor" joined multi-casting on [225.0.0.222:54997]...

Player connection [114636] Host "[IP] 192.168.1.105 [Port] 0 [Flags] 2 [Guid] 3313988750 [EditorId] 3313988750 [Version] 1048832 [Id] WindowsEditor(7,DESKTOP-SQBOMCG) [Debug] 1 [PackageName] WindowsEditor [ProjectName] Editor" joined alternative multi-casting on [225.0.0.222:34997]...

Refreshing native plugins compatible for Editor in 55.91 ms, found 3 plugins.
Preloading 0 native plugins for Editor in 0.00 ms.
Initialize engine version: 2021.3.26f1 (a16dc32e0ff2)
[Subsystems] Discovering subsystems at path C:/Program Files/Unity/Hub/Editor/2021.3.26f1/Editor/Data/Resources/UnitySubsystems
[Subsystems] Discovering subsystems at path C:/Users/Asus/Documents/GitHub/Tech2023/Tecna/Tecna/Assets
GfxDevice: creating device client; threaded=0; jobified=0
Direct3D:
    Version:  Direct3D 11.0 [level 11.1]
    Renderer: NVIDIA GeForce RTX 4060 Laptop GPU (ID=0x28e0)
    Vendor:   NVIDIA
    VRAM:     7971 MB
    Driver:   31.0.15.3640
Initialize mono
Mono path[0] = 'C:/Program Files/Unity/Hub/Editor/2021.3.26f1/Editor/Data/Managed'
Mono path[1] = 'C:/Program Files/Unity/Hub/Editor/2021.3.26f1/Editor/Data/MonoBleedingEdge/lib/mono/unityjit-win32'
Mono config path = 'C:/Program Files/Unity/Hub/Editor/2021.3.26f1/Editor/Data/MonoBleedingEdge/etc'
Using monoOptions --debugger-agent=transport=dt_socket,embedding=1,server=y,suspend=n,address=127.0.0.1:56716
Begin MonoManager ReloadAssembly
Registering precompiled unity dll's ...
Register platform support module: C:/Program Files/Unity/Hub/Editor/2021.3.26f1/Editor/Data/PlaybackEngines/AndroidPlayer/UnityEditor.Android.Extensions.dll
Register platform support module: C:/Program Files/Unity/Hub/Editor/2021.3.26f1/Editor/Data/PlaybackEngines/iOSSupport/UnityEditor.iOS.Extensions.dll
Register platform support module: C:/Program Files/Unity/Hub/Editor/2021.3.26f1/Editor/Data/PlaybackEngines/WindowsStandaloneSupport/UnityEditor.WindowsStandalone.Extensions.dll
Registered in 0.003750 seconds.
Native extension for WindowsStandalone target not found
[usbmuxd] Start listen thread
[usbmuxd] Listen thread started
Native extension for iOS target not found
Native extension for Android target not found
Android Extension - Scanning For ADB Devices 289 ms
Refreshing native plugins compatible for Editor in 46.68 ms, found 3 plugins.
Preloading 0 native plugins for Editor in 0.00 ms.
Mono: successfully reloaded assembly
- Completed reload, in  1.130 seconds
Domain Reload Profiling:
	ReloadAssembly (1130ms)
		BeginReloadAssembly (76ms)
			ExecutionOrderSort (0ms)
			DisableScriptedObjects (0ms)
			BackupInstance (0ms)
			ReleaseScriptingObjects (0ms)
			CreateAndSetChildDomain (1ms)
		EndReloadAssembly (831ms)
			LoadAssemblies (74ms)
			RebuildTransferFunctionScriptingTraits (0ms)
			SetupTypeCache (246ms)
			ReleaseScriptCaches (0ms)
			RebuildScriptCaches (17ms)
			SetupLoadedEditorAssemblies (534ms)
				LogAssemblyErrors (0ms)
				InitializePlatformSupportModulesInManaged (400ms)
				SetLoadedEditorAssemblies (0ms)
				RefreshPlugins (47ms)
				BeforeProcessingInitializeOnLoad (1ms)
				ProcessInitializeOnLoadAttributes (55ms)
				ProcessInitializeOnLoadMethodAttributes (31ms)
				AfterProcessingInitializeOnLoad (0ms)
				EditorAssembliesLoaded (0ms)
			ExecutionOrderSort2 (0ms)
			AwakeInstancesAfterBackupRestoration (0ms)
Platform modules already initialized, skipping
Registering precompiled user dll's ...
Registered in 0.003244 seconds.
Begin MonoManager ReloadAssembly
Symbol file LoadedFromMemory doesn't match image C:\Users\Asus\Documents\GitHub\Tech2023\Tecna\Tecna\Library\PackageCache\com.unity.visualscripting@1.8.0\Editor\VisualScripting.Core\Dependencies\YamlDotNet\Unity.VisualScripting.YamlDotNet.dll
Symbol file LoadedFromMemory doesn't match image C:\Users\Asus\Documents\GitHub\Tech2023\Tecna\Tecna\Library\PackageCache\com.unity.visualscripting@1.8.0\Editor\VisualScripting.Core\Dependencies\DotNetZip\Unity.VisualScripting.IonicZip.dll
Native extension for WindowsStandalone target not found
Native extension for iOS target not found
Native extension for Android target not found
Refreshing native plugins compatible for Editor in 0.49 ms, found 3 plugins.
Preloading 0 native plugins for Editor in 0.00 ms.
Mono: successfully reloaded assembly
- Completed reload, in  0.811 seconds
Domain Reload Profiling:
	ReloadAssembly (811ms)
		BeginReloadAssembly (92ms)
			ExecutionOrderSort (0ms)
			DisableScriptedObjects (4ms)
			BackupInstance (0ms)
			ReleaseScriptingObjects (0ms)
			CreateAndSetChildDomain (22ms)
		EndReloadAssembly (641ms)
			LoadAssemblies (69ms)
			RebuildTransferFunctionScriptingTraits (0ms)
			SetupTypeCache (282ms)
			ReleaseScriptCaches (1ms)
			RebuildScriptCaches (42ms)
			SetupLoadedEditorAssemblies (223ms)
				LogAssemblyErrors (0ms)
				InitializePlatformSupportModulesInManaged (23ms)
				SetLoadedEditorAssemblies (0ms)
				RefreshPlugins (1ms)
				BeforeProcessingInitializeOnLoad (51ms)
				ProcessInitializeOnLoadAttributes (129ms)
				ProcessInitializeOnLoadMethodAttributes (13ms)
				AfterProcessingInitializeOnLoad (5ms)
				EditorAssembliesLoaded (0ms)
			ExecutionOrderSort2 (0ms)
			AwakeInstancesAfterBackupRestoration (4ms)
Platform modules already initialized, skipping
========================================================================
Worker process is ready to serve import requests
Launched and connected shader compiler UnityShaderCompiler.exe after 0.06 seconds
Refreshing native plugins compatible for Editor in 0.51 ms, found 3 plugins.
Preloading 0 native plugins for Editor in 0.00 ms.
Unloading 3053 Unused Serialized files (Serialized files now loaded: 0)
Unloading 22 unused Assets / (284.1 KB). Loaded Objects now: 3520.
Memory consumption went from 113.3 MB to 113.0 MB.
Total: 2.417500 ms (FindLiveObjects: 0.264800 ms CreateObjectMapping: 0.068700 ms MarkObjects: 2.022800 ms  DeleteObjects: 0.060200 ms)

AssetImportParameters requested are different than current active one (requested -> active):
  custom:video-decoder-ogg-theora: a1e56fd34408186e4bbccfd4996cb3dc -> 
  custom:container-muxer-webm: aa71ff27fc2769a1b78a27578f13a17b -> 
  custom:container-demuxer-webm: 4f35f7cbe854078d1ac9338744f61a02 -> 
  custom:video-encoder-webm-vp8: eb34c28f22e8b96e1ab97ce403110664 -> 
  custom:video-codec-MediaFoundation-h265: 746d11721c4dcdbdad8f713fa42b33f4 -> 
  custom:audio-encoder-webm-vorbis: bf7c407c2cedff20999df2af8eb42d56 -> 
  custom:framework-win-MediaFoundation: 216162199b28c13a410421893ffa2e32 -> 
  custom:container-demuxer-ogg: 62fdf1f143b41e24485cea50d1cbac27 -> 
  custom:video-decoder-webm-vp8: 9c59270c3fd7afecdb556c50c9e8de78 -> 
  custom:audio-decoder-ogg-vorbis: bf7c407c2cedff20999df2af8eb42d56 -> 
========================================================================
Received Import Request.
  Time since last request: 502473.979431 seconds.
  path: Assets/3D_Objects/Instruments/sandpiper/sandpiper-filled_GeneratedMat1.png
  artifactKey: Guid(c2b70c6d187059b48aa963c6ff3e9cf5) Importer(815301076,1909f56bfc062723c751e8b465ee728b)
Start importing Assets/3D_Objects/Instruments/sandpiper/sandpiper-filled_GeneratedMat1.png using Guid(c2b70c6d187059b48aa963c6ff3e9cf5) Importer(815301076,1909f56bfc062723c751e8b465ee728b)  -> (artifact id: '39dde479bb048792c6ad02ef54271366') in 0.167020 seconds 
========================================================================
Received Import Request.
  Time since last request: 6818.799991 seconds.
  path: Assets/3D_Objects/Furniture/The3DPeriodicTable/The3DPeriodicTable.obj
  artifactKey: Guid(8c9d5d1262f4f1147800933ba4671f24) Importer(815301076,1909f56bfc062723c751e8b465ee728b)
Start importing Assets/3D_Objects/Furniture/The3DPeriodicTable/The3DPeriodicTable.obj using Guid(8c9d5d1262f4f1147800933ba4671f24) Importer(815301076,1909f56bfc062723c751e8b465ee728b)  -> (artifact id: 'd760e73faf7d255ca322cede9c1971c8') in 0.118465 seconds 
========================================================================
Received Import Request.
  Time since last request: 185.636638 seconds.
  path: Assets/Viverna_Assets/Globe/Mesh/Globe.fbx
  artifactKey: Guid(4b55f9e77a7e2b64c90fa45a0543815a) Importer(815301076,1909f56bfc062723c751e8b465ee728b)
Start importing Assets/Viverna_Assets/Globe/Mesh/Globe.fbx using Guid(4b55f9e77a7e2b64c90fa45a0543815a) Importer(815301076,1909f56bfc062723c751e8b465ee728b)  -> (artifact id: '91941418e110edf3bf3e20422d01e5aa') in 0.030812 seconds 
========================================================================
Received Import Request.
  Time since last request: 107.721040 seconds.
  path: Assets/3D_Objects/Furniture/Globe/Textures/Globe_AO.png
  artifactKey: Guid(cd7e720e6c8e3df47b00cca74670bb0f) Importer(815301076,1909f56bfc062723c751e8b465ee728b)
Start importing Assets/3D_Objects/Furniture/Globe/Textures/Globe_AO.png using Guid(cd7e720e6c8e3df47b00cca74670bb0f) Importer(815301076,1909f56bfc062723c751e8b465ee728b)  -> (artifact id: '25c9fb8311b4826c9ea322543c067498') in 0.021606 seconds 
========================================================================
Received Import Request.
  Time since last request: 0.000023 seconds.
  path: Assets/3D_Objects/Furniture/Globe/Textures/Globe_Normals.png
  artifactKey: Guid(5a448b723b97af744916b52a983e042e) Importer(815301076,1909f56bfc062723c751e8b465ee728b)
Start importing Assets/3D_Objects/Furniture/Globe/Textures/Globe_Normals.png using Guid(5a448b723b97af744916b52a983e042e) Importer(815301076,1909f56bfc062723c751e8b465ee728b)  -> (artifact id: '1fb410f558972570ee82bb5e3e6a53a3') in 0.025534 seconds 
========================================================================
Received Import Request.
  Time since last request: 65.982850 seconds.
  path: Assets/Viverna_Assets/DemoScene/Materials/Frame.mat
  artifactKey: Guid(e793a49587e6258499ceb78667bef2e0) Importer(815301076,1909f56bfc062723c751e8b465ee728b)
Start importing Assets/Viverna_Assets/DemoScene/Materials/Frame.mat using Guid(e793a49587e6258499ceb78667bef2e0) Importer(815301076,1909f56bfc062723c751e8b465ee728b)  -> (artifact id: '90d78068f026d82f2805170f5a9f3752') in 0.015837 seconds 
========================================================================
Received Import Request.
  Time since last request: 0.000072 seconds.
  path: Assets/Viverna_Assets/DemoScene/Materials/Light.mat
  artifactKey: Guid(aad47785ddc0ab4428d28fcb24a756ec) Importer(815301076,1909f56bfc062723c751e8b465ee728b)
Start importing Assets/Viverna_Assets/DemoScene/Materials/Light.mat using Guid(aad47785ddc0ab4428d28fcb24a756ec) Importer(815301076,1909f56bfc062723c751e8b465ee728b)  -> (artifact id: '8fc4e54542a02a7d2dece27e67a6787b') in 0.011671 seconds 
========================================================================
Received Import Request.
  Time since last request: 0.000016 seconds.
  path: Assets/Viverna_Assets/DemoScene/Materials/LightingData.asset
  artifactKey: Guid(3b40e5fbaa43e97498f4b28498ff924d) Importer(815301076,1909f56bfc062723c751e8b465ee728b)
Start importing Assets/Viverna_Assets/DemoScene/Materials/LightingData.asset using Guid(3b40e5fbaa43e97498f4b28498ff924d) Importer(815301076,1909f56bfc062723c751e8b465ee728b) Lighting data asset ‘LightingData’ is inconsistent because 3 files out of 14 are missing. Please use Generate Lighting to rebuild the lighting data.
Lighting data asset ‘LightingData’ is incompatible with the current Unity version because the scene it was baked for was not serialized. Please use Generate Lighting to rebuild the lighting data, or assign the target scene to the Lighting Data Asset in the inspector.
 -> (artifact id: '2acc52b8e56d5d999933743b2489c39e') in 0.014452 seconds 
========================================================================
Received Prepare
Registering precompiled user dll's ...
Registered in 0.002543 seconds.
Begin MonoManager ReloadAssembly
Symbol file LoadedFromMemory doesn't match image C:\Users\Asus\Documents\GitHub\Tech2023\Tecna\Tecna\Library\PackageCache\com.unity.visualscripting@1.8.0\Editor\VisualScripting.Core\Dependencies\YamlDotNet\Unity.VisualScripting.YamlDotNet.dll
Symbol file LoadedFromMemory doesn't match image C:\Users\Asus\Documents\GitHub\Tech2023\Tecna\Tecna\Library\PackageCache\com.unity.visualscripting@1.8.0\Editor\VisualScripting.Core\Dependencies\DotNetZip\Unity.VisualScripting.IonicZip.dll
Native extension for WindowsStandalone target not found
Native extension for iOS target not found
Native extension for Android target not found
Refreshing native plugins compatible for Editor in 0.84 ms, found 3 plugins.
Preloading 0 native plugins for Editor in 0.00 ms.
Mono: successfully reloaded assembly
- Completed reload, in  0.867 seconds
Domain Reload Profiling:
	ReloadAssembly (868ms)
		BeginReloadAssembly (207ms)
			ExecutionOrderSort (0ms)
			DisableScriptedObjects (6ms)
			BackupInstance (0ms)
			ReleaseScriptingObjects (0ms)
			CreateAndSetChildDomain (91ms)
		EndReloadAssembly (576ms)
			LoadAssemblies (100ms)
			RebuildTransferFunctionScriptingTraits (0ms)
			SetupTypeCache (216ms)
			ReleaseScriptCaches (1ms)
			RebuildScriptCaches (30ms)
			SetupLoadedEditorAssemblies (218ms)
				LogAssemblyErrors (0ms)
				InitializePlatformSupportModulesInManaged (25ms)
				SetLoadedEditorAssemblies (0ms)
				RefreshPlugins (1ms)
				BeforeProcessingInitializeOnLoad (42ms)
				ProcessInitializeOnLoadAttributes (128ms)
				ProcessInitializeOnLoadMethodAttributes (17ms)
				AfterProcessingInitializeOnLoad (5ms)
				EditorAssembliesLoaded (0ms)
			ExecutionOrderSort2 (0ms)
			AwakeInstancesAfterBackupRestoration (5ms)
Platform modules already initialized, skipping
Refreshing native plugins compatible for Editor in 1.69 ms, found 3 plugins.
Preloading 0 native plugins for Editor in 0.00 ms.
Unloading 3045 Unused Serialized files (Serialized files now loaded: 0)
Unloading 15 unused Assets / (24.7 KB). Loaded Objects now: 3570.
Memory consumption went from 113.1 MB to 113.0 MB.
Total: 3.320000 ms (FindLiveObjects: 0.228000 ms CreateObjectMapping: 0.067000 ms MarkObjects: 2.997900 ms  DeleteObjects: 0.025900 ms)

AssetImportParameters requested are different than current active one (requested -> active):
  custom:video-decoder-ogg-theora: a1e56fd34408186e4bbccfd4996cb3dc -> 
  custom:container-muxer-webm: aa71ff27fc2769a1b78a27578f13a17b -> 
  custom:container-demuxer-webm: 4f35f7cbe854078d1ac9338744f61a02 -> 
  custom:video-encoder-webm-vp8: eb34c28f22e8b96e1ab97ce403110664 -> 
  custom:video-codec-MediaFoundation-h265: 746d11721c4dcdbdad8f713fa42b33f4 -> 
  custom:audio-encoder-webm-vorbis: bf7c407c2cedff20999df2af8eb42d56 -> 
  custom:framework-win-MediaFoundation: 216162199b28c13a410421893ffa2e32 -> 
  custom:container-demuxer-ogg: 62fdf1f143b41e24485cea50d1cbac27 -> 
  custom:video-decoder-webm-vp8: 9c59270c3fd7afecdb556c50c9e8de78 -> 
  custom:audio-decoder-ogg-vorbis: bf7c407c2cedff20999df2af8eb42d56 -> 
========================================================================
Received Prepare
Registering precompiled user dll's ...
Registered in 0.002420 seconds.
Begin MonoManager ReloadAssembly
Symbol file LoadedFromMemory doesn't match image C:\Users\Asus\Documents\GitHub\Tech2023\Tecna\Tecna\Library\PackageCache\com.unity.visualscripting@1.8.0\Editor\VisualScripting.Core\Dependencies\YamlDotNet\Unity.VisualScripting.YamlDotNet.dll
Symbol file LoadedFromMemory doesn't match image C:\Users\Asus\Documents\GitHub\Tech2023\Tecna\Tecna\Library\PackageCache\com.unity.visualscripting@1.8.0\Editor\VisualScripting.Core\Dependencies\DotNetZip\Unity.VisualScripting.IonicZip.dll
Native extension for WindowsStandalone target not found
Native extension for iOS target not found
Native extension for Android target not found
Refreshing native plugins compatible for Editor in 0.46 ms, found 3 plugins.
Preloading 0 native plugins for Editor in 0.00 ms.
Mono: successfully reloaded assembly
- Completed reload, in  0.650 seconds
Domain Reload Profiling:
	ReloadAssembly (651ms)
		BeginReloadAssembly (99ms)
			ExecutionOrderSort (0ms)
			DisableScriptedObjects (3ms)
			BackupInstance (0ms)
			ReleaseScriptingObjects (0ms)
			CreateAndSetChildDomain (27ms)
		EndReloadAssembly (498ms)
			LoadAssemblies (64ms)
			RebuildTransferFunctionScriptingTraits (0ms)
			SetupTypeCache (173ms)
			ReleaseScriptCaches (1ms)
			RebuildScriptCaches (28ms)
			SetupLoadedEditorAssemblies (207ms)
				LogAssemblyErrors (0ms)
				InitializePlatformSupportModulesInManaged (23ms)
				SetLoadedEditorAssemblies (0ms)
				RefreshPlugins (1ms)
				BeforeProcessingInitializeOnLoad (40ms)
				ProcessInitializeOnLoadAttributes (123ms)
				ProcessInitializeOnLoadMethodAttributes (14ms)
				AfterProcessingInitializeOnLoad (5ms)
				EditorAssembliesLoaded (0ms)
			ExecutionOrderSort2 (0ms)
			AwakeInstancesAfterBackupRestoration (5ms)
Platform modules already initialized, skipping
Refreshing native plugins compatible for Editor in 1.39 ms, found 3 plugins.
Preloading 0 native plugins for Editor in 0.00 ms.
Unloading 3045 Unused Serialized files (Serialized files now loaded: 0)
Unloading 15 unused Assets / (24.6 KB). Loaded Objects now: 3573.
Memory consumption went from 113.1 MB to 113.0 MB.
Total: 2.563200 ms (FindLiveObjects: 0.216700 ms CreateObjectMapping: 0.111100 ms MarkObjects: 2.212300 ms  DeleteObjects: 0.022400 ms)

AssetImportParameters requested are different than current active one (requested -> active):
  custom:video-decoder-ogg-theora: a1e56fd34408186e4bbccfd4996cb3dc -> 
  custom:container-muxer-webm: aa71ff27fc2769a1b78a27578f13a17b -> 
  custom:container-demuxer-webm: 4f35f7cbe854078d1ac9338744f61a02 -> 
  custom:video-encoder-webm-vp8: eb34c28f22e8b96e1ab97ce403110664 -> 
  custom:video-codec-MediaFoundation-h265: 746d11721c4dcdbdad8f713fa42b33f4 -> 
  custom:audio-encoder-webm-vorbis: bf7c407c2cedff20999df2af8eb42d56 -> 
  custom:framework-win-MediaFoundation: 216162199b28c13a410421893ffa2e32 -> 
  custom:container-demuxer-ogg: 62fdf1f143b41e24485cea50d1cbac27 -> 
  custom:video-decoder-webm-vp8: 9c59270c3fd7afecdb556c50c9e8de78 -> 
  custom:audio-decoder-ogg-vorbis: bf7c407c2cedff20999df2af8eb42d56 -> 
========================================================================
Received Import Request.
  Time since last request: 1174.139628 seconds.
  path: Assets/3D_Objects/Furniture/Window/#WIN0003_Residential_Plastic_White_142x62x104.fbx
  artifactKey: Guid(9b39701d8e7540c45ba9389cbeccb76f) Importer(815301076,1909f56bfc062723c751e8b465ee728b)
Start importing Assets/3D_Objects/Furniture/Window/#WIN0003_Residential_Plastic_White_142x62x104.fbx using Guid(9b39701d8e7540c45ba9389cbeccb76f) Importer(815301076,1909f56bfc062723c751e8b465ee728b)  -> (artifact id: '883c401ced6345cadf6c81e6ba367f01') in 0.110958 seconds 
========================================================================
Received Import Request.
  Time since last request: 80.586154 seconds.
  path: Assets/3D_Objects/Furniture/Window/Textures/#WIN0003_Textures_2k/#WIN0003_Textures_COL_2k.png
  artifactKey: Guid(3acb6276bb392424aa29739d465248b9) Importer(815301076,1909f56bfc062723c751e8b465ee728b)
Start importing Assets/3D_Objects/Furniture/Window/Textures/#WIN0003_Textures_2k/#WIN0003_Textures_COL_2k.png using Guid(3acb6276bb392424aa29739d465248b9) Importer(815301076,1909f56bfc062723c751e8b465ee728b)  -> (artifact id: 'eb2ce917ba4ba5f2185bf48a519d5b5e') in 0.019524 seconds 
========================================================================
Received Import Request.
  Time since last request: 0.003030 seconds.
  path: Assets/3D_Objects/Furniture/Window/Textures/#WIN0003_Textures_2k/#WIN0003_Textures_HEIGHT_2k.png
  artifactKey: Guid(40e8ef986d1a8fd459b79bfc1ca1effa) Importer(815301076,1909f56bfc062723c751e8b465ee728b)
Start importing Assets/3D_Objects/Furniture/Window/Textures/#WIN0003_Textures_2k/#WIN0003_Textures_HEIGHT_2k.png using Guid(40e8ef986d1a8fd459b79bfc1ca1effa) Importer(815301076,1909f56bfc062723c751e8b465ee728b)  -> (artifact id: 'fbb106890bacfd6874f84088aec63ba6') in 0.043670 seconds 
========================================================================
Received Import Request.
  Time since last request: 0.000030 seconds.
  path: Assets/3D_Objects/Furniture/Window/Textures/#WIN0003_Textures_2k/#WIN0003_Textures_METL_2k.png
  artifactKey: Guid(5bc552e8289ff064bbdf2bb2cf7a4498) Importer(815301076,1909f56bfc062723c751e8b465ee728b)
Start importing Assets/3D_Objects/Furniture/Window/Textures/#WIN0003_Textures_2k/#WIN0003_Textures_METL_2k.png using Guid(5bc552e8289ff064bbdf2bb2cf7a4498) Importer(815301076,1909f56bfc062723c751e8b465ee728b)  -> (artifact id: '648685ce3e19c7266f5ea1638a42d2e3') in 0.022532 seconds 
Editor requested this worker to shutdown with reason: Scaling down because of idle timeout
AssetImportWorker is now disconnected from the server
Process exiting
Exiting without the bug reporter. Application will terminate with return code 0