Using pre-set license
Built from '2021.3/staging' branch; Version is '2021.3.26f1 (a16dc32e0ff2) revision 10579395'; Using compiler version '192829333'; Build Type 'Release'
OS: 'Windows 11  (10.0.22621) 64bit Professional' Language: 'ru' Physical Memory: 15587 MB
BatchMode: 1, IsHumanControllingUs: 0, StartBugReporterOnCrash: 0, Is64bit: 1, IsPro: 1

COMMAND LINE ARGUMENTS:
C:\Program Files\Unity\Hub\Editor\2021.3.26f1\Editor\Unity.exe
-adb2
-batchMode
-noUpm
-name
AssetImportWorker15
-projectPath
C:/Users/Asus/Documents/GitHub/Tech2023/Tecna/Tecna
-logFile
Logs/AssetImportWorker15.log
-srvPort
54795
Successfully changed project path to: C:/Users/Asus/Documents/GitHub/Tech2023/Tecna/Tecna
C:/Users/Asus/Documents/GitHub/Tech2023/Tecna/Tecna
[UnityMemory] Configuration Parameters - Can be set up in boot.config
    "memorysetup-bucket-allocator-granularity=16"
    "memorysetup-bucket-allocator-bucket-count=8"
    "memorysetup-bucket-allocator-block-size=33554432"
    "memorysetup-bucket-allocator-block-count=8"
    "memorysetup-main-allocator-block-size=16777216"
    "memorysetup-thread-allocator-block-size=16777216"
    "memorysetup-gfx-main-allocator-block-size=16777216"
    "memorysetup-gfx-thread-allocator-block-size=16777216"
    "memorysetup-cache-allocator-block-size=4194304"
    "memorysetup-typetree-allocator-block-size=2097152"
    "memorysetup-profiler-bucket-allocator-granularity=16"
    "memorysetup-profiler-bucket-allocator-bucket-count=8"
    "memorysetup-profiler-bucket-allocator-block-size=33554432"
    "memorysetup-profiler-bucket-allocator-block-count=8"
    "memorysetup-profiler-allocator-block-size=16777216"
    "memorysetup-profiler-editor-allocator-block-size=1048576"
    "memorysetup-temp-allocator-size-main=16777216"
    "memorysetup-job-temp-allocator-block-size=2097152"
    "memorysetup-job-temp-allocator-block-size-background=1048576"
    "memorysetup-job-temp-allocator-reduction-small-platforms=262144"
    "memorysetup-temp-allocator-size-background-worker=32768"
    "memorysetup-temp-allocator-size-job-worker=262144"
    "memorysetup-temp-allocator-size-preload-manager=33554432"
    "memorysetup-temp-allocator-size-nav-mesh-worker=65536"
    "memorysetup-temp-allocator-size-audio-worker=65536"
    "memorysetup-temp-allocator-size-cloud-worker=32768"
    "memorysetup-temp-allocator-size-gi-baking-worker=262144"
    "memorysetup-temp-allocator-size-gfx=262144"
Player connection [117524] Host "[IP] 192.168.1.105 [Port] 0 [Flags] 2 [Guid] 3506663467 [EditorId] 3506663467 [Version] 1048832 [Id] WindowsEditor(7,DESKTOP-SQBOMCG) [Debug] 1 [PackageName] WindowsEditor [ProjectName] Editor" joined multi-casting on [225.0.0.222:54997]...

Player connection [117524] Host "[IP] 192.168.1.105 [Port] 0 [Flags] 2 [Guid] 3506663467 [EditorId] 3506663467 [Version] 1048832 [Id] WindowsEditor(7,DESKTOP-SQBOMCG) [Debug] 1 [PackageName] WindowsEditor [ProjectName] Editor" joined alternative multi-casting on [225.0.0.222:34997]...

Refreshing native plugins compatible for Editor in 85.64 ms, found 3 plugins.
Preloading 0 native plugins for Editor in 0.00 ms.
Initialize engine version: 2021.3.26f1 (a16dc32e0ff2)
[Subsystems] Discovering subsystems at path C:/Program Files/Unity/Hub/Editor/2021.3.26f1/Editor/Data/Resources/UnitySubsystems
[Subsystems] Discovering subsystems at path C:/Users/Asus/Documents/GitHub/Tech2023/Tecna/Tecna/Assets
GfxDevice: creating device client; threaded=0; jobified=0
Direct3D:
    Version:  Direct3D 11.0 [level 11.1]
    Renderer: NVIDIA GeForce RTX 4060 Laptop GPU (ID=0x28e0)
    Vendor:   NVIDIA
    VRAM:     7971 MB
    Driver:   31.0.15.3640
Initialize mono
Mono path[0] = 'C:/Program Files/Unity/Hub/Editor/2021.3.26f1/Editor/Data/Managed'
Mono path[1] = 'C:/Program Files/Unity/Hub/Editor/2021.3.26f1/Editor/Data/MonoBleedingEdge/lib/mono/unityjit-win32'
Mono config path = 'C:/Program Files/Unity/Hub/Editor/2021.3.26f1/Editor/Data/MonoBleedingEdge/etc'
Using monoOptions --debugger-agent=transport=dt_socket,embedding=1,server=y,suspend=n,address=127.0.0.1:56844
Begin MonoManager ReloadAssembly
Registering precompiled unity dll's ...
Register platform support module: C:/Program Files/Unity/Hub/Editor/2021.3.26f1/Editor/Data/PlaybackEngines/AndroidPlayer/UnityEditor.Android.Extensions.dll
Register platform support module: C:/Program Files/Unity/Hub/Editor/2021.3.26f1/Editor/Data/PlaybackEngines/iOSSupport/UnityEditor.iOS.Extensions.dll
Register platform support module: C:/Program Files/Unity/Hub/Editor/2021.3.26f1/Editor/Data/PlaybackEngines/WindowsStandaloneSupport/UnityEditor.WindowsStandalone.Extensions.dll
Registered in 0.335775 seconds.
Native extension for WindowsStandalone target not found
[usbmuxd] Start listen thread
[usbmuxd] Listen thread started
Native extension for iOS target not found
Native extension for Android target not found
Android Extension - Scanning For ADB Devices 289 ms
Refreshing native plugins compatible for Editor in 44.88 ms, found 3 plugins.
Preloading 0 native plugins for Editor in 0.00 ms.
Mono: successfully reloaded assembly
- Completed reload, in  6.262 seconds
Domain Reload Profiling:
	ReloadAssembly (6262ms)
		BeginReloadAssembly (3963ms)
			ExecutionOrderSort (0ms)
			DisableScriptedObjects (0ms)
			BackupInstance (0ms)
			ReleaseScriptingObjects (0ms)
			CreateAndSetChildDomain (1ms)
		EndReloadAssembly (1680ms)
			LoadAssemblies (3968ms)
			RebuildTransferFunctionScriptingTraits (0ms)
			SetupTypeCache (982ms)
			ReleaseScriptCaches (0ms)
			RebuildScriptCaches (19ms)
			SetupLoadedEditorAssemblies (633ms)
				LogAssemblyErrors (0ms)
				InitializePlatformSupportModulesInManaged (498ms)
				SetLoadedEditorAssemblies (0ms)
				RefreshPlugins (45ms)
				BeforeProcessingInitializeOnLoad (1ms)
				ProcessInitializeOnLoadAttributes (54ms)
				ProcessInitializeOnLoadMethodAttributes (35ms)
				AfterProcessingInitializeOnLoad (0ms)
				EditorAssembliesLoaded (0ms)
			ExecutionOrderSort2 (0ms)
			AwakeInstancesAfterBackupRestoration (0ms)
Platform modules already initialized, skipping
Registering precompiled user dll's ...
Registered in 0.003244 seconds.
Begin MonoManager ReloadAssembly
Symbol file LoadedFromMemory doesn't match image C:\Users\Asus\Documents\GitHub\Tech2023\Tecna\Tecna\Library\PackageCache\com.unity.visualscripting@1.8.0\Editor\VisualScripting.Core\Dependencies\YamlDotNet\Unity.VisualScripting.YamlDotNet.dll
Symbol file LoadedFromMemory doesn't match image C:\Users\Asus\Documents\GitHub\Tech2023\Tecna\Tecna\Library\PackageCache\com.unity.visualscripting@1.8.0\Editor\VisualScripting.Core\Dependencies\DotNetZip\Unity.VisualScripting.IonicZip.dll
Native extension for WindowsStandalone target not found
Native extension for iOS target not found
Native extension for Android target not found
Refreshing native plugins compatible for Editor in 0.47 ms, found 3 plugins.
Preloading 0 native plugins for Editor in 0.00 ms.
Mono: successfully reloaded assembly
- Completed reload, in  3.592 seconds
Domain Reload Profiling:
	ReloadAssembly (3593ms)
		BeginReloadAssembly (84ms)
			ExecutionOrderSort (0ms)
			DisableScriptedObjects (4ms)
			BackupInstance (0ms)
			ReleaseScriptingObjects (0ms)
			CreateAndSetChildDomain (18ms)
		EndReloadAssembly (3400ms)
			LoadAssemblies (2386ms)
			RebuildTransferFunctionScriptingTraits (0ms)
			SetupTypeCache (771ms)
			ReleaseScriptCaches (0ms)
			RebuildScriptCaches (31ms)
			SetupLoadedEditorAssemblies (200ms)
				LogAssemblyErrors (0ms)
				InitializePlatformSupportModulesInManaged (18ms)
				SetLoadedEditorAssemblies (0ms)
				RefreshPlugins (1ms)
				BeforeProcessingInitializeOnLoad (42ms)
				ProcessInitializeOnLoadAttributes (124ms)
				ProcessInitializeOnLoadMethodAttributes (11ms)
				AfterProcessingInitializeOnLoad (4ms)
				EditorAssembliesLoaded (0ms)
			ExecutionOrderSort2 (0ms)
			AwakeInstancesAfterBackupRestoration (4ms)
Platform modules already initialized, skipping
========================================================================
Worker process is ready to serve import requests
Launched and connected shader compiler UnityShaderCompiler.exe after 0.05 seconds
Refreshing native plugins compatible for Editor in 0.53 ms, found 3 plugins.
Preloading 0 native plugins for Editor in 0.00 ms.
Unloading 3053 Unused Serialized files (Serialized files now loaded: 0)
Unloading 22 unused Assets / (284.1 KB). Loaded Objects now: 3524.
Memory consumption went from 113.8 MB to 113.5 MB.
Total: 2.216100 ms (FindLiveObjects: 0.208100 ms CreateObjectMapping: 0.043700 ms MarkObjects: 1.895600 ms  DeleteObjects: 0.067500 ms)

AssetImportParameters requested are different than current active one (requested -> active):
  custom:video-decoder-ogg-theora: a1e56fd34408186e4bbccfd4996cb3dc -> 
  custom:container-muxer-webm: aa71ff27fc2769a1b78a27578f13a17b -> 
  custom:container-demuxer-webm: 4f35f7cbe854078d1ac9338744f61a02 -> 
  custom:video-encoder-webm-vp8: eb34c28f22e8b96e1ab97ce403110664 -> 
  custom:video-codec-MediaFoundation-h265: 746d11721c4dcdbdad8f713fa42b33f4 -> 
  custom:audio-encoder-webm-vorbis: bf7c407c2cedff20999df2af8eb42d56 -> 
  custom:framework-win-MediaFoundation: 216162199b28c13a410421893ffa2e32 -> 
  custom:container-demuxer-ogg: 62fdf1f143b41e24485cea50d1cbac27 -> 
  custom:video-decoder-webm-vp8: 9c59270c3fd7afecdb556c50c9e8de78 -> 
  custom:audio-decoder-ogg-vorbis: bf7c407c2cedff20999df2af8eb42d56 -> 
========================================================================
Received Import Request.
  Time since last request: 510982.007960 seconds.
  path: Assets/3D_Objects/Furniture/window 1
  artifactKey: Guid(fe30905d268436b4281cdc694a213cd1) Importer(815301076,1909f56bfc062723c751e8b465ee728b)
Start importing Assets/3D_Objects/Furniture/window 1 using Guid(fe30905d268436b4281cdc694a213cd1) Importer(815301076,1909f56bfc062723c751e8b465ee728b)  -> (artifact id: 'cd85c0b9efc0836244e531ec54318f47') in 0.015015 seconds 
========================================================================
Received Import Request.
  Time since last request: 1.017859 seconds.
  path: Assets/3D_Objects/Furniture/window 1/source
  artifactKey: Guid(9e56d52a500f79447a21aeb404b3e97a) Importer(815301076,1909f56bfc062723c751e8b465ee728b)
Start importing Assets/3D_Objects/Furniture/window 1/source using Guid(9e56d52a500f79447a21aeb404b3e97a) Importer(815301076,1909f56bfc062723c751e8b465ee728b)  -> (artifact id: '57826356f2b1723ac990d2845bd96e12') in 0.012056 seconds 
========================================================================
Received Import Request.
  Time since last request: 0.061494 seconds.
  path: Assets/3D_Objects/Furniture/window 1/source/window.fbx
  artifactKey: Guid(977b3afcfa4b3f54f95a4fda0303f8c3) Importer(815301076,1909f56bfc062723c751e8b465ee728b)
Start importing Assets/3D_Objects/Furniture/window 1/source/window.fbx using Guid(977b3afcfa4b3f54f95a4fda0303f8c3) Importer(815301076,1909f56bfc062723c751e8b465ee728b)  -> (artifact id: 'd13b7e1204dc46f12ec5b7ebf816f7c4') in 0.167131 seconds 
========================================================================
Received Prepare
Registering precompiled user dll's ...
Registered in 0.002560 seconds.
Begin MonoManager ReloadAssembly
Symbol file LoadedFromMemory doesn't match image C:\Users\Asus\Documents\GitHub\Tech2023\Tecna\Tecna\Library\PackageCache\com.unity.visualscripting@1.8.0\Editor\VisualScripting.Core\Dependencies\YamlDotNet\Unity.VisualScripting.YamlDotNet.dll
Symbol file LoadedFromMemory doesn't match image C:\Users\Asus\Documents\GitHub\Tech2023\Tecna\Tecna\Library\PackageCache\com.unity.visualscripting@1.8.0\Editor\VisualScripting.Core\Dependencies\DotNetZip\Unity.VisualScripting.IonicZip.dll
Native extension for WindowsStandalone target not found
Native extension for iOS target not found
Native extension for Android target not found
Refreshing native plugins compatible for Editor in 0.84 ms, found 3 plugins.
Preloading 0 native plugins for Editor in 0.00 ms.
Mono: successfully reloaded assembly
- Completed reload, in  0.805 seconds
Domain Reload Profiling:
	ReloadAssembly (805ms)
		BeginReloadAssembly (100ms)
			ExecutionOrderSort (0ms)
			DisableScriptedObjects (3ms)
			BackupInstance (0ms)
			ReleaseScriptingObjects (0ms)
			CreateAndSetChildDomain (30ms)
		EndReloadAssembly (644ms)
			LoadAssemblies (55ms)
			RebuildTransferFunctionScriptingTraits (0ms)
			SetupTypeCache (219ms)
			ReleaseScriptCaches (1ms)
			RebuildScriptCaches (39ms)
			SetupLoadedEditorAssemblies (273ms)
				LogAssemblyErrors (0ms)
				InitializePlatformSupportModulesInManaged (31ms)
				SetLoadedEditorAssemblies (0ms)
				RefreshPlugins (1ms)
				BeforeProcessingInitializeOnLoad (52ms)
				ProcessInitializeOnLoadAttributes (165ms)
				ProcessInitializeOnLoadMethodAttributes (18ms)
				AfterProcessingInitializeOnLoad (5ms)
				EditorAssembliesLoaded (0ms)
			ExecutionOrderSort2 (0ms)
			AwakeInstancesAfterBackupRestoration (5ms)
Platform modules already initialized, skipping
Refreshing native plugins compatible for Editor in 2.36 ms, found 3 plugins.
Preloading 0 native plugins for Editor in 0.00 ms.
Unloading 3045 Unused Serialized files (Serialized files now loaded: 0)
Unloading 15 unused Assets / (24.7 KB). Loaded Objects now: 3570.
Memory consumption went from 113.4 MB to 113.4 MB.
Total: 4.817100 ms (FindLiveObjects: 0.237300 ms CreateObjectMapping: 0.391400 ms MarkObjects: 4.165100 ms  DeleteObjects: 0.022500 ms)

AssetImportParameters requested are different than current active one (requested -> active):
  custom:video-decoder-ogg-theora: a1e56fd34408186e4bbccfd4996cb3dc -> 
  custom:container-muxer-webm: aa71ff27fc2769a1b78a27578f13a17b -> 
  custom:container-demuxer-webm: 4f35f7cbe854078d1ac9338744f61a02 -> 
  custom:video-encoder-webm-vp8: eb34c28f22e8b96e1ab97ce403110664 -> 
  custom:video-codec-MediaFoundation-h265: 746d11721c4dcdbdad8f713fa42b33f4 -> 
  custom:audio-encoder-webm-vorbis: bf7c407c2cedff20999df2af8eb42d56 -> 
  custom:framework-win-MediaFoundation: 216162199b28c13a410421893ffa2e32 -> 
  custom:container-demuxer-ogg: 62fdf1f143b41e24485cea50d1cbac27 -> 
  custom:video-decoder-webm-vp8: 9c59270c3fd7afecdb556c50c9e8de78 -> 
  custom:audio-decoder-ogg-vorbis: bf7c407c2cedff20999df2af8eb42d56 -> 
========================================================================
Received Import Request.
  Time since last request: 2034.398067 seconds.
  path: Assets/Scenes/MainMenu.unity
  artifactKey: Guid(fb40baae63475014e9859ab0ab77d7fd) Importer(815301076,1909f56bfc062723c751e8b465ee728b)
Start importing Assets/Scenes/MainMenu.unity using Guid(fb40baae63475014e9859ab0ab77d7fd) Importer(815301076,1909f56bfc062723c751e8b465ee728b)  -> (artifact id: '88519f830f0143276560355bec8fdfe4') in 0.018509 seconds 
========================================================================
Received Import Request.
  Time since last request: 2.956541 seconds.
  path: Assets/Materials
  artifactKey: Guid(4bb6cd8cf2f6c9e41acd185bc63155e7) Importer(815301076,1909f56bfc062723c751e8b465ee728b)
Start importing Assets/Materials using Guid(4bb6cd8cf2f6c9e41acd185bc63155e7) Importer(815301076,1909f56bfc062723c751e8b465ee728b)  -> (artifact id: 'deee36bf4db5d8e394976491a15e4486') in 0.013279 seconds 
========================================================================
Received Import Request.
  Time since last request: 18.467604 seconds.
  path: Assets/Materials/Ceiling.mat
  artifactKey: Guid(d82b2f4e2ad75614cb4a513da675e2bd) Importer(815301076,1909f56bfc062723c751e8b465ee728b)
Start importing Assets/Materials/Ceiling.mat using Guid(d82b2f4e2ad75614cb4a513da675e2bd) Importer(815301076,1909f56bfc062723c751e8b465ee728b)  -> (artifact id: 'fc45a69de12bea2d51f5d9338c5b5c3d') in 0.077068 seconds 
========================================================================
Received Import Request.
  Time since last request: 734.115767 seconds.
  path: Assets/Materials/Planks037B.png
  artifactKey: Guid(7ba5089b250894b4a9343c9b23928e79) Importer(815301076,1909f56bfc062723c751e8b465ee728b)
Start importing Assets/Materials/Planks037B.png using Guid(7ba5089b250894b4a9343c9b23928e79) Importer(815301076,1909f56bfc062723c751e8b465ee728b)  -> (artifact id: 'afb2072936f2638fe1ec939acf6aa572') in 0.022023 seconds 
========================================================================
Received Import Request.
  Time since last request: 47.059610 seconds.
  path: Assets/Materials/Planks037B_1K-JPG.mtlx
  artifactKey: Guid(ac25cde5de861ac45a20f28582a6932e) Importer(815301076,1909f56bfc062723c751e8b465ee728b)
Start importing Assets/Materials/Planks037B_1K-JPG.mtlx using Guid(ac25cde5de861ac45a20f28582a6932e) Importer(815301076,1909f56bfc062723c751e8b465ee728b)  -> (artifact id: '3bcf04ce06c464cc8ce581aa3c582df6') in 0.012483 seconds 
========================================================================
Received Import Request.
  Time since last request: 5.030485 seconds.
  path: Assets/Materials/Planks037B_1K-JPG
  artifactKey: Guid(b2ff3319fed504245b953f44dd31daba) Importer(815301076,1909f56bfc062723c751e8b465ee728b)
Start importing Assets/Materials/Planks037B_1K-JPG using Guid(b2ff3319fed504245b953f44dd31daba) Importer(815301076,1909f56bfc062723c751e8b465ee728b)  -> (artifact id: 'f0d2a9329448e8f68e47f8527ae6687b') in 0.001643 seconds 
========================================================================
Received Import Request.
  Time since last request: 0.085597 seconds.
  path: Assets/Materials/Planks037B_1K-JPG/Planks037B.png
  artifactKey: Guid(45abec774f859a04c84af0ff5f8862f4) Importer(815301076,1909f56bfc062723c751e8b465ee728b)
Start importing Assets/Materials/Planks037B_1K-JPG/Planks037B.png using Guid(45abec774f859a04c84af0ff5f8862f4) Importer(815301076,1909f56bfc062723c751e8b465ee728b)  -> (artifact id: '71294e96d05d3ea1eec8d61de3905938') in 0.013933 seconds 
========================================================================
Received Import Request.
  Time since last request: 0.002813 seconds.
  path: Assets/Materials/Planks037B_1K-JPG/Planks037B_1K-JPG_Color.jpg
  artifactKey: Guid(2e484f153952624408e84bdb2b334dd8) Importer(815301076,1909f56bfc062723c751e8b465ee728b)
Start importing Assets/Materials/Planks037B_1K-JPG/Planks037B_1K-JPG_Color.jpg using Guid(2e484f153952624408e84bdb2b334dd8) Importer(815301076,1909f56bfc062723c751e8b465ee728b)  -> (artifact id: 'ba9708fb29c01d96745bbd10245e6e00') in 0.023112 seconds 
========================================================================
Received Import Request.
  Time since last request: 0.000026 seconds.
  path: Assets/Materials/Planks037B_1K-JPG/Planks037B_1K-JPG_Roughness.jpg
  artifactKey: Guid(88794a01fbd66e244b3180bbb391e6b4) Importer(815301076,1909f56bfc062723c751e8b465ee728b)
Start importing Assets/Materials/Planks037B_1K-JPG/Planks037B_1K-JPG_Roughness.jpg using Guid(88794a01fbd66e244b3180bbb391e6b4) Importer(815301076,1909f56bfc062723c751e8b465ee728b)  -> (artifact id: '2a4837ec7c7376c7c80884558f1c807f') in 0.018924 seconds 
========================================================================
Received Import Request.
  Time since last request: 0.000017 seconds.
  path: Assets/Materials/Planks037B_1K-JPG/Planks037B_1K-JPG_NormalGL.jpg
  artifactKey: Guid(010d89365d6184643a33b4d136391696) Importer(815301076,1909f56bfc062723c751e8b465ee728b)
Start importing Assets/Materials/Planks037B_1K-JPG/Planks037B_1K-JPG_NormalGL.jpg using Guid(010d89365d6184643a33b4d136391696) Importer(815301076,1909f56bfc062723c751e8b465ee728b)  -> (artifact id: 'c5f161ddf7165ab9a1755d8e39d54896') in 0.019380 seconds 
========================================================================
Received Import Request.
  Time since last request: 0.000026 seconds.
  path: Assets/Materials/Planks037B_1K-JPG/Planks037B_1K-JPG_NormalDX.jpg
  artifactKey: Guid(760da47c861728c4f9ff25a3ed3b1cbd) Importer(815301076,1909f56bfc062723c751e8b465ee728b)
Start importing Assets/Materials/Planks037B_1K-JPG/Planks037B_1K-JPG_NormalDX.jpg using Guid(760da47c861728c4f9ff25a3ed3b1cbd) Importer(815301076,1909f56bfc062723c751e8b465ee728b)  -> (artifact id: '62de2611d068255b3b7d81d66515081a') in 0.012850 seconds 
========================================================================
Received Import Request.
  Time since last request: 18.896455 seconds.
  path: Assets/Materials/New Folder
  artifactKey: Guid(ad2cf7cf9e3823a40b94c3ea52ab5737) Importer(815301076,1909f56bfc062723c751e8b465ee728b)
Start importing Assets/Materials/New Folder using Guid(ad2cf7cf9e3823a40b94c3ea52ab5737) Importer(815301076,1909f56bfc062723c751e8b465ee728b)  -> (artifact id: '47f8344e91140744a776d6521d893f0c') in 0.011108 seconds 
========================================================================
Received Import Request.
  Time since last request: 14.464928 seconds.
  path: Assets/Materials/Floor.mat
  artifactKey: Guid(c191b1bc363f4bf47b3d982a04f5c42e) Importer(815301076,1909f56bfc062723c751e8b465ee728b)
Start importing Assets/Materials/Floor.mat using Guid(c191b1bc363f4bf47b3d982a04f5c42e) Importer(815301076,1909f56bfc062723c751e8b465ee728b)  -> (artifact id: '81784c47591f20575de9fc701f918b26') in 0.015096 seconds 
========================================================================
Received Import Request.
  Time since last request: 272.277253 seconds.
  path: Assets/Materials/WoodFloor051_1K-JPG
  artifactKey: Guid(19e95ea6e3ba67541b1e3860e850984c) Importer(815301076,1909f56bfc062723c751e8b465ee728b)
Start importing Assets/Materials/WoodFloor051_1K-JPG using Guid(19e95ea6e3ba67541b1e3860e850984c) Importer(815301076,1909f56bfc062723c751e8b465ee728b)  -> (artifact id: 'ba659c14eec71f223fffbd4ff11a199a') in 0.010047 seconds 
========================================================================
Received Import Request.
  Time since last request: 0.110084 seconds.
  path: Assets/Materials/WoodFloor051_1K-JPG/WoodFloor051.png
  artifactKey: Guid(b3ab0839d9b775040b4ec75b03bc863b) Importer(815301076,1909f56bfc062723c751e8b465ee728b)
Start importing Assets/Materials/WoodFloor051_1K-JPG/WoodFloor051.png using Guid(b3ab0839d9b775040b4ec75b03bc863b) Importer(815301076,1909f56bfc062723c751e8b465ee728b)  -> (artifact id: '3489017933b4d888ef29ad5ea0e38ca9') in 0.014811 seconds 
========================================================================
Received Import Request.
  Time since last request: 0.003384 seconds.
  path: Assets/Materials/WoodFloor051_1K-JPG/WoodFloor051_1K-JPG_Displacement.jpg
  artifactKey: Guid(6e86cb29e4fe0084c8f478bd8a6249a1) Importer(815301076,1909f56bfc062723c751e8b465ee728b)
Start importing Assets/Materials/WoodFloor051_1K-JPG/WoodFloor051_1K-JPG_Displacement.jpg using Guid(6e86cb29e4fe0084c8f478bd8a6249a1) Importer(815301076,1909f56bfc062723c751e8b465ee728b)  -> (artifact id: 'b75474f6950fde960de3682a67820abb') in 0.016307 seconds 
========================================================================
Received Import Request.
  Time since last request: 0.000040 seconds.
  path: Assets/Materials/WoodFloor051_1K-JPG/WoodFloor051_1K-JPG_NormalDX.jpg
  artifactKey: Guid(5139e74956872144698e731108fc5bd3) Importer(815301076,1909f56bfc062723c751e8b465ee728b)
Start importing Assets/Materials/WoodFloor051_1K-JPG/WoodFloor051_1K-JPG_NormalDX.jpg using Guid(5139e74956872144698e731108fc5bd3) Importer(815301076,1909f56bfc062723c751e8b465ee728b)  -> (artifact id: '3097893b9a55ee014f7612995e4ce157') in 0.015028 seconds 
========================================================================
Received Import Request.
  Time since last request: 0.000017 seconds.
  path: Assets/Materials/WoodFloor051_1K-JPG/WoodFloor051_1K-JPG_NormalGL.jpg
  artifactKey: Guid(5c7746e480752eb4ba5d2b102959f33e) Importer(815301076,1909f56bfc062723c751e8b465ee728b)
Start importing Assets/Materials/WoodFloor051_1K-JPG/WoodFloor051_1K-JPG_NormalGL.jpg using Guid(5c7746e480752eb4ba5d2b102959f33e) Importer(815301076,1909f56bfc062723c751e8b465ee728b)  -> (artifact id: '7bb994fde9edd61b9a82afdbcdb90b6d') in 0.015668 seconds 
========================================================================
Received Import Request.
  Time since last request: 0.000022 seconds.
  path: Assets/Materials/WoodFloor051_1K-JPG/WoodFloor051_1K-JPG_Color.jpg
  artifactKey: Guid(3a05bc13e9ac0844e9aea8ddeb8f3b5c) Importer(815301076,1909f56bfc062723c751e8b465ee728b)
Start importing Assets/Materials/WoodFloor051_1K-JPG/WoodFloor051_1K-JPG_Color.jpg using Guid(3a05bc13e9ac0844e9aea8ddeb8f3b5c) Importer(815301076,1909f56bfc062723c751e8b465ee728b)  -> (artifact id: 'dfbff7d4aecac1b754c7030d083d4bfc') in 0.015227 seconds 
Editor requested this worker to shutdown with reason: Scaling down because of idle timeout
AssetImportWorker is now disconnected from the server
Process exiting
Exiting without the bug reporter. Application will terminate with return code 0