Using pre-set license
Built from '2021.3/staging' branch; Version is '2021.3.26f1 (a16dc32e0ff2) revision 10579395'; Using compiler version '192829333'; Build Type 'Release'
OS: 'Windows 11  (10.0.22621) 64bit Professional' Language: 'en' Physical Memory: 15557 MB
BatchMode: 1, IsHumanControllingUs: 0, StartBugReporterOnCrash: 0, Is64bit: 1, IsPro: 1

COMMAND LINE ARGUMENTS:
C:\Program Files\Unity\Unity 2021.3.26f1\Editor\Unity.exe
-adb2
-batchMode
-noUpm
-name
AssetImportWorker3
-projectPath
C:/Users/LENOVO/Documents/GitHub/Tech2023/Tecna/Tecna
-logFile
Logs/AssetImportWorker3.log
-srvPort
59633
Successfully changed project path to: C:/Users/LENOVO/Documents/GitHub/Tech2023/Tecna/Tecna
C:/Users/LENOVO/Documents/GitHub/Tech2023/Tecna/Tecna
[UnityMemory] Configuration Parameters - Can be set up in boot.config
    "memorysetup-bucket-allocator-granularity=16"
    "memorysetup-bucket-allocator-bucket-count=8"
    "memorysetup-bucket-allocator-block-size=33554432"
    "memorysetup-bucket-allocator-block-count=8"
    "memorysetup-main-allocator-block-size=16777216"
    "memorysetup-thread-allocator-block-size=16777216"
    "memorysetup-gfx-main-allocator-block-size=16777216"
    "memorysetup-gfx-thread-allocator-block-size=16777216"
    "memorysetup-cache-allocator-block-size=4194304"
    "memorysetup-typetree-allocator-block-size=2097152"
    "memorysetup-profiler-bucket-allocator-granularity=16"
    "memorysetup-profiler-bucket-allocator-bucket-count=8"
    "memorysetup-profiler-bucket-allocator-block-size=33554432"
    "memorysetup-profiler-bucket-allocator-block-count=8"
    "memorysetup-profiler-allocator-block-size=16777216"
    "memorysetup-profiler-editor-allocator-block-size=1048576"
    "memorysetup-temp-allocator-size-main=16777216"
    "memorysetup-job-temp-allocator-block-size=2097152"
    "memorysetup-job-temp-allocator-block-size-background=1048576"
    "memorysetup-job-temp-allocator-reduction-small-platforms=262144"
    "memorysetup-temp-allocator-size-background-worker=32768"
    "memorysetup-temp-allocator-size-job-worker=262144"
    "memorysetup-temp-allocator-size-preload-manager=33554432"
    "memorysetup-temp-allocator-size-nav-mesh-worker=65536"
    "memorysetup-temp-allocator-size-audio-worker=65536"
    "memorysetup-temp-allocator-size-cloud-worker=32768"
    "memorysetup-temp-allocator-size-gi-baking-worker=262144"
    "memorysetup-temp-allocator-size-gfx=262144"
Player connection [19024] Host "[IP] 192.168.1.105 [Port] 0 [Flags] 2 [Guid] 2119342785 [EditorId] 2119342785 [Version] 1048832 [Id] WindowsEditor(7,DESKTOP-HASEHP0) [Debug] 1 [PackageName] WindowsEditor [ProjectName] Editor" joined multi-casting on [225.0.0.222:54997]...

Player connection [19024] Host "[IP] 192.168.1.105 [Port] 0 [Flags] 2 [Guid] 2119342785 [EditorId] 2119342785 [Version] 1048832 [Id] WindowsEditor(7,DESKTOP-HASEHP0) [Debug] 1 [PackageName] WindowsEditor [ProjectName] Editor" joined alternative multi-casting on [225.0.0.222:34997]...

Refreshing native plugins compatible for Editor in 81.50 ms, found 3 plugins.
Preloading 0 native plugins for Editor in 0.00 ms.
Initialize engine version: 2021.3.26f1 (a16dc32e0ff2)
[Subsystems] Discovering subsystems at path C:/Program Files/Unity/Unity 2021.3.26f1/Editor/Data/Resources/UnitySubsystems
[Subsystems] Discovering subsystems at path C:/Users/LENOVO/Documents/GitHub/Tech2023/Tecna/Tecna/Assets
GfxDevice: creating device client; threaded=0; jobified=0
Direct3D:
    Version:  Direct3D 11.0 [level 11.1]
    Renderer: NVIDIA GeForce RTX 3060 Laptop GPU (ID=0x2560)
    Vendor:   NVIDIA
    VRAM:     6009 MB
    Driver:   31.0.15.2892
Initialize mono
Mono path[0] = 'C:/Program Files/Unity/Unity 2021.3.26f1/Editor/Data/Managed'
Mono path[1] = 'C:/Program Files/Unity/Unity 2021.3.26f1/Editor/Data/MonoBleedingEdge/lib/mono/unityjit-win32'
Mono config path = 'C:/Program Files/Unity/Unity 2021.3.26f1/Editor/Data/MonoBleedingEdge/etc'
Using monoOptions --debugger-agent=transport=dt_socket,embedding=1,server=y,suspend=n,address=127.0.0.1:56148
Begin MonoManager ReloadAssembly
Registering precompiled unity dll's ...
Register platform support module: C:/Program Files/Unity/Unity 2021.3.26f1/Editor/Data/PlaybackEngines/WindowsStandaloneSupport/UnityEditor.WindowsStandalone.Extensions.dll
Registered in 0.004909 seconds.
Native extension for WindowsStandalone target not found
Refreshing native plugins compatible for Editor in 68.32 ms, found 3 plugins.
Preloading 0 native plugins for Editor in 0.00 ms.
Mono: successfully reloaded assembly
- Completed reload, in  0.598 seconds
Domain Reload Profiling:
	ReloadAssembly (598ms)
		BeginReloadAssembly (73ms)
			ExecutionOrderSort (0ms)
			DisableScriptedObjects (0ms)
			BackupInstance (0ms)
			ReleaseScriptingObjects (0ms)
			CreateAndSetChildDomain (1ms)
		EndReloadAssembly (411ms)
			LoadAssemblies (71ms)
			RebuildTransferFunctionScriptingTraits (0ms)
			SetupTypeCache (96ms)
			ReleaseScriptCaches (0ms)
			RebuildScriptCaches (28ms)
			SetupLoadedEditorAssemblies (238ms)
				LogAssemblyErrors (0ms)
				InitializePlatformSupportModulesInManaged (9ms)
				SetLoadedEditorAssemblies (0ms)
				RefreshPlugins (68ms)
				BeforeProcessingInitializeOnLoad (1ms)
				ProcessInitializeOnLoadAttributes (117ms)
				ProcessInitializeOnLoadMethodAttributes (42ms)
				AfterProcessingInitializeOnLoad (0ms)
				EditorAssembliesLoaded (0ms)
			ExecutionOrderSort2 (0ms)
			AwakeInstancesAfterBackupRestoration (0ms)
Platform modules already initialized, skipping
Registering precompiled user dll's ...
Registered in 0.004176 seconds.
Begin MonoManager ReloadAssembly
Symbol file LoadedFromMemory doesn't match image C:\Users\LENOVO\Documents\GitHub\Tech2023\Tecna\Tecna\Library\PackageCache\com.unity.visualscripting@1.8.0\Editor\VisualScripting.Core\Dependencies\YamlDotNet\Unity.VisualScripting.YamlDotNet.dll
Symbol file LoadedFromMemory doesn't match image C:\Users\LENOVO\Documents\GitHub\Tech2023\Tecna\Tecna\Library\PackageCache\com.unity.visualscripting@1.8.0\Editor\VisualScripting.Core\Dependencies\DotNetZip\Unity.VisualScripting.IonicZip.dll
Native extension for WindowsStandalone target not found
Refreshing native plugins compatible for Editor in 0.48 ms, found 3 plugins.
Preloading 0 native plugins for Editor in 0.00 ms.
Package Manager log level set to [2]
Mono: successfully reloaded assembly
- Completed reload, in  0.826 seconds
Domain Reload Profiling:
	ReloadAssembly (827ms)
		BeginReloadAssembly (104ms)
			ExecutionOrderSort (0ms)
			DisableScriptedObjects (5ms)
			BackupInstance (0ms)
			ReleaseScriptingObjects (0ms)
			CreateAndSetChildDomain (20ms)
		EndReloadAssembly (638ms)
			LoadAssemblies (74ms)
			RebuildTransferFunctionScriptingTraits (0ms)
			SetupTypeCache (211ms)
			ReleaseScriptCaches (0ms)
			RebuildScriptCaches (42ms)
			SetupLoadedEditorAssemblies (277ms)
				LogAssemblyErrors (0ms)
				InitializePlatformSupportModulesInManaged (4ms)
				SetLoadedEditorAssemblies (0ms)
				RefreshPlugins (1ms)
				BeforeProcessingInitializeOnLoad (62ms)
				ProcessInitializeOnLoadAttributes (187ms)
				ProcessInitializeOnLoadMethodAttributes (17ms)
				AfterProcessingInitializeOnLoad (6ms)
				EditorAssembliesLoaded (0ms)
			ExecutionOrderSort2 (0ms)
			AwakeInstancesAfterBackupRestoration (6ms)
Platform modules already initialized, skipping
========================================================================
Worker process is ready to serve import requests
Launched and connected shader compiler UnityShaderCompiler.exe after 0.05 seconds
Refreshing native plugins compatible for Editor in 0.57 ms, found 3 plugins.
Preloading 0 native plugins for Editor in 0.00 ms.
Unloading 3145 Unused Serialized files (Serialized files now loaded: 0)
Unloading 23 unused Assets / (56.4 KB). Loaded Objects now: 3609.
Memory consumption went from 110.8 MB to 110.8 MB.
Total: 3.420000 ms (FindLiveObjects: 0.287900 ms CreateObjectMapping: 0.237100 ms MarkObjects: 2.822900 ms  DeleteObjects: 0.070500 ms)

AssetImportParameters requested are different than current active one (requested -> active):
  custom:video-decoder-ogg-theora: a1e56fd34408186e4bbccfd4996cb3dc -> 
  custom:container-muxer-webm: aa71ff27fc2769a1b78a27578f13a17b -> 
  custom:container-demuxer-webm: 4f35f7cbe854078d1ac9338744f61a02 -> 
  custom:video-encoder-webm-vp8: eb34c28f22e8b96e1ab97ce403110664 -> 
  custom:video-codec-MediaFoundation-h265: 746d11721c4dcdbdad8f713fa42b33f4 -> 
  custom:audio-encoder-webm-vorbis: bf7c407c2cedff20999df2af8eb42d56 -> 
  custom:framework-win-MediaFoundation: 216162199b28c13a410421893ffa2e32 -> 
  custom:container-demuxer-ogg: 62fdf1f143b41e24485cea50d1cbac27 -> 
  custom:video-decoder-webm-vp8: 9c59270c3fd7afecdb556c50c9e8de78 -> 
  custom:audio-decoder-ogg-vorbis: bf7c407c2cedff20999df2af8eb42d56 -> 
========================================================================
Received Import Request.
  Time since last request: 11911.656202 seconds.
  path: Assets/XR/Samples/Google Cardboard XR Plugin for Unity/1.21.0/Hello Cardboard/Prefabs/Stand_1.prefab
  artifactKey: Guid(5c18a665a6a06664bab0609b0e8ab2f0) Importer(815301076,1909f56bfc062723c751e8b465ee728b)
Start importing Assets/XR/Samples/Google Cardboard XR Plugin for Unity/1.21.0/Hello Cardboard/Prefabs/Stand_1.prefab using Guid(5c18a665a6a06664bab0609b0e8ab2f0) Importer(815301076,1909f56bfc062723c751e8b465ee728b)  -> (artifact id: '1d77a5516268b488655d8a1da6f4eef9') in 0.354786 seconds 
========================================================================
Received Import Request.
  Time since last request: 0.000026 seconds.
  path: Assets/XR/Samples/Google Cardboard XR Plugin for Unity/1.21.0/Hello Cardboard/Prefabs/Stand_2.prefab
  artifactKey: Guid(eb0d4ef9a2f0e7a45b115ee18ec5b7c2) Importer(815301076,1909f56bfc062723c751e8b465ee728b)
Start importing Assets/XR/Samples/Google Cardboard XR Plugin for Unity/1.21.0/Hello Cardboard/Prefabs/Stand_2.prefab using Guid(eb0d4ef9a2f0e7a45b115ee18ec5b7c2) Importer(815301076,1909f56bfc062723c751e8b465ee728b)  -> (artifact id: '18f1d96541f446ea97bf307eafd8dfd2') in 0.060179 seconds 
========================================================================
Received Import Request.
  Time since last request: 0.000034 seconds.
  path: Assets/XR/Samples/Google Cardboard XR Plugin for Unity/1.21.0/Hello Cardboard/Prefabs/Shelf.prefab
  artifactKey: Guid(adb5bedec1d847f47a93e01ec9450b68) Importer(815301076,1909f56bfc062723c751e8b465ee728b)
Start importing Assets/XR/Samples/Google Cardboard XR Plugin for Unity/1.21.0/Hello Cardboard/Prefabs/Shelf.prefab using Guid(adb5bedec1d847f47a93e01ec9450b68) Importer(815301076,1909f56bfc062723c751e8b465ee728b)  -> (artifact id: '337b77b09f1f27aac79e2e2ca650a028') in 0.060052 seconds 
========================================================================
Received Import Request.
  Time since last request: 0.000018 seconds.
  path: Assets/XR/Samples/Google Cardboard XR Plugin for Unity/1.21.0/Hello Cardboard/Prefabs/Microscope.prefab
  artifactKey: Guid(d3169eae0a3e1494299e5852cd820bd2) Importer(815301076,1909f56bfc062723c751e8b465ee728b)
Start importing Assets/XR/Samples/Google Cardboard XR Plugin for Unity/1.21.0/Hello Cardboard/Prefabs/Microscope.prefab using Guid(d3169eae0a3e1494299e5852cd820bd2) Importer(815301076,1909f56bfc062723c751e8b465ee728b)  -> (artifact id: 'fbce33869b20e2e34b773e588e9efa92') in 0.022321 seconds 
========================================================================
Received Import Request.
  Time since last request: 0.000026 seconds.
  path: Assets/XR/Samples/Google Cardboard XR Plugin for Unity/1.21.0/Hello Cardboard/Prefabs/Table.prefab
  artifactKey: Guid(370a276895bbac64ebc25e7293b142d0) Importer(815301076,1909f56bfc062723c751e8b465ee728b)
Start importing Assets/XR/Samples/Google Cardboard XR Plugin for Unity/1.21.0/Hello Cardboard/Prefabs/Table.prefab using Guid(370a276895bbac64ebc25e7293b142d0) Importer(815301076,1909f56bfc062723c751e8b465ee728b)  -> (artifact id: 'a756ff462fdb3a6b9cde1642394e2f3d') in 0.014566 seconds 
========================================================================
Received Import Request.
  Time since last request: 0.000018 seconds.
  path: Assets/XR/Samples/Google Cardboard XR Plugin for Unity/1.21.0/Hello Cardboard/Prefabs/IronStand.prefab
  artifactKey: Guid(6e260c57d8087994b90cb266a3abdff8) Importer(815301076,1909f56bfc062723c751e8b465ee728b)
Start importing Assets/XR/Samples/Google Cardboard XR Plugin for Unity/1.21.0/Hello Cardboard/Prefabs/IronStand.prefab using Guid(6e260c57d8087994b90cb266a3abdff8) Importer(815301076,1909f56bfc062723c751e8b465ee728b)  -> (artifact id: '0c20ebfad2e1b73e7620b09bf1d35237') in 0.019242 seconds 
Editor requested this worker to shutdown with reason: Scaling down because of idle timeout
AssetImportWorker is now disconnected from the server
Process exiting
Exiting without the bug reporter. Application will terminate with return code 0