Using pre-set license
Built from '2021.3/staging' branch; Version is '2021.3.26f1 (a16dc32e0ff2) revision 10579395'; Using compiler version '192829333'; Build Type 'Release'
OS: 'Windows 11  (10.0.22621) 64bit Professional' Language: 'en' Physical Memory: 15557 MB
BatchMode: 1, IsHumanControllingUs: 0, StartBugReporterOnCrash: 0, Is64bit: 1, IsPro: 1

COMMAND LINE ARGUMENTS:
C:\Program Files\Unity\Unity 2021.3.26f1\Editor\Unity.exe
-adb2
-batchMode
-noUpm
-name
AssetImportWorker0
-projectPath
C:/Users/LENOVO/Documents/GitHub/Tech2023/Tecna/Tecna
-logFile
Logs/AssetImportWorker0.log
-srvPort
59633
Successfully changed project path to: C:/Users/LENOVO/Documents/GitHub/Tech2023/Tecna/Tecna
C:/Users/LENOVO/Documents/GitHub/Tech2023/Tecna/Tecna
[UnityMemory] Configuration Parameters - Can be set up in boot.config
    "memorysetup-bucket-allocator-granularity=16"
    "memorysetup-bucket-allocator-bucket-count=8"
    "memorysetup-bucket-allocator-block-size=33554432"
    "memorysetup-bucket-allocator-block-count=8"
    "memorysetup-main-allocator-block-size=16777216"
    "memorysetup-thread-allocator-block-size=16777216"
    "memorysetup-gfx-main-allocator-block-size=16777216"
    "memorysetup-gfx-thread-allocator-block-size=16777216"
    "memorysetup-cache-allocator-block-size=4194304"
    "memorysetup-typetree-allocator-block-size=2097152"
    "memorysetup-profiler-bucket-allocator-granularity=16"
    "memorysetup-profiler-bucket-allocator-bucket-count=8"
    "memorysetup-profiler-bucket-allocator-block-size=33554432"
    "memorysetup-profiler-bucket-allocator-block-count=8"
    "memorysetup-profiler-allocator-block-size=16777216"
    "memorysetup-profiler-editor-allocator-block-size=1048576"
    "memorysetup-temp-allocator-size-main=16777216"
    "memorysetup-job-temp-allocator-block-size=2097152"
    "memorysetup-job-temp-allocator-block-size-background=1048576"
    "memorysetup-job-temp-allocator-reduction-small-platforms=262144"
    "memorysetup-temp-allocator-size-background-worker=32768"
    "memorysetup-temp-allocator-size-job-worker=262144"
    "memorysetup-temp-allocator-size-preload-manager=33554432"
    "memorysetup-temp-allocator-size-nav-mesh-worker=65536"
    "memorysetup-temp-allocator-size-audio-worker=65536"
    "memorysetup-temp-allocator-size-cloud-worker=32768"
    "memorysetup-temp-allocator-size-gi-baking-worker=262144"
    "memorysetup-temp-allocator-size-gfx=262144"
Player connection [25696] Host "[IP] 192.168.1.105 [Port] 0 [Flags] 2 [Guid] 808965887 [EditorId] 808965887 [Version] 1048832 [Id] WindowsEditor(7,DESKTOP-HASEHP0) [Debug] 1 [PackageName] WindowsEditor [ProjectName] Editor" joined multi-casting on [225.0.0.222:54997]...

Player connection [25696] Host "[IP] 192.168.1.105 [Port] 0 [Flags] 2 [Guid] 808965887 [EditorId] 808965887 [Version] 1048832 [Id] WindowsEditor(7,DESKTOP-HASEHP0) [Debug] 1 [PackageName] WindowsEditor [ProjectName] Editor" joined alternative multi-casting on [225.0.0.222:34997]...

Refreshing native plugins compatible for Editor in 69.57 ms, found 3 plugins.
Preloading 0 native plugins for Editor in 0.00 ms.
Initialize engine version: 2021.3.26f1 (a16dc32e0ff2)
[Subsystems] Discovering subsystems at path C:/Program Files/Unity/Unity 2021.3.26f1/Editor/Data/Resources/UnitySubsystems
[Subsystems] Discovering subsystems at path C:/Users/LENOVO/Documents/GitHub/Tech2023/Tecna/Tecna/Assets
GfxDevice: creating device client; threaded=0; jobified=0
Direct3D:
    Version:  Direct3D 11.0 [level 11.1]
    Renderer: NVIDIA GeForce RTX 3060 Laptop GPU (ID=0x2560)
    Vendor:   NVIDIA
    VRAM:     6009 MB
    Driver:   31.0.15.2892
Initialize mono
Mono path[0] = 'C:/Program Files/Unity/Unity 2021.3.26f1/Editor/Data/Managed'
Mono path[1] = 'C:/Program Files/Unity/Unity 2021.3.26f1/Editor/Data/MonoBleedingEdge/lib/mono/unityjit-win32'
Mono config path = 'C:/Program Files/Unity/Unity 2021.3.26f1/Editor/Data/MonoBleedingEdge/etc'
Using monoOptions --debugger-agent=transport=dt_socket,embedding=1,server=y,suspend=n,address=127.0.0.1:56356
Begin MonoManager ReloadAssembly
Registering precompiled unity dll's ...
Register platform support module: C:/Program Files/Unity/Unity 2021.3.26f1/Editor/Data/PlaybackEngines/WindowsStandaloneSupport/UnityEditor.WindowsStandalone.Extensions.dll
Registered in 0.023293 seconds.
Native extension for WindowsStandalone target not found
Refreshing native plugins compatible for Editor in 65.58 ms, found 3 plugins.
Preloading 0 native plugins for Editor in 0.00 ms.
Mono: successfully reloaded assembly
- Completed reload, in  0.592 seconds
Domain Reload Profiling:
	ReloadAssembly (592ms)
		BeginReloadAssembly (69ms)
			ExecutionOrderSort (0ms)
			DisableScriptedObjects (0ms)
			BackupInstance (0ms)
			ReleaseScriptingObjects (0ms)
			CreateAndSetChildDomain (1ms)
		EndReloadAssembly (404ms)
			LoadAssemblies (67ms)
			RebuildTransferFunctionScriptingTraits (0ms)
			SetupTypeCache (99ms)
			ReleaseScriptCaches (0ms)
			RebuildScriptCaches (28ms)
			SetupLoadedEditorAssemblies (226ms)
				LogAssemblyErrors (0ms)
				InitializePlatformSupportModulesInManaged (6ms)
				SetLoadedEditorAssemblies (0ms)
				RefreshPlugins (66ms)
				BeforeProcessingInitializeOnLoad (1ms)
				ProcessInitializeOnLoadAttributes (110ms)
				ProcessInitializeOnLoadMethodAttributes (43ms)
				AfterProcessingInitializeOnLoad (0ms)
				EditorAssembliesLoaded (0ms)
			ExecutionOrderSort2 (0ms)
			AwakeInstancesAfterBackupRestoration (0ms)
Platform modules already initialized, skipping
Registering precompiled user dll's ...
Registered in 0.004051 seconds.
Begin MonoManager ReloadAssembly
Symbol file LoadedFromMemory doesn't match image C:\Users\LENOVO\Documents\GitHub\Tech2023\Tecna\Tecna\Library\PackageCache\com.unity.visualscripting@1.8.0\Editor\VisualScripting.Core\Dependencies\YamlDotNet\Unity.VisualScripting.YamlDotNet.dll
Symbol file LoadedFromMemory doesn't match image C:\Users\LENOVO\Documents\GitHub\Tech2023\Tecna\Tecna\Library\PackageCache\com.unity.visualscripting@1.8.0\Editor\VisualScripting.Core\Dependencies\DotNetZip\Unity.VisualScripting.IonicZip.dll
Native extension for WindowsStandalone target not found
Refreshing native plugins compatible for Editor in 0.59 ms, found 3 plugins.
Preloading 0 native plugins for Editor in 0.00 ms.
Package Manager log level set to [2]
Mono: successfully reloaded assembly
- Completed reload, in  0.832 seconds
Domain Reload Profiling:
	ReloadAssembly (833ms)
		BeginReloadAssembly (98ms)
			ExecutionOrderSort (0ms)
			DisableScriptedObjects (5ms)
			BackupInstance (0ms)
			ReleaseScriptingObjects (0ms)
			CreateAndSetChildDomain (20ms)
		EndReloadAssembly (646ms)
			LoadAssemblies (69ms)
			RebuildTransferFunctionScriptingTraits (0ms)
			SetupTypeCache (228ms)
			ReleaseScriptCaches (0ms)
			RebuildScriptCaches (40ms)
			SetupLoadedEditorAssemblies (278ms)
				LogAssemblyErrors (0ms)
				InitializePlatformSupportModulesInManaged (4ms)
				SetLoadedEditorAssemblies (0ms)
				RefreshPlugins (1ms)
				BeforeProcessingInitializeOnLoad (63ms)
				ProcessInitializeOnLoadAttributes (186ms)
				ProcessInitializeOnLoadMethodAttributes (19ms)
				AfterProcessingInitializeOnLoad (5ms)
				EditorAssembliesLoaded (0ms)
			ExecutionOrderSort2 (0ms)
			AwakeInstancesAfterBackupRestoration (6ms)
Platform modules already initialized, skipping
========================================================================
Worker process is ready to serve import requests
Launched and connected shader compiler UnityShaderCompiler.exe after 0.05 seconds
Refreshing native plugins compatible for Editor in 0.61 ms, found 3 plugins.
Preloading 0 native plugins for Editor in 0.00 ms.
Unloading 3145 Unused Serialized files (Serialized files now loaded: 0)
Unloading 23 unused Assets / (56.4 KB). Loaded Objects now: 3609.
Memory consumption went from 110.9 MB to 110.8 MB.
Total: 3.219000 ms (FindLiveObjects: 0.265800 ms CreateObjectMapping: 0.220200 ms MarkObjects: 2.645800 ms  DeleteObjects: 0.085400 ms)

AssetImportParameters requested are different than current active one (requested -> active):
  custom:video-decoder-ogg-theora: a1e56fd34408186e4bbccfd4996cb3dc -> 
  custom:container-muxer-webm: aa71ff27fc2769a1b78a27578f13a17b -> 
  custom:container-demuxer-webm: 4f35f7cbe854078d1ac9338744f61a02 -> 
  custom:video-encoder-webm-vp8: eb34c28f22e8b96e1ab97ce403110664 -> 
  custom:video-codec-MediaFoundation-h265: 746d11721c4dcdbdad8f713fa42b33f4 -> 
  custom:audio-encoder-webm-vorbis: bf7c407c2cedff20999df2af8eb42d56 -> 
  custom:framework-win-MediaFoundation: 216162199b28c13a410421893ffa2e32 -> 
  custom:container-demuxer-ogg: 62fdf1f143b41e24485cea50d1cbac27 -> 
  custom:video-decoder-webm-vp8: 9c59270c3fd7afecdb556c50c9e8de78 -> 
  custom:audio-decoder-ogg-vorbis: bf7c407c2cedff20999df2af8eb42d56 -> 
========================================================================
Received Import Request.
  Time since last request: 11911.616321 seconds.
  path: Assets/XR/Samples/Google Cardboard XR Plugin for Unity/1.21.0/Hello Cardboard/Prefabs/Scissors.prefab
  artifactKey: Guid(0e1d58efb5ab7d048851a053aa262367) Importer(815301076,1909f56bfc062723c751e8b465ee728b)
Start importing Assets/XR/Samples/Google Cardboard XR Plugin for Unity/1.21.0/Hello Cardboard/Prefabs/Scissors.prefab using Guid(0e1d58efb5ab7d048851a053aa262367) Importer(815301076,1909f56bfc062723c751e8b465ee728b)  -> (artifact id: 'b17876b82a568a675454fbe40677cd49') in 0.301756 seconds 
========================================================================
Received Import Request.
  Time since last request: 0.000029 seconds.
  path: Assets/XR/Samples/Google Cardboard XR Plugin for Unity/1.21.0/Hello Cardboard/Prefabs/LevelsBlackBoard.prefab
  artifactKey: Guid(e44ca4471a0d271449629ba384ca0c13) Importer(815301076,1909f56bfc062723c751e8b465ee728b)
Start importing Assets/XR/Samples/Google Cardboard XR Plugin for Unity/1.21.0/Hello Cardboard/Prefabs/LevelsBlackBoard.prefab using Guid(e44ca4471a0d271449629ba384ca0c13) Importer(815301076,1909f56bfc062723c751e8b465ee728b)  -> (artifact id: '05344a037466cb24389419397c07a709') in 0.031043 seconds 
========================================================================
Received Import Request.
  Time since last request: 0.000040 seconds.
  path: Assets/XR/Samples/Google Cardboard XR Plugin for Unity/1.21.0/Hello Cardboard/Prefabs/TestTube_Stand.prefab
  artifactKey: Guid(f74ff7e7f4fd933499ee68fc18eca81e) Importer(815301076,1909f56bfc062723c751e8b465ee728b)
Start importing Assets/XR/Samples/Google Cardboard XR Plugin for Unity/1.21.0/Hello Cardboard/Prefabs/TestTube_Stand.prefab using Guid(f74ff7e7f4fd933499ee68fc18eca81e) Importer(815301076,1909f56bfc062723c751e8b465ee728b)  -> (artifact id: '3955f5bcd6d42c845fa1886eaf40caa3') in 0.026408 seconds 
========================================================================
Received Import Request.
  Time since last request: 0.000015 seconds.
  path: Assets/XR/Samples/Google Cardboard XR Plugin for Unity/1.21.0/Hello Cardboard/Prefabs/Flask.prefab
  artifactKey: Guid(2bb923a19ff801240b277a3e92d0f924) Importer(815301076,1909f56bfc062723c751e8b465ee728b)
Start importing Assets/XR/Samples/Google Cardboard XR Plugin for Unity/1.21.0/Hello Cardboard/Prefabs/Flask.prefab using Guid(2bb923a19ff801240b277a3e92d0f924) Importer(815301076,1909f56bfc062723c751e8b465ee728b)  -> (artifact id: 'ed0bdc1d99728afe918c980e9502c1e7') in 0.032709 seconds 
========================================================================
Received Import Request.
  Time since last request: 0.000019 seconds.
  path: Assets/XR/Samples/Google Cardboard XR Plugin for Unity/1.21.0/Hello Cardboard/Prefabs/Skeleton.prefab
  artifactKey: Guid(5f9a67d471e154846a097bbdd2db996f) Importer(815301076,1909f56bfc062723c751e8b465ee728b)
Start importing Assets/XR/Samples/Google Cardboard XR Plugin for Unity/1.21.0/Hello Cardboard/Prefabs/Skeleton.prefab using Guid(5f9a67d471e154846a097bbdd2db996f) Importer(815301076,1909f56bfc062723c751e8b465ee728b)  -> (artifact id: '80e172364e40802418a6a04ff855d58f') in 0.058840 seconds 
========================================================================
Received Import Request.
  Time since last request: 0.000034 seconds.
  path: Assets/XR/Samples/Google Cardboard XR Plugin for Unity/1.21.0/Hello Cardboard/Prefabs/Scalpel.prefab
  artifactKey: Guid(aac202d9ccbf49a40af159ce469eb523) Importer(815301076,1909f56bfc062723c751e8b465ee728b)
Start importing Assets/XR/Samples/Google Cardboard XR Plugin for Unity/1.21.0/Hello Cardboard/Prefabs/Scalpel.prefab using Guid(aac202d9ccbf49a40af159ce469eb523) Importer(815301076,1909f56bfc062723c751e8b465ee728b)  -> (artifact id: 'fc5a817b3379c84e2f0d6592d8fe99ad') in 0.052507 seconds 
========================================================================
Received Import Request.
  Time since last request: 0.000022 seconds.
  path: Assets/XR/Samples/Google Cardboard XR Plugin for Unity/1.21.0/Hello Cardboard/Prefabs/Book.prefab
  artifactKey: Guid(7574196ff3a444249af47ae5ff8c8ec1) Importer(815301076,1909f56bfc062723c751e8b465ee728b)
Start importing Assets/XR/Samples/Google Cardboard XR Plugin for Unity/1.21.0/Hello Cardboard/Prefabs/Book.prefab using Guid(7574196ff3a444249af47ae5ff8c8ec1) Importer(815301076,1909f56bfc062723c751e8b465ee728b)  -> (artifact id: '23619d457efe035667d2fdeb7f375af7') in 0.022001 seconds 
========================================================================
Received Import Request.
  Time since last request: 0.000024 seconds.
  path: Assets/XR/Samples/Google Cardboard XR Plugin for Unity/1.21.0/Hello Cardboard/Prefabs/MetalTable.prefab
  artifactKey: Guid(f629bccf184c1854ba1d281372c9e48c) Importer(815301076,1909f56bfc062723c751e8b465ee728b)
Start importing Assets/XR/Samples/Google Cardboard XR Plugin for Unity/1.21.0/Hello Cardboard/Prefabs/MetalTable.prefab using Guid(f629bccf184c1854ba1d281372c9e48c) Importer(815301076,1909f56bfc062723c751e8b465ee728b)  -> (artifact id: '6df49d7741c1b92747eb8683aa9d2681') in 0.016776 seconds 
========================================================================
Received Import Request.
  Time since last request: 0.000032 seconds.
  path: Assets/XR/Samples/Google Cardboard XR Plugin for Unity/1.21.0/Hello Cardboard/Prefabs/TestTube.prefab
  artifactKey: Guid(b4022c09da7dbd942bdec6c8d0c69d4f) Importer(815301076,1909f56bfc062723c751e8b465ee728b)
Start importing Assets/XR/Samples/Google Cardboard XR Plugin for Unity/1.21.0/Hello Cardboard/Prefabs/TestTube.prefab using Guid(b4022c09da7dbd942bdec6c8d0c69d4f) Importer(815301076,1909f56bfc062723c751e8b465ee728b)  -> (artifact id: '5c2d2fe790b0ea44398e117d0ab24fed') in 0.017222 seconds 
Editor requested this worker to shutdown with reason: Scaling down because of idle timeout
AssetImportWorker is now disconnected from the server
Process exiting
Exiting without the bug reporter. Application will terminate with return code 0