Using pre-set license
Built from '2021.3/staging' branch; Version is '2021.3.26f1 (a16dc32e0ff2) revision 10579395'; Using compiler version '192829333'; Build Type 'Release'
OS: 'Windows 11  (10.0.22621) 64bit Professional' Language: 'ru' Physical Memory: 15587 MB
BatchMode: 1, IsHumanControllingUs: 0, StartBugReporterOnCrash: 0, Is64bit: 1, IsPro: 1

COMMAND LINE ARGUMENTS:
C:\Program Files\Unity\Hub\Editor\2021.3.26f1\Editor\Unity.exe
-adb2
-batchMode
-noUpm
-name
AssetImportWorker33
-projectPath
C:/Users/Asus/Documents/GitHub/Tech2023/Tecna/Tecna
-logFile
Logs/AssetImportWorker33.log
-srvPort
54795
Successfully changed project path to: C:/Users/Asus/Documents/GitHub/Tech2023/Tecna/Tecna
C:/Users/Asus/Documents/GitHub/Tech2023/Tecna/Tecna
[UnityMemory] Configuration Parameters - Can be set up in boot.config
    "memorysetup-bucket-allocator-granularity=16"
    "memorysetup-bucket-allocator-bucket-count=8"
    "memorysetup-bucket-allocator-block-size=33554432"
    "memorysetup-bucket-allocator-block-count=8"
    "memorysetup-main-allocator-block-size=16777216"
    "memorysetup-thread-allocator-block-size=16777216"
    "memorysetup-gfx-main-allocator-block-size=16777216"
    "memorysetup-gfx-thread-allocator-block-size=16777216"
    "memorysetup-cache-allocator-block-size=4194304"
    "memorysetup-typetree-allocator-block-size=2097152"
    "memorysetup-profiler-bucket-allocator-granularity=16"
    "memorysetup-profiler-bucket-allocator-bucket-count=8"
    "memorysetup-profiler-bucket-allocator-block-size=33554432"
    "memorysetup-profiler-bucket-allocator-block-count=8"
    "memorysetup-profiler-allocator-block-size=16777216"
    "memorysetup-profiler-editor-allocator-block-size=1048576"
    "memorysetup-temp-allocator-size-main=16777216"
    "memorysetup-job-temp-allocator-block-size=2097152"
    "memorysetup-job-temp-allocator-block-size-background=1048576"
    "memorysetup-job-temp-allocator-reduction-small-platforms=262144"
    "memorysetup-temp-allocator-size-background-worker=32768"
    "memorysetup-temp-allocator-size-job-worker=262144"
    "memorysetup-temp-allocator-size-preload-manager=33554432"
    "memorysetup-temp-allocator-size-nav-mesh-worker=65536"
    "memorysetup-temp-allocator-size-audio-worker=65536"
    "memorysetup-temp-allocator-size-cloud-worker=32768"
    "memorysetup-temp-allocator-size-gi-baking-worker=262144"
    "memorysetup-temp-allocator-size-gfx=262144"
Player connection [129632] Host "[IP] 192.168.1.102 [Port] 0 [Flags] 2 [Guid] 1076183518 [EditorId] 1076183518 [Version] 1048832 [Id] WindowsEditor(7,DESKTOP-SQBOMCG) [Debug] 1 [PackageName] WindowsEditor [ProjectName] Editor" joined multi-casting on [225.0.0.222:54997]...

Player connection [129632] Host "[IP] 192.168.1.102 [Port] 0 [Flags] 2 [Guid] 1076183518 [EditorId] 1076183518 [Version] 1048832 [Id] WindowsEditor(7,DESKTOP-SQBOMCG) [Debug] 1 [PackageName] WindowsEditor [ProjectName] Editor" joined alternative multi-casting on [225.0.0.222:34997]...

Refreshing native plugins compatible for Editor in 58.57 ms, found 3 plugins.
Preloading 0 native plugins for Editor in 0.00 ms.
Initialize engine version: 2021.3.26f1 (a16dc32e0ff2)
[Subsystems] Discovering subsystems at path C:/Program Files/Unity/Hub/Editor/2021.3.26f1/Editor/Data/Resources/UnitySubsystems
[Subsystems] Discovering subsystems at path C:/Users/Asus/Documents/GitHub/Tech2023/Tecna/Tecna/Assets
GfxDevice: creating device client; threaded=0; jobified=0
Direct3D:
    Version:  Direct3D 11.0 [level 11.1]
    Renderer: NVIDIA GeForce RTX 4060 Laptop GPU (ID=0x28e0)
    Vendor:   NVIDIA
    VRAM:     7971 MB
    Driver:   31.0.15.3640
Initialize mono
Mono path[0] = 'C:/Program Files/Unity/Hub/Editor/2021.3.26f1/Editor/Data/Managed'
Mono path[1] = 'C:/Program Files/Unity/Hub/Editor/2021.3.26f1/Editor/Data/MonoBleedingEdge/lib/mono/unityjit-win32'
Mono config path = 'C:/Program Files/Unity/Hub/Editor/2021.3.26f1/Editor/Data/MonoBleedingEdge/etc'
Using monoOptions --debugger-agent=transport=dt_socket,embedding=1,server=y,suspend=n,address=127.0.0.1:56732
Begin MonoManager ReloadAssembly
Registering precompiled unity dll's ...
Register platform support module: C:/Program Files/Unity/Hub/Editor/2021.3.26f1/Editor/Data/PlaybackEngines/AndroidPlayer/UnityEditor.Android.Extensions.dll
Register platform support module: C:/Program Files/Unity/Hub/Editor/2021.3.26f1/Editor/Data/PlaybackEngines/iOSSupport/UnityEditor.iOS.Extensions.dll
Register platform support module: C:/Program Files/Unity/Hub/Editor/2021.3.26f1/Editor/Data/PlaybackEngines/WindowsStandaloneSupport/UnityEditor.WindowsStandalone.Extensions.dll
Registered in 0.004325 seconds.
Native extension for WindowsStandalone target not found
[usbmuxd] Start listen thread
[usbmuxd] Listen thread started
Native extension for iOS target not found
Native extension for Android target not found
Android Extension - Scanning For ADB Devices 346 ms
Refreshing native plugins compatible for Editor in 62.10 ms, found 3 plugins.
Preloading 0 native plugins for Editor in 0.00 ms.
Mono: successfully reloaded assembly
- Completed reload, in  0.942 seconds
Domain Reload Profiling:
	ReloadAssembly (943ms)
		BeginReloadAssembly (74ms)
			ExecutionOrderSort (0ms)
			DisableScriptedObjects (0ms)
			BackupInstance (0ms)
			ReleaseScriptingObjects (0ms)
			CreateAndSetChildDomain (1ms)
		EndReloadAssembly (778ms)
			LoadAssemblies (74ms)
			RebuildTransferFunctionScriptingTraits (0ms)
			SetupTypeCache (97ms)
			ReleaseScriptCaches (0ms)
			RebuildScriptCaches (23ms)
			SetupLoadedEditorAssemblies (618ms)
				LogAssemblyErrors (0ms)
				InitializePlatformSupportModulesInManaged (428ms)
				SetLoadedEditorAssemblies (0ms)
				RefreshPlugins (62ms)
				BeforeProcessingInitializeOnLoad (1ms)
				ProcessInitializeOnLoadAttributes (85ms)
				ProcessInitializeOnLoadMethodAttributes (41ms)
				AfterProcessingInitializeOnLoad (0ms)
				EditorAssembliesLoaded (0ms)
			ExecutionOrderSort2 (0ms)
			AwakeInstancesAfterBackupRestoration (0ms)
Platform modules already initialized, skipping
Registering precompiled user dll's ...
Registered in 0.002780 seconds.
Begin MonoManager ReloadAssembly
Symbol file LoadedFromMemory doesn't match image C:\Users\Asus\Documents\GitHub\Tech2023\Tecna\Tecna\Library\PackageCache\com.unity.visualscripting@1.8.0\Editor\VisualScripting.Core\Dependencies\YamlDotNet\Unity.VisualScripting.YamlDotNet.dll
Symbol file LoadedFromMemory doesn't match image C:\Users\Asus\Documents\GitHub\Tech2023\Tecna\Tecna\Library\PackageCache\com.unity.visualscripting@1.8.0\Editor\VisualScripting.Core\Dependencies\DotNetZip\Unity.VisualScripting.IonicZip.dll
Native extension for WindowsStandalone target not found
Native extension for iOS target not found
Native extension for Android target not found
Refreshing native plugins compatible for Editor in 0.57 ms, found 3 plugins.
Preloading 0 native plugins for Editor in 0.00 ms.
Mono: successfully reloaded assembly
- Completed reload, in  0.762 seconds
Domain Reload Profiling:
	ReloadAssembly (763ms)
		BeginReloadAssembly (92ms)
			ExecutionOrderSort (0ms)
			DisableScriptedObjects (5ms)
			BackupInstance (0ms)
			ReleaseScriptingObjects (0ms)
			CreateAndSetChildDomain (19ms)
		EndReloadAssembly (588ms)
			LoadAssemblies (70ms)
			RebuildTransferFunctionScriptingTraits (0ms)
			SetupTypeCache (219ms)
			ReleaseScriptCaches (0ms)
			RebuildScriptCaches (35ms)
			SetupLoadedEditorAssemblies (237ms)
				LogAssemblyErrors (0ms)
				InitializePlatformSupportModulesInManaged (25ms)
				SetLoadedEditorAssemblies (0ms)
				RefreshPlugins (1ms)
				BeforeProcessingInitializeOnLoad (52ms)
				ProcessInitializeOnLoadAttributes (142ms)
				ProcessInitializeOnLoadMethodAttributes (13ms)
				AfterProcessingInitializeOnLoad (4ms)
				EditorAssembliesLoaded (0ms)
			ExecutionOrderSort2 (0ms)
			AwakeInstancesAfterBackupRestoration (4ms)
Platform modules already initialized, skipping
========================================================================
Worker process is ready to serve import requests
Launched and connected shader compiler UnityShaderCompiler.exe after 0.06 seconds
Refreshing native plugins compatible for Editor in 0.89 ms, found 3 plugins.
Preloading 0 native plugins for Editor in 0.00 ms.
Unloading 3100 Unused Serialized files (Serialized files now loaded: 0)
Unloading 22 unused Assets / (284.6 KB). Loaded Objects now: 3571.
Memory consumption went from 117.1 MB to 116.8 MB.
Total: 2.661700 ms (FindLiveObjects: 0.232300 ms CreateObjectMapping: 0.083000 ms MarkObjects: 2.274100 ms  DeleteObjects: 0.071000 ms)

AssetImportParameters requested are different than current active one (requested -> active):
  custom:video-decoder-ogg-theora: a1e56fd34408186e4bbccfd4996cb3dc -> 
  custom:container-muxer-webm: aa71ff27fc2769a1b78a27578f13a17b -> 
  custom:container-demuxer-webm: 4f35f7cbe854078d1ac9338744f61a02 -> 
  custom:video-encoder-webm-vp8: eb34c28f22e8b96e1ab97ce403110664 -> 
  custom:video-codec-MediaFoundation-h265: 746d11721c4dcdbdad8f713fa42b33f4 -> 
  custom:audio-encoder-webm-vorbis: bf7c407c2cedff20999df2af8eb42d56 -> 
  custom:framework-win-MediaFoundation: 216162199b28c13a410421893ffa2e32 -> 
  custom:container-demuxer-ogg: 62fdf1f143b41e24485cea50d1cbac27 -> 
  custom:video-decoder-webm-vp8: 9c59270c3fd7afecdb556c50c9e8de78 -> 
  custom:audio-decoder-ogg-vorbis: bf7c407c2cedff20999df2af8eb42d56 -> 
========================================================================
Received Import Request.
  Time since last request: 561065.765785 seconds.
  path: Assets/3D_Objects/ceilinglight-updated
  artifactKey: Guid(c65e40c46d10ebc49bdba6cfaf77f7d9) Importer(815301076,1909f56bfc062723c751e8b465ee728b)
Start importing Assets/3D_Objects/ceilinglight-updated using Guid(c65e40c46d10ebc49bdba6cfaf77f7d9) Importer(815301076,1909f56bfc062723c751e8b465ee728b)  -> (artifact id: '64c2fa527ac766e1f3edd001f9cb98b4') in 0.014035 seconds 
========================================================================
Received Import Request.
  Time since last request: 11.602910 seconds.
  path: Assets/3D_Objects/CeilingLight
  artifactKey: Guid(c65e40c46d10ebc49bdba6cfaf77f7d9) Importer(815301076,1909f56bfc062723c751e8b465ee728b)
Start importing Assets/3D_Objects/CeilingLight using Guid(c65e40c46d10ebc49bdba6cfaf77f7d9) Importer(815301076,1909f56bfc062723c751e8b465ee728b)  -> (artifact id: 'b2949dd8ff912fc2ad3f54ba230d3ef0') in 0.010282 seconds 
========================================================================
Received Import Request.
  Time since last request: 1.781729 seconds.
  path: Assets/3D_Objects/CeilingLight/model
  artifactKey: Guid(75fcdd321cce1184da3935d23c431e79) Importer(815301076,1909f56bfc062723c751e8b465ee728b)
Start importing Assets/3D_Objects/CeilingLight/model using Guid(75fcdd321cce1184da3935d23c431e79) Importer(815301076,1909f56bfc062723c751e8b465ee728b)  -> (artifact id: '5881c922c8db4c3187129edc011f9749') in 0.004394 seconds 
========================================================================
Received Import Request.
  Time since last request: 0.072352 seconds.
  path: Assets/3D_Objects/CeilingLight/model/model.dae
  artifactKey: Guid(e1fb07f7c0915a843adb18f5477b4afb) Importer(815301076,1909f56bfc062723c751e8b465ee728b)
Start importing Assets/3D_Objects/CeilingLight/model/model.dae using Guid(e1fb07f7c0915a843adb18f5477b4afb) Importer(815301076,1909f56bfc062723c751e8b465ee728b)  -> (artifact id: '826767d1b604b3a010cc8e3827fe3c7a') in 0.301688 seconds 
========================================================================
Received Import Request.
  Time since last request: 3.112680 seconds.
  path: Assets/3D_Objects/CeilingLight/model/textures
  artifactKey: Guid(0959623c08ea0d7419679a3e42beb20b) Importer(815301076,1909f56bfc062723c751e8b465ee728b)
Start importing Assets/3D_Objects/CeilingLight/model/textures using Guid(0959623c08ea0d7419679a3e42beb20b) Importer(815301076,1909f56bfc062723c751e8b465ee728b)  -> (artifact id: '6d12cbe10d5f8fe41305453243f52b0b') in 0.001857 seconds 
========================================================================
Received Import Request.
  Time since last request: 0.070572 seconds.
  path: Assets/3D_Objects/CeilingLight/model/textures/aiStandardSurface6SG_albedo.jpg
  artifactKey: Guid(3aa308f478a8f884eb7b122f88c9f222) Importer(815301076,1909f56bfc062723c751e8b465ee728b)
Start importing Assets/3D_Objects/CeilingLight/model/textures/aiStandardSurface6SG_albedo.jpg using Guid(3aa308f478a8f884eb7b122f88c9f222) Importer(815301076,1909f56bfc062723c751e8b465ee728b)  -> (artifact id: 'df5751e9f75b92dd13da65e1d619c592') in 0.024826 seconds 
========================================================================
Received Import Request.
  Time since last request: 0.000027 seconds.
  path: Assets/3D_Objects/CeilingLight/model/textures/aiStandardSurface8SG_emissive.jpg
  artifactKey: Guid(9bee324f507078c4bb371daaf036c745) Importer(815301076,1909f56bfc062723c751e8b465ee728b)
Start importing Assets/3D_Objects/CeilingLight/model/textures/aiStandardSurface8SG_emissive.jpg using Guid(9bee324f507078c4bb371daaf036c745) Importer(815301076,1909f56bfc062723c751e8b465ee728b)  -> (artifact id: '37cdfb77ff0e38580cd5c6e84b6b1c02') in 0.012621 seconds 
========================================================================
Received Import Request.
  Time since last request: 0.000024 seconds.
  path: Assets/3D_Objects/CeilingLight/model/textures/aiStandardSurface6SG_normal.png
  artifactKey: Guid(790f849e69e13a646aa5170af4ca2c65) Importer(815301076,1909f56bfc062723c751e8b465ee728b)
Start importing Assets/3D_Objects/CeilingLight/model/textures/aiStandardSurface6SG_normal.png using Guid(790f849e69e13a646aa5170af4ca2c65) Importer(815301076,1909f56bfc062723c751e8b465ee728b)  -> (artifact id: '2fc93022e7aff3b7ee57848dfed02112') in 0.016159 seconds 
========================================================================
Received Import Request.
  Time since last request: 0.000017 seconds.
  path: Assets/3D_Objects/CeilingLight/model/textures/aiStandardSurface8SG_albedo.jpg
  artifactKey: Guid(a322bfc2f035f964aa4882328402f68b) Importer(815301076,1909f56bfc062723c751e8b465ee728b)
Start importing Assets/3D_Objects/CeilingLight/model/textures/aiStandardSurface8SG_albedo.jpg using Guid(a322bfc2f035f964aa4882328402f68b) Importer(815301076,1909f56bfc062723c751e8b465ee728b)  -> (artifact id: 'ea8ba5632972ec8fe810d85d8e3f395d') in 0.012896 seconds 
========================================================================
Received Import Request.
  Time since last request: 0.000027 seconds.
  path: Assets/3D_Objects/CeilingLight/model/textures/aiStandardSurface8SG_roughness.jpg
  artifactKey: Guid(8d54925beb91a7546ba17f8980885900) Importer(815301076,1909f56bfc062723c751e8b465ee728b)
Start importing Assets/3D_Objects/CeilingLight/model/textures/aiStandardSurface8SG_roughness.jpg using Guid(8d54925beb91a7546ba17f8980885900) Importer(815301076,1909f56bfc062723c751e8b465ee728b)  -> (artifact id: 'cf1b795fc075cc53b8b64a3513f859ea') in 0.014778 seconds 
========================================================================
Received Import Request.
  Time since last request: 0.000024 seconds.
  path: Assets/3D_Objects/CeilingLight/model/textures/CuttingMetal_MATSG_albedo.jpg
  artifactKey: Guid(82cae0fd7d8b8304bbab828144d62fc0) Importer(815301076,1909f56bfc062723c751e8b465ee728b)
Start importing Assets/3D_Objects/CeilingLight/model/textures/CuttingMetal_MATSG_albedo.jpg using Guid(82cae0fd7d8b8304bbab828144d62fc0) Importer(815301076,1909f56bfc062723c751e8b465ee728b)  -> (artifact id: '116cd2d94fcd3a6b1135ab44eabc9e12') in 0.016031 seconds 
========================================================================
Received Import Request.
  Time since last request: 0.000037 seconds.
  path: Assets/3D_Objects/CeilingLight/model/textures/CuttingMetal_MATSG_normal.png
  artifactKey: Guid(6c0a6f4cead9e5746a05517dc8781e08) Importer(815301076,1909f56bfc062723c751e8b465ee728b)
Start importing Assets/3D_Objects/CeilingLight/model/textures/CuttingMetal_MATSG_normal.png using Guid(6c0a6f4cead9e5746a05517dc8781e08) Importer(815301076,1909f56bfc062723c751e8b465ee728b)  -> (artifact id: '1f0f5917f7bb7e0b913a483db10c5e62') in 0.013512 seconds 
========================================================================
Received Import Request.
  Time since last request: 0.000027 seconds.
  path: Assets/3D_Objects/CeilingLight/model/textures/aiStandardSurface8SG_normal.png
  artifactKey: Guid(5edc791303df8a94d975fe4cbee82dfb) Importer(815301076,1909f56bfc062723c751e8b465ee728b)
Start importing Assets/3D_Objects/CeilingLight/model/textures/aiStandardSurface8SG_normal.png using Guid(5edc791303df8a94d975fe4cbee82dfb) Importer(815301076,1909f56bfc062723c751e8b465ee728b)  -> (artifact id: '5ef722e450e2516f54bea2bb420345ef') in 0.017985 seconds 
Editor requested this worker to shutdown with reason: Scaling down because of idle timeout
AssetImportWorker is now disconnected from the server
Process exiting
Exiting without the bug reporter. Application will terminate with return code 0